<?xml version="1.0" encoding="UTF-8"?>
<testsuites name="TS001 Create Campaign with negative testing" time="759" tests="27" failures="0" errors="0">
   <testsuite name="TS001 Create Campaign with negative testing" tests="27" failures="0" errors="0" time="759" timestamp="2018-07-24 14:09:24" hostname="kl.chan - KaiLoon0917.mk.macrokiosk.com" id="Test Suites/TS_Create_Campaign/TS001 Create Campaign with negative testing">
      <properties>
[...]
</properties>
      <testcase name="Test Cases/Sign Up/Package Subscribe/Module Access/subscribe_package_free" classname="Test Cases/Sign Up/Package Subscribe/Module Access/subscribe_package_free" status="PASSED">
         <system-out><![CDATA[2018-07-24 14:09:24 - [TEST_CASE][PASSED] - Test Cases/Sign Up/Package Subscribe/Module Access/subscribe_package_free: Test Cases/Sign Up/Package Subscribe/Module Access/subscribe_package_free

2018-07-24 14:09:24 - [TEST_STEP][PASSED] - Statement - If (openBrowser == false): Call Test Case 'Test Cases/Sign Up/Package Subscribe/Module Access/package_home_URL' successfully

2018-07-24 14:09:25 - [TEST_STEP][PASSED] - callTestCase: Call Test Case 'Test Cases/Sign Up/Package Subscribe/Module Access/package_home_URL' successfully

2018-07-24 14:09:25 - [TEST_CASE][PASSED] - Test Cases/Sign Up/Package Subscribe/Module Access/package_home_URL: Test Cases/Sign Up/Package Subscribe/Module Access/package_home_URL

2018-07-24 14:09:25 - [TEST_STEP][PASSED] - openBrowser: Browser is opened with url: 'http://sit.boldreward.com/home.html'

2018-07-24 14:09:37 - [MESSAGE][PASSED] - Browser is opened with url: 'http://sit.boldreward.com/home.html'

2018-07-24 14:09:37 - [TEST_STEP][PASSED] - maximizeWindow: Current window maximized

2018-07-24 14:09:38 - [MESSAGE][PASSED] - Current window maximized

2018-07-24 14:09:38 - [TEST_STEP][PASSED] - Statement - viewport_width = com.kms.katalon.core.webui.keyword.WebUiBuiltInKeywords.getViewportWidth(): Viewport width is 800

2018-07-24 14:09:38 - [MESSAGE][PASSED] - Viewport width is 800

2018-07-24 14:09:38 - [TEST_STEP][PASSED] - Statement - openBrowser = true: null

2018-07-24 14:09:38 - [MESSAGE][PASSED] - Call Test Case 'Test Cases/Sign Up/Package Subscribe/Module Access/package_home_URL' successfully

2018-07-24 14:09:38 - [TEST_STEP][PASSED] - waitForElementVisible: Object 'Object Repository/Package_Selection_OR/signup_free_link' is visible

2018-07-24 14:09:38 - [MESSAGE][PASSED] - Object 'Object Repository/Package_Selection_OR/signup_free_link' is visible

2018-07-24 14:09:38 - [TEST_STEP][PASSED] - click: Object: 'Object Repository/Package_Selection_OR/signup_free_link' is clicked on

2018-07-24 14:09:40 - [MESSAGE][PASSED] - Object: 'Object Repository/Package_Selection_OR/signup_free_link' is clicked on

2018-07-24 14:09:40 - [TEST_STEP][PASSED] - Statement - randomWords = CustomKeywords.randomWords.GenerateNumber.randomString(4): randomWords.GenerateNumber.randomString is PASSED

2018-07-24 14:09:40 - [MESSAGE][PASSED] - randomWords.GenerateNumber.randomString is PASSED

2018-07-24 14:09:40 - [TEST_STEP][PASSED] - Statement - If (username.trim() != ""): null

2018-07-24 14:09:40 - [TEST_STEP][PASSED] - Statement - username = username + randomWords: null

2018-07-24 14:09:40 - [TEST_STEP][PASSED] - setText: Text 'altest236Ayh' is set on object 'Object Repository/Signup_Form_User_Details_OR/a.first_name_input'

2018-07-24 14:09:40 - [MESSAGE][PASSED] - Text 'altest236Ayh' is set on object 'Object Repository/Signup_Form_User_Details_OR/a.first_name_input'

2018-07-24 14:09:40 - [TEST_STEP][PASSED] - setText: Text 'Last Name' is set on object 'Object Repository/Signup_Form_User_Details_OR/b.last_name_input'

2018-07-24 14:09:40 - [MESSAGE][PASSED] - Text 'Last Name' is set on object 'Object Repository/Signup_Form_User_Details_OR/b.last_name_input'

2018-07-24 14:09:40 - [TEST_STEP][PASSED] - setText: Text 'altest236Ayh' is set on object 'Object Repository/Signup_Form_User_Details_OR/c.username_input'

2018-07-24 14:09:41 - [MESSAGE][PASSED] - Text 'altest236Ayh' is set on object 'Object Repository/Signup_Form_User_Details_OR/c.username_input'

2018-07-24 14:09:41 - [TEST_STEP][PASSED] - setMaskedText: Text '********' is set on object 'Object Repository/Signup_Form_User_Details_OR/d.password_input'

2018-07-24 14:09:41 - [MESSAGE][PASSED] - Text '********' is set on object 'Object Repository/Signup_Form_User_Details_OR/d.password_input'

2018-07-24 14:09:41 - [TEST_STEP][PASSED] - setMaskedText: Text '********' is set on object 'Object Repository/Signup_Form_User_Details_OR/e.confirm_password_input'

2018-07-24 14:09:41 - [MESSAGE][PASSED] - Text '********' is set on object 'Object Repository/Signup_Form_User_Details_OR/e.confirm_password_input'

2018-07-24 14:09:41 - [TEST_STEP][PASSED] - setText: Text 'kl.chan@macrokiosk.com' is set on object 'Object Repository/Signup_Form_User_Details_OR/f.email_input'

2018-07-24 14:09:41 - [MESSAGE][PASSED] - Text 'kl.chan@macrokiosk.com' is set on object 'Object Repository/Signup_Form_User_Details_OR/f.email_input'

2018-07-24 14:09:41 - [TEST_STEP][PASSED] - setText: Text '123456789' is set on object 'Object Repository/Signup_Form_User_Details_OR/g.contact_input'

2018-07-24 14:09:41 - [MESSAGE][PASSED] - Text '123456789' is set on object 'Object Repository/Signup_Form_User_Details_OR/g.contact_input'

2018-07-24 14:09:41 - [TEST_STEP][PASSED] - setText: Text 'Macrokiosk' is set on object 'Object Repository/Signup_Form_User_Details_OR/h.company_input'

2018-07-24 14:09:42 - [MESSAGE][PASSED] - Text 'Macrokiosk' is set on object 'Object Repository/Signup_Form_User_Details_OR/h.company_input'

2018-07-24 14:09:42 - [TEST_STEP][PASSED] - setText: Text 'Software Tester' is set on object 'Object Repository/Signup_Form_User_Details_OR/i.position_input'

2018-07-24 14:09:42 - [MESSAGE][PASSED] - Text 'Software Tester' is set on object 'Object Repository/Signup_Form_User_Details_OR/i.position_input'

2018-07-24 14:09:42 - [TEST_STEP][PASSED] - setText: Text 'Engagement Solution' is set on object 'Object Repository/Signup_Form_User_Details_OR/j.business_input'

2018-07-24 14:09:42 - [MESSAGE][PASSED] - Text 'Engagement Solution' is set on object 'Object Repository/Signup_Form_User_Details_OR/j.business_input'

2018-07-24 14:09:42 - [TEST_STEP][PASSED] - click: Object: 'Object Repository/Signup_Form_User_Details_OR/k.button_Register' is clicked on

2018-07-24 14:09:42 - [MESSAGE][PASSED] - Object: 'Object Repository/Signup_Form_User_Details_OR/k.button_Register' is clicked on

2018-07-24 14:09:42 - [TEST_STEP][PASSED] - waitForElementVisible: Object 'Object Repository/Account_Module_OR/package_name' is visible

2018-07-24 14:09:51 - [MESSAGE][PASSED] - Object 'Object Repository/Account_Module_OR/package_name' is visible

2018-07-24 14:09:51 - [TEST_STEP][PASSED] - verifyElementText: Actual text and expected text of test object 'Object Repository/Account_Module_OR/package_name' are matched.

2018-07-24 14:09:51 - [MESSAGE][PASSED] - Actual text and expected text of test object 'Object Repository/Account_Module_OR/package_name' are matched.

2018-07-24 14:09:51 - [TEST_STEP][PASSED] - Statement - loggedin = true: null]]></system-out>
         <system-err><![CDATA[]]></system-err>
      </testcase>
      <testcase name="Test Cases/Merchant Portal/Campaign/TC001 Campaign - verify all case" classname="Test Cases/Merchant Portal/Campaign/TC001 Campaign - verify all case" status="PASSED">
         <system-out><![CDATA[2018-07-24 14:09:51 - [TEST_CASE][PASSED] - Test Cases/Merchant Portal/Campaign/TC001 Campaign - verify all case: Test Cases/Merchant Portal/Campaign/TC001 Campaign - verify all case

2018-07-24 14:09:51 - [TEST_STEP][PASSED] - Statement - randomWords = CustomKeywords.randomWords.GenerateNumber.randomString(4): randomWords.GenerateNumber.randomString is PASSED

2018-07-24 14:09:51 - [MESSAGE][PASSED] - randomWords.GenerateNumber.randomString is PASSED

2018-07-24 14:09:51 - [TEST_STEP][PASSED] - Statement - If (companyName.trim() != ""): null

2018-07-24 14:09:51 - [TEST_STEP][PASSED] - Statement - If (campaignInstruc.trim() != ""): null

2018-07-24 14:09:51 - [TEST_STEP][PASSED] - Statement - campaignInstruc = campaignInstruc + randomWords: null

2018-07-24 14:09:51 - [TEST_STEP][PASSED] - Statement - If (emailSender.trim() != ""): null

2018-07-24 14:09:51 - [TEST_STEP][PASSED] - Statement - email = emailSender: null

2018-07-24 14:09:51 - [TEST_STEP][PASSED] - Statement - splitEmail = email.split("@"): null

2018-07-24 14:09:51 - [TEST_STEP][PASSED] - Statement - numb = length: null

2018-07-24 14:09:51 - [TEST_STEP][PASSED] - Statement - If (numb > 1): null

2018-07-24 14:09:51 - [TEST_STEP][PASSED] - Statement - emailSender = splitEmail[0] + randomWords + "@" + splitEmail[1]: null

2018-07-24 14:09:51 - [TEST_STEP][PASSED] - Statement - If (emailSubject.trim() != ""): null

2018-07-24 14:09:51 - [TEST_STEP][PASSED] - Statement - emailSubject = emailSubject + randomWords: null

2018-07-24 14:09:51 - [TEST_STEP][PASSED] - Statement - If (emailContent.trim() != ""): null

2018-07-24 14:09:51 - [TEST_STEP][PASSED] - Statement - emailContent = emailContent + randomWords: null

2018-07-24 14:09:51 - [TEST_STEP][PASSED] - callTestCase: Call Test Case 'Test Cases/Merchant Portal/Campaign/Campagin Modules/create campaign' successfully

2018-07-24 14:09:52 - [TEST_CASE][PASSED] - Test Cases/Merchant Portal/Campaign/Campagin Modules/create campaign: Test Cases/Merchant Portal/Campaign/Campagin Modules/create campaign

2018-07-24 14:09:52 - [TEST_STEP][PASSED] - Statement - osName = "": null

2018-07-24 14:09:52 - [TEST_STEP][PASSED] - Statement - osName = CustomKeywords.os.DetectOS.getOperatingSystem(osName): os.DetectOS.getOperatingSystem is PASSED

2018-07-24 14:09:52 - [MESSAGE][PASSED] - os.DetectOS.getOperatingSystem is PASSED

2018-07-24 14:09:52 - [TEST_STEP][PASSED] - Statement - splitString = osName.split(): null

2018-07-24 14:09:52 - [TEST_STEP][PASSED] - Statement - os = splitString[0].toString(): null

2018-07-24 14:09:52 - [TEST_STEP][PASSED] - Statement - If (loggedin == false): null

2018-07-24 14:09:52 - [TEST_STEP][PASSED] - Statement - If (accessModule == false): Call Test Case 'Test Cases/Merchant Portal/Module Access/Campaign' successfully

2018-07-24 14:09:52 - [TEST_STEP][PASSED] - callTestCase: Call Test Case 'Test Cases/Merchant Portal/Module Access/Campaign' successfully

2018-07-24 14:09:52 - [TEST_CASE][PASSED] - Test Cases/Merchant Portal/Module Access/Campaign: Test Cases/Merchant Portal/Module Access/Campaign

2018-07-24 14:09:52 - [TEST_STEP][PASSED] - Statement - If (viewport_width <= 1007): Object: 'Object Repository/a.Not_Assigned_OR/menu_bar' is clicked on

2018-07-24 14:09:52 - [TEST_STEP][PASSED] - click: Object: 'Object Repository/a.Not_Assigned_OR/menu_bar' is clicked on

2018-07-24 14:09:52 - [MESSAGE][PASSED] - Object: 'Object Repository/a.Not_Assigned_OR/menu_bar' is clicked on

2018-07-24 14:09:52 - [TEST_STEP][PASSED] - click: Object: 'Object Repository/Campaign_OR/campaign_link_sidebar' is clicked on

2018-07-24 14:09:53 - [MESSAGE][PASSED] - Object: 'Object Repository/Campaign_OR/campaign_link_sidebar' is clicked on

2018-07-24 14:09:53 - [TEST_STEP][PASSED] - Statement - If (viewport_width <= 1007): Object: 'Object Repository/a.Not_Assigned_OR/menu_bar' is clicked on

2018-07-24 14:09:53 - [TEST_STEP][PASSED] - click: Object: 'Object Repository/a.Not_Assigned_OR/menu_bar' is clicked on

2018-07-24 14:09:53 - [MESSAGE][PASSED] - Object: 'Object Repository/a.Not_Assigned_OR/menu_bar' is clicked on

2018-07-24 14:09:53 - [TEST_STEP][PASSED] - Statement - accessModule = true: null

2018-07-24 14:09:53 - [MESSAGE][PASSED] - Call Test Case 'Test Cases/Merchant Portal/Module Access/Campaign' successfully

2018-07-24 14:09:53 - [TEST_STEP][PASSED] - delay: Delayed 5 second(s)

2018-07-24 14:09:58 - [MESSAGE][PASSED] - Delayed 5 second(s)

2018-07-24 14:09:58 - [TEST_STEP][PASSED] - setText: Text '' is set on object 'Object Repository/Campaign_OR/Fields/a.input_company_name'

2018-07-24 14:09:58 - [MESSAGE][PASSED] - Text '' is set on object 'Object Repository/Campaign_OR/Fields/a.input_company_name'

2018-07-24 14:09:58 - [TEST_STEP][PASSED] - setText: Text 'Please subscribe with us and redeem a free coffee. Come join us now!b2DG' is set on object 'Object Repository/Campaign_OR/Fields/b.textarea_campaign_instruction'

2018-07-24 14:09:58 - [MESSAGE][PASSED] - Text 'Please subscribe with us and redeem a free coffee. Come join us now!b2DG' is set on object 'Object Repository/Campaign_OR/Fields/b.textarea_campaign_instruction'

2018-07-24 14:09:58 - [TEST_STEP][PASSED] - Statement - verifyEmail = false: null

2018-07-24 14:09:58 - [TEST_STEP][PASSED] - Statement - If (radioEmail.toLowerCase() == "true"): null

2018-07-24 14:09:58 - [TEST_STEP][PASSED] - Statement - verifyEmail = true: null

2018-07-24 14:09:58 - [TEST_STEP][PASSED] - Statement - If (verifyEmail == true): Object 'Object Repository/Campaign_OR/input_email' is visible

2018-07-24 14:09:58 - [TEST_STEP][PASSED] - Statement - If (com.kms.katalon.core.webui.keyword.WebUiBuiltInKeywords.verifyElementNotChecked(com.kms.katalon.core.testobject.ObjectRepository.findTestObject(Campaign_OR/Fields/c.checkbox_email), 1, OPTIONAL)): Object 'Object Repository/Campaign_OR/input_email' is visible

2018-07-24 14:09:58 - [MESSAGE][PASSED] - Object 'Object Repository/Campaign_OR/Fields/c.checkbox_email' is not checked

2018-07-24 14:09:58 - [TEST_STEP][PASSED] - delay: Delayed 1 second(s)

2018-07-24 14:09:59 - [MESSAGE][PASSED] - Delayed 1 second(s)

2018-07-24 14:09:59 - [TEST_STEP][PASSED] - click: Object: 'Object Repository/Campaign_OR/Fields/c.checkbox_email' is clicked on

2018-07-24 14:09:59 - [MESSAGE][PASSED] - Object: 'Object Repository/Campaign_OR/Fields/c.checkbox_email' is clicked on

2018-07-24 14:09:59 - [TEST_STEP][PASSED] - verifyElementVisible: Object 'Object Repository/Campaign_OR/input_email' is visible

2018-07-24 14:09:59 - [MESSAGE][PASSED] - Object 'Object Repository/Campaign_OR/input_email' is visible

2018-07-24 14:09:59 - [TEST_STEP][PASSED] - Statement - verifyMobileno = false: null

2018-07-24 14:09:59 - [TEST_STEP][PASSED] - Statement - If (radioMobileno.toLowerCase() == "true"): null

2018-07-24 14:09:59 - [TEST_STEP][PASSED] - Statement - If (verifyMobileno == true): null

2018-07-24 14:09:59 - [TEST_STEP][PASSED] - Statement - Else If (verifyMobileno == false): Object 'Object Repository/Campaign_OR/input_mobileno' is NOT visible

2018-07-24 14:09:59 - [TEST_STEP][PASSED] - Statement - If (com.kms.katalon.core.webui.keyword.WebUiBuiltInKeywords.verifyElementChecked(com.kms.katalon.core.testobject.ObjectRepository.findTestObject(Campaign_OR/Fields/d.checkbox_mobile_number), 1, OPTIONAL)): Object 'Object Repository/Campaign_OR/Fields/d.checkbox_mobile_number' is not checked

2018-07-24 14:10:00 - [MESSAGE][WARNING] - Object 'Object Repository/Campaign_OR/Fields/d.checkbox_mobile_number' is not checked
[[ATTACHMENT|C:\\Users\\kl.chan\\Katalon Studio\\boldreward\\Reports\\TS_Create_Campaign\\TS001 Create Campaign with negative testing\\20180724_140922\\1532412600073.png]]

2018-07-24 14:10:00 - [TEST_STEP][PASSED] - Statement - Else: Object 'Object Repository/Campaign_OR/input_mobileno' is NOT visible

2018-07-24 14:10:00 - [TEST_STEP][PASSED] - verifyElementNotVisible: Object 'Object Repository/Campaign_OR/input_mobileno' is NOT visible

2018-07-24 14:10:00 - [MESSAGE][PASSED] - Object 'Object Repository/Campaign_OR/input_mobileno' is NOT visible

2018-07-24 14:10:00 - [TEST_STEP][PASSED] - Statement - verifyName = false: null

2018-07-24 14:10:00 - [TEST_STEP][PASSED] - Statement - If (radioName.toLowerCase() == "true"): null

2018-07-24 14:10:00 - [TEST_STEP][PASSED] - Statement - If (verifyName == true): null

2018-07-24 14:10:00 - [TEST_STEP][PASSED] - Statement - Else If (verifyName == false): Object 'Object Repository/Campaign_OR/input_name' is NOT visible

2018-07-24 14:10:00 - [TEST_STEP][PASSED] - Statement - If (com.kms.katalon.core.webui.keyword.WebUiBuiltInKeywords.verifyElementChecked(com.kms.katalon.core.testobject.ObjectRepository.findTestObject(Campaign_OR/Fields/e.checkbox_name), 1, OPTIONAL)): Object 'Object Repository/Campaign_OR/Fields/e.checkbox_name' is not checked

2018-07-24 14:10:00 - [MESSAGE][WARNING] - Object 'Object Repository/Campaign_OR/Fields/e.checkbox_name' is not checked
[[ATTACHMENT|C:\\Users\\kl.chan\\Katalon Studio\\boldreward\\Reports\\TS_Create_Campaign\\TS001 Create Campaign with negative testing\\20180724_140922\\1532412600451.png]]

2018-07-24 14:10:00 - [TEST_STEP][PASSED] - Statement - Else: Object 'Object Repository/Campaign_OR/input_name' is NOT visible

2018-07-24 14:10:00 - [TEST_STEP][PASSED] - verifyElementNotVisible: Object 'Object Repository/Campaign_OR/input_name' is NOT visible

2018-07-24 14:10:00 - [MESSAGE][PASSED] - Object 'Object Repository/Campaign_OR/input_name' is NOT visible

2018-07-24 14:10:00 - [TEST_STEP][PASSED] - Statement - verifyGender = false: null

2018-07-24 14:10:00 - [TEST_STEP][PASSED] - Statement - If (radioGender.toLowerCase() == "true"): null

2018-07-24 14:10:00 - [TEST_STEP][PASSED] - Statement - If (verifyGender == true): null

2018-07-24 14:10:00 - [TEST_STEP][PASSED] - Statement - Else If (verifyGender == false): Object 'Object Repository/Campaign_OR/label_Female' is NOT visible

2018-07-24 14:10:00 - [TEST_STEP][PASSED] - Statement - If (com.kms.katalon.core.webui.keyword.WebUiBuiltInKeywords.verifyElementChecked(com.kms.katalon.core.testobject.ObjectRepository.findTestObject(Campaign_OR/Fields/f.checkbox_gender), 1, OPTIONAL)): Object 'Object Repository/Campaign_OR/Fields/f.checkbox_gender' is not checked

2018-07-24 14:10:01 - [MESSAGE][WARNING] - Object 'Object Repository/Campaign_OR/Fields/f.checkbox_gender' is not checked
[[ATTACHMENT|C:\\Users\\kl.chan\\Katalon Studio\\boldreward\\Reports\\TS_Create_Campaign\\TS001 Create Campaign with negative testing\\20180724_140922\\1532412600815.png]]

2018-07-24 14:10:01 - [TEST_STEP][PASSED] - Statement - Else: Object 'Object Repository/Campaign_OR/label_Female' is NOT visible

2018-07-24 14:10:01 - [TEST_STEP][PASSED] - verifyElementNotVisible: Object 'Object Repository/Campaign_OR/label_Male' is NOT visible

2018-07-24 14:10:01 - [MESSAGE][PASSED] - Object 'Object Repository/Campaign_OR/label_Male' is NOT visible

2018-07-24 14:10:01 - [TEST_STEP][PASSED] - verifyElementNotVisible: Object 'Object Repository/Campaign_OR/label_Female' is NOT visible

2018-07-24 14:10:01 - [MESSAGE][PASSED] - Object 'Object Repository/Campaign_OR/label_Female' is NOT visible

2018-07-24 14:10:01 - [TEST_STEP][PASSED] - Statement - verifyDOB = false: null

2018-07-24 14:10:01 - [TEST_STEP][PASSED] - Statement - If (radioDOB.toLowerCase() == "true"): null

2018-07-24 14:10:01 - [TEST_STEP][PASSED] - Statement - If (verifyDOB == true): null

2018-07-24 14:10:01 - [TEST_STEP][PASSED] - Statement - Else If (verifyDOB == false): Object 'Object Repository/Campaign_OR/input_datepicker' is NOT visible

2018-07-24 14:10:01 - [TEST_STEP][PASSED] - Statement - If (com.kms.katalon.core.webui.keyword.WebUiBuiltInKeywords.verifyElementChecked(com.kms.katalon.core.testobject.ObjectRepository.findTestObject(Campaign_OR/Fields/g.checkbox_dob), 1, OPTIONAL)): Object 'Object Repository/Campaign_OR/Fields/g.checkbox_dob' is not checked

2018-07-24 14:10:01 - [MESSAGE][WARNING] - Object 'Object Repository/Campaign_OR/Fields/g.checkbox_dob' is not checked
[[ATTACHMENT|C:\\Users\\kl.chan\\Katalon Studio\\boldreward\\Reports\\TS_Create_Campaign\\TS001 Create Campaign with negative testing\\20180724_140922\\1532412601227.png]]

2018-07-24 14:10:01 - [TEST_STEP][PASSED] - Statement - Else: Object 'Object Repository/Campaign_OR/input_datepicker' is NOT visible

2018-07-24 14:10:01 - [TEST_STEP][PASSED] - verifyElementNotVisible: Object 'Object Repository/Campaign_OR/input_datepicker' is NOT visible

2018-07-24 14:10:01 - [MESSAGE][PASSED] - Object 'Object Repository/Campaign_OR/input_datepicker' is NOT visible

2018-07-24 14:10:01 - [TEST_STEP][PASSED] - Statement - filepath = "": null

2018-07-24 14:10:01 - [TEST_STEP][PASSED] - Statement - If (os == "Windows"): null

2018-07-24 14:10:01 - [TEST_STEP][PASSED] - Statement - filepath = campaignImagePath: null

2018-07-24 14:10:01 - [TEST_STEP][PASSED] - Statement - verifyImgName = "": null

2018-07-24 14:10:01 - [TEST_STEP][PASSED] - Statement - uploadedImg = false: null

2018-07-24 14:10:01 - [TEST_STEP][PASSED] - Statement - If (filepath.trim() != "" && campaignImage.trim() != ""): null

2018-07-24 14:10:01 - [TEST_STEP][PASSED] - sendKeys: Keys 'C:\Users\kl.chan\Katalon Studio\boldreward\Images\Campaign Image\starbucks copy.jpg' sent to object: 'Object Repository/Campaign_OR/Fields/h.button_campaign_image_1'

2018-07-24 14:10:01 - [MESSAGE][PASSED] - Keys 'C:\Users\kl.chan\Katalon Studio\boldreward\Images\Campaign Image\starbucks copy.jpg' sent to object: 'Object Repository/Campaign_OR/Fields/h.button_campaign_image_1'

2018-07-24 14:10:01 - [TEST_STEP][PASSED] - delay: Delayed 1 second(s)

2018-07-24 14:10:02 - [MESSAGE][PASSED] - Delayed 1 second(s)

2018-07-24 14:10:02 - [TEST_STEP][PASSED] - Statement - If (com.kms.katalon.core.webui.keyword.WebUiBuiltInKeywords.waitForElementVisible(com.kms.katalon.core.testobject.ObjectRepository.findTestObject(Campaign_OR/uploadedCampaignImg), 30)): null

2018-07-24 14:10:02 - [MESSAGE][PASSED] - Object 'Object Repository/Campaign_OR/uploadedCampaignImg' is visible

2018-07-24 14:10:02 - [TEST_STEP][PASSED] - Statement - verifyImgName = com.kms.katalon.core.webui.keyword.WebUiBuiltInKeywords.getText(com.kms.katalon.core.testobject.ObjectRepository.findTestObject(Campaign_OR/uploadedCampaignImg)): Text of object 'Object Repository/Campaign_OR/uploadedCampaignImg' is: 'starbucks copy.jpg'

2018-07-24 14:10:02 - [MESSAGE][PASSED] - Text of object 'Object Repository/Campaign_OR/uploadedCampaignImg' is: 'starbucks copy.jpg'

2018-07-24 14:10:02 - [TEST_STEP][PASSED] - Statement - If (verifyImgName.equals(campaignImage) == true): null

2018-07-24 14:10:02 - [TEST_STEP][PASSED] - Statement - uploadedImg = true: null

2018-07-24 14:10:02 - [TEST_STEP][PASSED] - setText: Text 'http://www.starbucks.com.my/' is set on object 'Object Repository/Campaign_OR/Fields/i.k.input_tnc'

2018-07-24 14:10:02 - [MESSAGE][PASSED] - Text 'http://www.starbucks.com.my/' is set on object 'Object Repository/Campaign_OR/Fields/i.k.input_tnc'

2018-07-24 14:10:02 - [TEST_STEP][PASSED] - setText: Text 'kl.chanb2DG@macrokiosk.com' is set on object 'Object Repository/Campaign_OR/Fields/j.input_sender'

2018-07-24 14:10:03 - [MESSAGE][PASSED] - Text 'kl.chanb2DG@macrokiosk.com' is set on object 'Object Repository/Campaign_OR/Fields/j.input_sender'

2018-07-24 14:10:03 - [TEST_STEP][PASSED] - setText: Text 'Starbucks Reserve @ SITb2DG' is set on object 'Object Repository/Campaign_OR/Fields/k.input_subject'

2018-07-24 14:10:03 - [MESSAGE][PASSED] - Text 'Starbucks Reserve @ SITb2DG' is set on object 'Object Repository/Campaign_OR/Fields/k.input_subject'

2018-07-24 14:10:03 - [TEST_STEP][PASSED] - setText: Text 'Hello User, Welcome to our Starbucks Reserve @ SIT. Come subscribe with us and redeem more rewards.b2DG' is set on object 'Object Repository/Campaign_OR/Fields/l.textarea_content'

2018-07-24 14:10:03 - [MESSAGE][PASSED] - Text 'Hello User, Welcome to our Starbucks Reserve @ SIT. Come subscribe with us and redeem more rewards.b2DG' is set on object 'Object Repository/Campaign_OR/Fields/l.textarea_content'

2018-07-24 14:10:03 - [TEST_STEP][PASSED] - Statement - filepath = "": null

2018-07-24 14:10:03 - [TEST_STEP][PASSED] - Statement - If (os == "Windows"): null

2018-07-24 14:10:03 - [TEST_STEP][PASSED] - Statement - filepath = companyLogoPath: null

2018-07-24 14:10:03 - [TEST_STEP][PASSED] - Statement - verifyImgName = "": null

2018-07-24 14:10:03 - [TEST_STEP][PASSED] - Statement - uploadedImg = false: null

2018-07-24 14:10:03 - [TEST_STEP][PASSED] - Statement - reuploadCount = 0: null

2018-07-24 14:10:03 - [TEST_STEP][PASSED] - Statement - If (filepath.trim() != "" && companyLogo.trim() != ""): null

2018-07-24 14:10:03 - [TEST_STEP][PASSED] - sendKeys: Keys 'C:\Users\kl.chan\Katalon Studio\boldreward\Images\Company Logo\starbucks logo.jpg' sent to object: 'Object Repository/Campaign_OR/Fields/m.button_company_logo_1'

2018-07-24 14:10:03 - [MESSAGE][PASSED] - Keys 'C:\Users\kl.chan\Katalon Studio\boldreward\Images\Company Logo\starbucks logo.jpg' sent to object: 'Object Repository/Campaign_OR/Fields/m.button_company_logo_1'

2018-07-24 14:10:03 - [TEST_STEP][PASSED] - delay: Delayed 1 second(s)

2018-07-24 14:10:04 - [MESSAGE][PASSED] - Delayed 1 second(s)

2018-07-24 14:10:04 - [TEST_STEP][PASSED] - Statement - If (com.kms.katalon.core.webui.keyword.WebUiBuiltInKeywords.waitForElementVisible(com.kms.katalon.core.testobject.ObjectRepository.findTestObject(Campaign_OR/uploadedCompanyLogo), 30)): null

2018-07-24 14:10:04 - [MESSAGE][PASSED] - Object 'Object Repository/Campaign_OR/uploadedCompanyLogo' is visible

2018-07-24 14:10:04 - [TEST_STEP][PASSED] - Statement - verifyImgName = com.kms.katalon.core.webui.keyword.WebUiBuiltInKeywords.getText(com.kms.katalon.core.testobject.ObjectRepository.findTestObject(Campaign_OR/uploadedCompanyLogo)): Text of object 'Object Repository/Campaign_OR/uploadedCompanyLogo' is: 'starbucks logo.jpg'

2018-07-24 14:10:05 - [MESSAGE][PASSED] - Text of object 'Object Repository/Campaign_OR/uploadedCompanyLogo' is: 'starbucks logo.jpg'

2018-07-24 14:10:05 - [TEST_STEP][PASSED] - Statement - If (verifyImgName.equals(companyLogo) == true): null

2018-07-24 14:10:05 - [TEST_STEP][PASSED] - Statement - uploadedImg = true: null

2018-07-24 14:10:05 - [TEST_STEP][PASSED] - Statement - If (rewardCode == true): null

2018-07-24 14:10:05 - [TEST_STEP][PASSED] - Statement - Else If (rewardCode == false): Object: 'Object Repository/Campaign_OR/Fields/n.label_No' is clicked on

2018-07-24 14:10:05 - [TEST_STEP][PASSED] - click: Object: 'Object Repository/Campaign_OR/Fields/n.label_No' is clicked on

2018-07-24 14:10:05 - [MESSAGE][PASSED] - Object: 'Object Repository/Campaign_OR/Fields/n.label_No' is clicked on

2018-07-24 14:10:05 - [TEST_STEP][PASSED] - verifyElementChecked: Object 'Object Repository/Campaign_OR/Fields/radio_No' is checked

2018-07-24 14:10:05 - [MESSAGE][PASSED] - Object 'Object Repository/Campaign_OR/Fields/radio_No' is checked

2018-07-24 14:10:05 - [TEST_STEP][PASSED] - verifyElementChecked: Object 'Object Repository/Campaign_OR/Fields/radio_Yes' is not checked

2018-07-24 14:10:05 - [MESSAGE][WARNING] - Object 'Object Repository/Campaign_OR/Fields/radio_Yes' is not checked
[[ATTACHMENT|C:\\Users\\kl.chan\\Katalon Studio\\boldreward\\Reports\\TS_Create_Campaign\\TS001 Create Campaign with negative testing\\20180724_140922\\1532412605187.png]]

2018-07-24 14:10:05 - [TEST_STEP][PASSED] - click: Object: 'Object Repository/Campaign_OR/button_Save' is clicked on

2018-07-24 14:10:05 - [MESSAGE][PASSED] - Object: 'Object Repository/Campaign_OR/button_Save' is clicked on

2018-07-24 14:10:05 - [TEST_STEP][PASSED] - delay: Delayed 2 second(s)

2018-07-24 14:10:07 - [MESSAGE][PASSED] - Delayed 2 second(s)

2018-07-24 14:10:07 - [MESSAGE][PASSED] - Call Test Case 'Test Cases/Merchant Portal/Campaign/Campagin Modules/create campaign' successfully

2018-07-24 14:10:07 - [TEST_STEP][PASSED] - Statement - updateFailed = false: null

2018-07-24 14:10:07 - [TEST_STEP][PASSED] - Statement - If (com.kms.katalon.core.webui.keyword.WebUiBuiltInKeywords.waitForElementVisible(com.kms.katalon.core.testobject.ObjectRepository.findTestObject(a.Not_Assigned_OR/alert_msg_top), 3)): null

2018-07-24 14:10:07 - [MESSAGE][PASSED] - Object 'Object Repository/a.Not_Assigned_OR/alert_msg_top' is visible

2018-07-24 14:10:07 - [TEST_STEP][PASSED] - Statement - verifyPopoutMsg = com.kms.katalon.core.webui.keyword.WebUiBuiltInKeywords.getText(com.kms.katalon.core.testobject.ObjectRepository.findTestObject(a.Not_Assigned_OR/alert_msg_top)): Text of object 'Object Repository/a.Not_Assigned_OR/alert_msg_top' is: 'Oops! Invalid inputs, please try again.'

2018-07-24 14:10:07 - [MESSAGE][PASSED] - Text of object 'Object Repository/a.Not_Assigned_OR/alert_msg_top' is: 'Oops! Invalid inputs, please try again.'

2018-07-24 14:10:07 - [TEST_STEP][PASSED] - Statement - If (verifyPopoutMsg.equals(msgServer) == true): null

2018-07-24 14:10:07 - [TEST_STEP][PASSED] - Statement - updateFailed = true: null

2018-07-24 14:10:07 - [TEST_STEP][PASSED] - Statement - updateSuccess = false: null

2018-07-24 14:10:07 - [TEST_STEP][PASSED] - Statement - If (com.kms.katalon.core.webui.keyword.WebUiBuiltInKeywords.waitForElementVisible(com.kms.katalon.core.testobject.ObjectRepository.findTestObject(Campaign_OR/Error Message/msg_edit_success), 3)): Web element with id: 'Object Repository/Campaign_OR/Error Message/msg_edit_success' located by 'By.xpath: id("errorMessage")/p[@class="error-block"]' not found

2018-07-24 14:10:10 - [MESSAGE][WARNING] - Web element with id: 'Object Repository/Campaign_OR/Error Message/msg_edit_success' located by 'By.xpath: id("errorMessage")/p[@class="error-block"]' not found

2018-07-24 14:10:10 - [TEST_STEP][PASSED] - Statement - createSuccess = false: null

2018-07-24 14:10:10 - [TEST_STEP][PASSED] - Statement - If (com.kms.katalon.core.webui.keyword.WebUiBuiltInKeywords.waitForElementVisible(com.kms.katalon.core.testobject.ObjectRepository.findTestObject(Home_OR/label_home), 3)): Web element with id: 'Object Repository/Home_OR/label_home' located by 'By.xpath: id("wrapper")/div[@class="content-page"]/div[@class="content"]/div[@class="ng-scope"]/div[@class="ng-scope"]/div[@class="page-heading"]/h1[1][count(. | //h1[(text() = ' Home' or . = ' Home')]) = count(//h1[(text() = ' Home' or . = ' Home')])]' not found

2018-07-24 14:10:13 - [MESSAGE][WARNING] - Web element with id: 'Object Repository/Home_OR/label_home' located by 'By.xpath: id("wrapper")/div[@class="content-page"]/div[@class="content"]/div[@class="ng-scope"]/div[@class="ng-scope"]/div[@class="page-heading"]/h1[1][count(. | //h1[(text() = ' Home' or . = ' Home')]) = count(//h1[(text() = ' Home' or . = ' Home')])]' not found

2018-07-24 14:10:13 - [TEST_STEP][PASSED] - Statement - If (updateSuccess == true): null

2018-07-24 14:10:13 - [TEST_STEP][PASSED] - Statement - Else If (updateFailed == true): null

2018-07-24 14:10:13 - [TEST_STEP][PASSED] - Statement - verifyError = false: null

2018-07-24 14:10:13 - [TEST_STEP][PASSED] - Statement - If (companyName.trim() == ""): null

2018-07-24 14:10:13 - [TEST_STEP][PASSED] - verifyElementVisible: Object 'Object Repository/Campaign_OR/Error Message/msg_company_name' is visible

2018-07-24 14:10:13 - [MESSAGE][PASSED] - Object 'Object Repository/Campaign_OR/Error Message/msg_company_name' is visible

2018-07-24 14:10:13 - [TEST_STEP][PASSED] - Statement - verifyEmptyCompanyName = com.kms.katalon.core.webui.keyword.WebUiBuiltInKeywords.getText(com.kms.katalon.core.testobject.ObjectRepository.findTestObject(Campaign_OR/Error Message/msg_company_name)): Text of object 'Object Repository/Campaign_OR/Error Message/msg_company_name' is: 'Please complete this field.'

2018-07-24 14:10:13 - [MESSAGE][PASSED] - Text of object 'Object Repository/Campaign_OR/Error Message/msg_company_name' is: 'Please complete this field.'

2018-07-24 14:10:13 - [TEST_STEP][PASSED] - verifyMatch: Actual text 'Please complete this field.' and expected text 'Please complete this field.' are matched  using regular expression

2018-07-24 14:10:13 - [MESSAGE][PASSED] - Actual text 'Please complete this field.' and expected text 'Please complete this field.' are matched  using regular expression

2018-07-24 14:10:13 - [TEST_STEP][PASSED] - Statement - verifyError = true: null

2018-07-24 14:10:13 - [TEST_STEP][PASSED] - Statement - If (campaignInstruc.trim() == ""): null

2018-07-24 14:10:13 - [TEST_STEP][PASSED] - Statement - If (radioEmail.toLowerCase() == "false"): null

2018-07-24 14:10:13 - [TEST_STEP][PASSED] - Statement - campaignImgName = com.kms.katalon.core.webui.keyword.WebUiBuiltInKeywords.getText(com.kms.katalon.core.testobject.ObjectRepository.findTestObject(Campaign_OR/uploadedCampaignImg)): Text of object 'Object Repository/Campaign_OR/uploadedCampaignImg' is: 'starbucks copy.jpg'

2018-07-24 14:10:13 - [MESSAGE][PASSED] - Text of object 'Object Repository/Campaign_OR/uploadedCampaignImg' is: 'starbucks copy.jpg'

2018-07-24 14:10:13 - [TEST_STEP][PASSED] - Statement - If (campaignImgName == ""): null

2018-07-24 14:10:13 - [TEST_STEP][PASSED] - Statement - If (emailSender.trim() == ""): null

2018-07-24 14:10:13 - [TEST_STEP][PASSED] - Statement - If (emailSubject.trim() == ""): null

2018-07-24 14:10:13 - [TEST_STEP][PASSED] - Statement - If (emailContent.trim() == ""): null

2018-07-24 14:10:13 - [TEST_STEP][PASSED] - Statement - companyLogoName = com.kms.katalon.core.webui.keyword.WebUiBuiltInKeywords.getText(com.kms.katalon.core.testobject.ObjectRepository.findTestObject(Campaign_OR/uploadedCompanyLogo)): Text of object 'Object Repository/Campaign_OR/uploadedCompanyLogo' is: 'starbucks logo.jpg'

2018-07-24 14:10:13 - [MESSAGE][PASSED] - Text of object 'Object Repository/Campaign_OR/uploadedCompanyLogo' is: 'starbucks logo.jpg'

2018-07-24 14:10:13 - [TEST_STEP][PASSED] - Statement - If (companyLogoName == ""): null

2018-07-24 14:10:13 - [TEST_STEP][PASSED] - Statement - If (com.kms.katalon.core.webui.keyword.WebUiBuiltInKeywords.waitForElementVisible(com.kms.katalon.core.testobject.ObjectRepository.findTestObject(Campaign_OR/Error Message/msg_cpgn_image2), 2)): Web element with id: 'Object Repository/Campaign_OR/Error Message/msg_cpgn_image2' located by 'By.xpath: id("campaignImage")/p[@class="error-block ng-binding"][count(. | //p[@class = 'error-block ng-binding' and @ng-hide = 'CC.errorImage == 200 || CC.errorImage == undefined']) = count(//p[@class = 'error-block ng-binding' and @ng-hide = 'CC.errorImage == 200 || CC.errorImage == undefined'])]' not found

2018-07-24 14:10:16 - [MESSAGE][WARNING] - Web element with id: 'Object Repository/Campaign_OR/Error Message/msg_cpgn_image2' located by 'By.xpath: id("campaignImage")/p[@class="error-block ng-binding"][count(. | //p[@class = 'error-block ng-binding' and @ng-hide = 'CC.errorImage == 200 || CC.errorImage == undefined']) = count(//p[@class = 'error-block ng-binding' and @ng-hide = 'CC.errorImage == 200 || CC.errorImage == undefined'])]' not found

2018-07-24 14:10:16 - [TEST_STEP][PASSED] - Statement - If (com.kms.katalon.core.webui.keyword.WebUiBuiltInKeywords.waitForElementVisible(com.kms.katalon.core.testobject.ObjectRepository.findTestObject(Campaign_OR/Error Message/msg_TCURL), 2)): Web element with id: 'Object Repository/Campaign_OR/Error Message/msg_TCURL' located by 'By.xpath: id("wrapper")/div[@class="content-page"]/div[@class="content"]/div[@class="ng-scope"]/div[@class="row ng-scope"]/div[@class="col-md-7"]/div[@class="widget"]/div[@class="widget-content padding"]/div[@class="form-horizontal"]/div[@class="form-group"]/div[@id="tncUrl"]/p[@class="error-block"][count(. | //p[(text() = 'Invalid format, please follow as http://wwww.example.com' or . = 'Invalid format, please follow as http://wwww.example.com')]) = count(//p[(text() = 'Invalid format, please follow as http://wwww.example.com' or . = 'Invalid format, please follow as http://wwww.example.com')])]' not found

2018-07-24 14:10:18 - [MESSAGE][WARNING] - Web element with id: 'Object Repository/Campaign_OR/Error Message/msg_TCURL' located by 'By.xpath: id("wrapper")/div[@class="content-page"]/div[@class="content"]/div[@class="ng-scope"]/div[@class="row ng-scope"]/div[@class="col-md-7"]/div[@class="widget"]/div[@class="widget-content padding"]/div[@class="form-horizontal"]/div[@class="form-group"]/div[@id="tncUrl"]/p[@class="error-block"][count(. | //p[(text() = 'Invalid format, please follow as http://wwww.example.com' or . = 'Invalid format, please follow as http://wwww.example.com')]) = count(//p[(text() = 'Invalid format, please follow as http://wwww.example.com' or . = 'Invalid format, please follow as http://wwww.example.com')])]' not found

2018-07-24 14:10:18 - [TEST_STEP][PASSED] - Statement - If (emailSender.trim() != ""): Web element with id: 'Object Repository/Campaign_OR/Error Message/msg_sender' located by 'By.xpath: id("emailSender")/p[@class="error-block"]' not found

2018-07-24 14:10:18 - [TEST_STEP][PASSED] - Statement - If (com.kms.katalon.core.webui.keyword.WebUiBuiltInKeywords.waitForElementVisible(com.kms.katalon.core.testobject.ObjectRepository.findTestObject(Campaign_OR/Error Message/msg_sender), 2)): Web element with id: 'Object Repository/Campaign_OR/Error Message/msg_sender' located by 'By.xpath: id("emailSender")/p[@class="error-block"]' not found

2018-07-24 14:10:20 - [MESSAGE][WARNING] - Web element with id: 'Object Repository/Campaign_OR/Error Message/msg_sender' located by 'By.xpath: id("emailSender")/p[@class="error-block"]' not found

2018-07-24 14:10:20 - [TEST_STEP][PASSED] - Statement - If (com.kms.katalon.core.webui.keyword.WebUiBuiltInKeywords.waitForElementVisible(com.kms.katalon.core.testobject.ObjectRepository.findTestObject(Campaign_OR/Error Message/msg_company_logo), 2)): Web element with id: 'Object Repository/Campaign_OR/Error Message/msg_company_logo' located by 'By.xpath: id("companyLogo")/p[@class="error-block ng-binding"][count(. | //p[@class = 'error-block ng-binding' and @ng-hide = 'CC.errorLogo == 200 || CC.errorLogo == undefined']) = count(//p[@class = 'error-block ng-binding' and @ng-hide = 'CC.errorLogo == 200 || CC.errorLogo == undefined'])]' not found

2018-07-24 14:10:22 - [MESSAGE][WARNING] - Web element with id: 'Object Repository/Campaign_OR/Error Message/msg_company_logo' located by 'By.xpath: id("companyLogo")/p[@class="error-block ng-binding"][count(. | //p[@class = 'error-block ng-binding' and @ng-hide = 'CC.errorLogo == 200 || CC.errorLogo == undefined']) = count(//p[@class = 'error-block ng-binding' and @ng-hide = 'CC.errorLogo == 200 || CC.errorLogo == undefined'])]' not found

2018-07-24 14:10:22 - [TEST_STEP][PASSED] - refresh: Refresh successfully

2018-07-24 14:10:22 - [MESSAGE][PASSED] - Refresh successfully

2018-07-24 14:10:22 - [TEST_STEP][PASSED] - Statement - If (verifyError == false): null]]></system-out>
         <system-err><![CDATA[]]></system-err>
      </testcase>
      <testcase name="Test Cases/Merchant Portal/Campaign/TC001 Campaign - verify all case" classname="Test Cases/Merchant Portal/Campaign/TC001 Campaign - verify all case" status="PASSED">
         <system-out><![CDATA[2018-07-24 14:10:22 - [TEST_CASE][PASSED] - Test Cases/Merchant Portal/Campaign/TC001 Campaign - verify all case: Test Cases/Merchant Portal/Campaign/TC001 Campaign - verify all case

2018-07-24 14:10:23 - [TEST_STEP][PASSED] - Statement - randomWords = CustomKeywords.randomWords.GenerateNumber.randomString(4): randomWords.GenerateNumber.randomString is PASSED

2018-07-24 14:10:23 - [MESSAGE][PASSED] - randomWords.GenerateNumber.randomString is PASSED

2018-07-24 14:10:23 - [TEST_STEP][PASSED] - Statement - If (companyName.trim() != ""): null

2018-07-24 14:10:23 - [TEST_STEP][PASSED] - Statement - If (campaignInstruc.trim() != ""): null

2018-07-24 14:10:23 - [TEST_STEP][PASSED] - Statement - campaignInstruc = campaignInstruc + randomWords: null

2018-07-24 14:10:23 - [TEST_STEP][PASSED] - Statement - If (emailSender.trim() != ""): null

2018-07-24 14:10:23 - [TEST_STEP][PASSED] - Statement - email = emailSender: null

2018-07-24 14:10:23 - [TEST_STEP][PASSED] - Statement - splitEmail = email.split("@"): null

2018-07-24 14:10:23 - [TEST_STEP][PASSED] - Statement - numb = length: null

2018-07-24 14:10:23 - [TEST_STEP][PASSED] - Statement - If (numb > 1): null

2018-07-24 14:10:23 - [TEST_STEP][PASSED] - Statement - emailSender = splitEmail[0] + randomWords + "@" + splitEmail[1]: null

2018-07-24 14:10:23 - [TEST_STEP][PASSED] - Statement - If (emailSubject.trim() != ""): null

2018-07-24 14:10:23 - [TEST_STEP][PASSED] - Statement - emailSubject = emailSubject + randomWords: null

2018-07-24 14:10:23 - [TEST_STEP][PASSED] - Statement - If (emailContent.trim() != ""): null

2018-07-24 14:10:23 - [TEST_STEP][PASSED] - Statement - emailContent = emailContent + randomWords: null

2018-07-24 14:10:23 - [TEST_STEP][PASSED] - callTestCase: Call Test Case 'Test Cases/Merchant Portal/Campaign/Campagin Modules/create campaign' successfully

2018-07-24 14:10:23 - [TEST_CASE][PASSED] - Test Cases/Merchant Portal/Campaign/Campagin Modules/create campaign: Test Cases/Merchant Portal/Campaign/Campagin Modules/create campaign

2018-07-24 14:10:23 - [TEST_STEP][PASSED] - Statement - osName = "": null

2018-07-24 14:10:23 - [TEST_STEP][PASSED] - Statement - osName = CustomKeywords.os.DetectOS.getOperatingSystem(osName): os.DetectOS.getOperatingSystem is PASSED

2018-07-24 14:10:23 - [MESSAGE][PASSED] - os.DetectOS.getOperatingSystem is PASSED

2018-07-24 14:10:23 - [TEST_STEP][PASSED] - Statement - splitString = osName.split(): null

2018-07-24 14:10:23 - [TEST_STEP][PASSED] - Statement - os = splitString[0].toString(): null

2018-07-24 14:10:23 - [TEST_STEP][PASSED] - Statement - If (loggedin == false): null

2018-07-24 14:10:23 - [TEST_STEP][PASSED] - Statement - If (accessModule == false): null

2018-07-24 14:10:23 - [TEST_STEP][PASSED] - delay: Delayed 5 second(s)

2018-07-24 14:10:28 - [MESSAGE][PASSED] - Delayed 5 second(s)

2018-07-24 14:10:28 - [TEST_STEP][PASSED] - setText: Text ' ' is set on object 'Object Repository/Campaign_OR/Fields/a.input_company_name'

2018-07-24 14:10:28 - [MESSAGE][PASSED] - Text ' ' is set on object 'Object Repository/Campaign_OR/Fields/a.input_company_name'

2018-07-24 14:10:28 - [TEST_STEP][PASSED] - setText: Text 'Please subscribe with us and redeem a free coffee. Come join us now!kR1C' is set on object 'Object Repository/Campaign_OR/Fields/b.textarea_campaign_instruction'

2018-07-24 14:10:28 - [MESSAGE][PASSED] - Text 'Please subscribe with us and redeem a free coffee. Come join us now!kR1C' is set on object 'Object Repository/Campaign_OR/Fields/b.textarea_campaign_instruction'

2018-07-24 14:10:28 - [TEST_STEP][PASSED] - Statement - verifyEmail = false: null

2018-07-24 14:10:28 - [TEST_STEP][PASSED] - Statement - If (radioEmail.toLowerCase() == "true"): null

2018-07-24 14:10:28 - [TEST_STEP][PASSED] - Statement - verifyEmail = true: null

2018-07-24 14:10:28 - [TEST_STEP][PASSED] - Statement - If (verifyEmail == true): Object 'Object Repository/Campaign_OR/input_email' is visible

2018-07-24 14:10:28 - [TEST_STEP][PASSED] - Statement - If (com.kms.katalon.core.webui.keyword.WebUiBuiltInKeywords.verifyElementNotChecked(com.kms.katalon.core.testobject.ObjectRepository.findTestObject(Campaign_OR/Fields/c.checkbox_email), 1, OPTIONAL)): Object 'Object Repository/Campaign_OR/input_email' is visible

2018-07-24 14:10:28 - [MESSAGE][PASSED] - Object 'Object Repository/Campaign_OR/Fields/c.checkbox_email' is not checked

2018-07-24 14:10:28 - [TEST_STEP][PASSED] - delay: Delayed 1 second(s)

2018-07-24 14:10:29 - [MESSAGE][PASSED] - Delayed 1 second(s)

2018-07-24 14:10:29 - [TEST_STEP][PASSED] - click: Object: 'Object Repository/Campaign_OR/Fields/c.checkbox_email' is clicked on

2018-07-24 14:10:29 - [MESSAGE][PASSED] - Object: 'Object Repository/Campaign_OR/Fields/c.checkbox_email' is clicked on

2018-07-24 14:10:29 - [TEST_STEP][PASSED] - verifyElementVisible: Object 'Object Repository/Campaign_OR/input_email' is visible

2018-07-24 14:10:29 - [MESSAGE][PASSED] - Object 'Object Repository/Campaign_OR/input_email' is visible

2018-07-24 14:10:29 - [TEST_STEP][PASSED] - Statement - verifyMobileno = false: null

2018-07-24 14:10:29 - [TEST_STEP][PASSED] - Statement - If (radioMobileno.toLowerCase() == "true"): null

2018-07-24 14:10:29 - [TEST_STEP][PASSED] - Statement - If (verifyMobileno == true): null

2018-07-24 14:10:29 - [TEST_STEP][PASSED] - Statement - Else If (verifyMobileno == false): Object 'Object Repository/Campaign_OR/input_mobileno' is NOT visible

2018-07-24 14:10:29 - [TEST_STEP][PASSED] - Statement - If (com.kms.katalon.core.webui.keyword.WebUiBuiltInKeywords.verifyElementChecked(com.kms.katalon.core.testobject.ObjectRepository.findTestObject(Campaign_OR/Fields/d.checkbox_mobile_number), 1, OPTIONAL)): Object 'Object Repository/Campaign_OR/Fields/d.checkbox_mobile_number' is not checked

2018-07-24 14:10:30 - [MESSAGE][WARNING] - Object 'Object Repository/Campaign_OR/Fields/d.checkbox_mobile_number' is not checked
[[ATTACHMENT|C:\\Users\\kl.chan\\Katalon Studio\\boldreward\\Reports\\TS_Create_Campaign\\TS001 Create Campaign with negative testing\\20180724_140922\\1532412629909.png]]

2018-07-24 14:10:30 - [TEST_STEP][PASSED] - Statement - Else: Object 'Object Repository/Campaign_OR/input_mobileno' is NOT visible

2018-07-24 14:10:30 - [TEST_STEP][PASSED] - verifyElementNotVisible: Object 'Object Repository/Campaign_OR/input_mobileno' is NOT visible

2018-07-24 14:10:30 - [MESSAGE][PASSED] - Object 'Object Repository/Campaign_OR/input_mobileno' is NOT visible

2018-07-24 14:10:30 - [TEST_STEP][PASSED] - Statement - verifyName = false: null

2018-07-24 14:10:30 - [TEST_STEP][PASSED] - Statement - If (radioName.toLowerCase() == "true"): null

2018-07-24 14:10:30 - [TEST_STEP][PASSED] - Statement - If (verifyName == true): null

2018-07-24 14:10:30 - [TEST_STEP][PASSED] - Statement - Else If (verifyName == false): Object 'Object Repository/Campaign_OR/input_name' is NOT visible

2018-07-24 14:10:30 - [TEST_STEP][PASSED] - Statement - If (com.kms.katalon.core.webui.keyword.WebUiBuiltInKeywords.verifyElementChecked(com.kms.katalon.core.testobject.ObjectRepository.findTestObject(Campaign_OR/Fields/e.checkbox_name), 1, OPTIONAL)): Object 'Object Repository/Campaign_OR/Fields/e.checkbox_name' is not checked

2018-07-24 14:10:30 - [MESSAGE][WARNING] - Object 'Object Repository/Campaign_OR/Fields/e.checkbox_name' is not checked
[[ATTACHMENT|C:\\Users\\kl.chan\\Katalon Studio\\boldreward\\Reports\\TS_Create_Campaign\\TS001 Create Campaign with negative testing\\20180724_140922\\1532412630207.png]]

2018-07-24 14:10:30 - [TEST_STEP][PASSED] - Statement - Else: Object 'Object Repository/Campaign_OR/input_name' is NOT visible

2018-07-24 14:10:30 - [TEST_STEP][PASSED] - verifyElementNotVisible: Object 'Object Repository/Campaign_OR/input_name' is NOT visible

2018-07-24 14:10:30 - [MESSAGE][PASSED] - Object 'Object Repository/Campaign_OR/input_name' is NOT visible

2018-07-24 14:10:30 - [TEST_STEP][PASSED] - Statement - verifyGender = false: null

2018-07-24 14:10:30 - [TEST_STEP][PASSED] - Statement - If (radioGender.toLowerCase() == "true"): null

2018-07-24 14:10:30 - [TEST_STEP][PASSED] - Statement - If (verifyGender == true): null

2018-07-24 14:10:30 - [TEST_STEP][PASSED] - Statement - Else If (verifyGender == false): Object 'Object Repository/Campaign_OR/label_Female' is NOT visible

2018-07-24 14:10:30 - [TEST_STEP][PASSED] - Statement - If (com.kms.katalon.core.webui.keyword.WebUiBuiltInKeywords.verifyElementChecked(com.kms.katalon.core.testobject.ObjectRepository.findTestObject(Campaign_OR/Fields/f.checkbox_gender), 1, OPTIONAL)): Object 'Object Repository/Campaign_OR/Fields/f.checkbox_gender' is not checked

2018-07-24 14:10:30 - [MESSAGE][WARNING] - Object 'Object Repository/Campaign_OR/Fields/f.checkbox_gender' is not checked
[[ATTACHMENT|C:\\Users\\kl.chan\\Katalon Studio\\boldreward\\Reports\\TS_Create_Campaign\\TS001 Create Campaign with negative testing\\20180724_140922\\1532412630485.png]]

2018-07-24 14:10:30 - [TEST_STEP][PASSED] - Statement - Else: Object 'Object Repository/Campaign_OR/label_Female' is NOT visible

2018-07-24 14:10:30 - [TEST_STEP][PASSED] - verifyElementNotVisible: Object 'Object Repository/Campaign_OR/label_Male' is NOT visible

2018-07-24 14:10:30 - [MESSAGE][PASSED] - Object 'Object Repository/Campaign_OR/label_Male' is NOT visible

2018-07-24 14:10:30 - [TEST_STEP][PASSED] - verifyElementNotVisible: Object 'Object Repository/Campaign_OR/label_Female' is NOT visible

2018-07-24 14:10:30 - [MESSAGE][PASSED] - Object 'Object Repository/Campaign_OR/label_Female' is NOT visible

2018-07-24 14:10:30 - [TEST_STEP][PASSED] - Statement - verifyDOB = false: null

2018-07-24 14:10:30 - [TEST_STEP][PASSED] - Statement - If (radioDOB.toLowerCase() == "true"): null

2018-07-24 14:10:30 - [TEST_STEP][PASSED] - Statement - If (verifyDOB == true): null

2018-07-24 14:10:30 - [TEST_STEP][PASSED] - Statement - Else If (verifyDOB == false): Object 'Object Repository/Campaign_OR/input_datepicker' is NOT visible

2018-07-24 14:10:30 - [TEST_STEP][PASSED] - Statement - If (com.kms.katalon.core.webui.keyword.WebUiBuiltInKeywords.verifyElementChecked(com.kms.katalon.core.testobject.ObjectRepository.findTestObject(Campaign_OR/Fields/g.checkbox_dob), 1, OPTIONAL)): Object 'Object Repository/Campaign_OR/Fields/g.checkbox_dob' is not checked

2018-07-24 14:10:31 - [MESSAGE][WARNING] - Object 'Object Repository/Campaign_OR/Fields/g.checkbox_dob' is not checked
[[ATTACHMENT|C:\\Users\\kl.chan\\Katalon Studio\\boldreward\\Reports\\TS_Create_Campaign\\TS001 Create Campaign with negative testing\\20180724_140922\\1532412630831.png]]

2018-07-24 14:10:31 - [TEST_STEP][PASSED] - Statement - Else: Object 'Object Repository/Campaign_OR/input_datepicker' is NOT visible

2018-07-24 14:10:31 - [TEST_STEP][PASSED] - verifyElementNotVisible: Object 'Object Repository/Campaign_OR/input_datepicker' is NOT visible

2018-07-24 14:10:31 - [MESSAGE][PASSED] - Object 'Object Repository/Campaign_OR/input_datepicker' is NOT visible

2018-07-24 14:10:31 - [TEST_STEP][PASSED] - Statement - filepath = "": null

2018-07-24 14:10:31 - [TEST_STEP][PASSED] - Statement - If (os == "Windows"): null

2018-07-24 14:10:31 - [TEST_STEP][PASSED] - Statement - filepath = campaignImagePath: null

2018-07-24 14:10:31 - [TEST_STEP][PASSED] - Statement - verifyImgName = "": null

2018-07-24 14:10:31 - [TEST_STEP][PASSED] - Statement - uploadedImg = false: null

2018-07-24 14:10:31 - [TEST_STEP][PASSED] - Statement - If (filepath.trim() != "" && campaignImage.trim() != ""): null

2018-07-24 14:10:31 - [TEST_STEP][PASSED] - sendKeys: Keys 'C:\Users\kl.chan\Katalon Studio\boldreward\Images\Campaign Image\starbucks copy.jpg' sent to object: 'Object Repository/Campaign_OR/Fields/h.button_campaign_image_1'

2018-07-24 14:10:31 - [MESSAGE][PASSED] - Keys 'C:\Users\kl.chan\Katalon Studio\boldreward\Images\Campaign Image\starbucks copy.jpg' sent to object: 'Object Repository/Campaign_OR/Fields/h.button_campaign_image_1'

2018-07-24 14:10:31 - [TEST_STEP][PASSED] - delay: Delayed 1 second(s)

2018-07-24 14:10:32 - [MESSAGE][PASSED] - Delayed 1 second(s)

2018-07-24 14:10:32 - [TEST_STEP][PASSED] - Statement - If (com.kms.katalon.core.webui.keyword.WebUiBuiltInKeywords.waitForElementVisible(com.kms.katalon.core.testobject.ObjectRepository.findTestObject(Campaign_OR/uploadedCampaignImg), 30)): null

2018-07-24 14:10:32 - [MESSAGE][PASSED] - Object 'Object Repository/Campaign_OR/uploadedCampaignImg' is visible

2018-07-24 14:10:32 - [TEST_STEP][PASSED] - Statement - verifyImgName = com.kms.katalon.core.webui.keyword.WebUiBuiltInKeywords.getText(com.kms.katalon.core.testobject.ObjectRepository.findTestObject(Campaign_OR/uploadedCampaignImg)): Text of object 'Object Repository/Campaign_OR/uploadedCampaignImg' is: 'starbucks copy.jpg'

2018-07-24 14:10:32 - [MESSAGE][PASSED] - Text of object 'Object Repository/Campaign_OR/uploadedCampaignImg' is: 'starbucks copy.jpg'

2018-07-24 14:10:32 - [TEST_STEP][PASSED] - Statement - If (verifyImgName.equals(campaignImage) == true): null

2018-07-24 14:10:32 - [TEST_STEP][PASSED] - Statement - uploadedImg = true: null

2018-07-24 14:10:32 - [TEST_STEP][PASSED] - setText: Text 'http://www.starbucks.com.my/' is set on object 'Object Repository/Campaign_OR/Fields/i.k.input_tnc'

2018-07-24 14:10:32 - [MESSAGE][PASSED] - Text 'http://www.starbucks.com.my/' is set on object 'Object Repository/Campaign_OR/Fields/i.k.input_tnc'

2018-07-24 14:10:32 - [TEST_STEP][PASSED] - setText: Text 'kl.chankR1C@macrokiosk.com' is set on object 'Object Repository/Campaign_OR/Fields/j.input_sender'

2018-07-24 14:10:32 - [MESSAGE][PASSED] - Text 'kl.chankR1C@macrokiosk.com' is set on object 'Object Repository/Campaign_OR/Fields/j.input_sender'

2018-07-24 14:10:32 - [TEST_STEP][PASSED] - setText: Text 'Starbucks Reserve @ SITkR1C' is set on object 'Object Repository/Campaign_OR/Fields/k.input_subject'

2018-07-24 14:10:32 - [MESSAGE][PASSED] - Text 'Starbucks Reserve @ SITkR1C' is set on object 'Object Repository/Campaign_OR/Fields/k.input_subject'

2018-07-24 14:10:32 - [TEST_STEP][PASSED] - setText: Text 'Hello User, Welcome to our Starbucks Reserve @ SIT. Come subscribe with us and redeem more rewards.kR1C' is set on object 'Object Repository/Campaign_OR/Fields/l.textarea_content'

2018-07-24 14:10:33 - [MESSAGE][PASSED] - Text 'Hello User, Welcome to our Starbucks Reserve @ SIT. Come subscribe with us and redeem more rewards.kR1C' is set on object 'Object Repository/Campaign_OR/Fields/l.textarea_content'

2018-07-24 14:10:33 - [TEST_STEP][PASSED] - Statement - filepath = "": null

2018-07-24 14:10:33 - [TEST_STEP][PASSED] - Statement - If (os == "Windows"): null

2018-07-24 14:10:33 - [TEST_STEP][PASSED] - Statement - filepath = companyLogoPath: null

2018-07-24 14:10:33 - [TEST_STEP][PASSED] - Statement - verifyImgName = "": null

2018-07-24 14:10:33 - [TEST_STEP][PASSED] - Statement - uploadedImg = false: null

2018-07-24 14:10:33 - [TEST_STEP][PASSED] - Statement - reuploadCount = 0: null

2018-07-24 14:10:33 - [TEST_STEP][PASSED] - Statement - If (filepath.trim() != "" && companyLogo.trim() != ""): null

2018-07-24 14:10:33 - [TEST_STEP][PASSED] - sendKeys: Keys 'C:\Users\kl.chan\Katalon Studio\boldreward\Images\Company Logo\starbucks logo.jpg' sent to object: 'Object Repository/Campaign_OR/Fields/m.button_company_logo_1'

2018-07-24 14:10:33 - [MESSAGE][PASSED] - Keys 'C:\Users\kl.chan\Katalon Studio\boldreward\Images\Company Logo\starbucks logo.jpg' sent to object: 'Object Repository/Campaign_OR/Fields/m.button_company_logo_1'

2018-07-24 14:10:33 - [TEST_STEP][PASSED] - delay: Delayed 1 second(s)

2018-07-24 14:10:34 - [MESSAGE][PASSED] - Delayed 1 second(s)

2018-07-24 14:10:34 - [TEST_STEP][PASSED] - Statement - If (com.kms.katalon.core.webui.keyword.WebUiBuiltInKeywords.waitForElementVisible(com.kms.katalon.core.testobject.ObjectRepository.findTestObject(Campaign_OR/uploadedCompanyLogo), 30)): null

2018-07-24 14:10:34 - [MESSAGE][PASSED] - Object 'Object Repository/Campaign_OR/uploadedCompanyLogo' is visible

2018-07-24 14:10:34 - [TEST_STEP][PASSED] - Statement - verifyImgName = com.kms.katalon.core.webui.keyword.WebUiBuiltInKeywords.getText(com.kms.katalon.core.testobject.ObjectRepository.findTestObject(Campaign_OR/uploadedCompanyLogo)): Text of object 'Object Repository/Campaign_OR/uploadedCompanyLogo' is: 'starbucks logo.jpg'

2018-07-24 14:10:34 - [MESSAGE][PASSED] - Text of object 'Object Repository/Campaign_OR/uploadedCompanyLogo' is: 'starbucks logo.jpg'

2018-07-24 14:10:34 - [TEST_STEP][PASSED] - Statement - If (verifyImgName.equals(companyLogo) == true): null

2018-07-24 14:10:34 - [TEST_STEP][PASSED] - Statement - uploadedImg = true: null

2018-07-24 14:10:34 - [TEST_STEP][PASSED] - Statement - If (rewardCode == true): null

2018-07-24 14:10:34 - [TEST_STEP][PASSED] - Statement - Else If (rewardCode == false): Object: 'Object Repository/Campaign_OR/Fields/n.label_No' is clicked on

2018-07-24 14:10:34 - [TEST_STEP][PASSED] - click: Object: 'Object Repository/Campaign_OR/Fields/n.label_No' is clicked on

2018-07-24 14:10:34 - [MESSAGE][PASSED] - Object: 'Object Repository/Campaign_OR/Fields/n.label_No' is clicked on

2018-07-24 14:10:34 - [TEST_STEP][PASSED] - verifyElementChecked: Object 'Object Repository/Campaign_OR/Fields/radio_No' is checked

2018-07-24 14:10:34 - [MESSAGE][PASSED] - Object 'Object Repository/Campaign_OR/Fields/radio_No' is checked

2018-07-24 14:10:34 - [TEST_STEP][PASSED] - verifyElementChecked: Object 'Object Repository/Campaign_OR/Fields/radio_Yes' is not checked

2018-07-24 14:10:35 - [MESSAGE][WARNING] - Object 'Object Repository/Campaign_OR/Fields/radio_Yes' is not checked
[[ATTACHMENT|C:\\Users\\kl.chan\\Katalon Studio\\boldreward\\Reports\\TS_Create_Campaign\\TS001 Create Campaign with negative testing\\20180724_140922\\1532412634883.png]]

2018-07-24 14:10:35 - [TEST_STEP][PASSED] - click: Object: 'Object Repository/Campaign_OR/button_Save' is clicked on

2018-07-24 14:10:35 - [MESSAGE][PASSED] - Object: 'Object Repository/Campaign_OR/button_Save' is clicked on

2018-07-24 14:10:35 - [TEST_STEP][PASSED] - delay: Delayed 2 second(s)

2018-07-24 14:10:37 - [MESSAGE][PASSED] - Delayed 2 second(s)

2018-07-24 14:10:37 - [MESSAGE][PASSED] - Call Test Case 'Test Cases/Merchant Portal/Campaign/Campagin Modules/create campaign' successfully

2018-07-24 14:10:37 - [TEST_STEP][PASSED] - Statement - updateFailed = false: null

2018-07-24 14:10:37 - [TEST_STEP][PASSED] - Statement - If (com.kms.katalon.core.webui.keyword.WebUiBuiltInKeywords.waitForElementVisible(com.kms.katalon.core.testobject.ObjectRepository.findTestObject(a.Not_Assigned_OR/alert_msg_top), 3)): null

2018-07-24 14:10:37 - [MESSAGE][PASSED] - Object 'Object Repository/a.Not_Assigned_OR/alert_msg_top' is visible

2018-07-24 14:10:37 - [TEST_STEP][PASSED] - Statement - verifyPopoutMsg = com.kms.katalon.core.webui.keyword.WebUiBuiltInKeywords.getText(com.kms.katalon.core.testobject.ObjectRepository.findTestObject(a.Not_Assigned_OR/alert_msg_top)): Text of object 'Object Repository/a.Not_Assigned_OR/alert_msg_top' is: 'Oops! Invalid inputs, please try again.'

2018-07-24 14:10:37 - [MESSAGE][PASSED] - Text of object 'Object Repository/a.Not_Assigned_OR/alert_msg_top' is: 'Oops! Invalid inputs, please try again.'

2018-07-24 14:10:37 - [TEST_STEP][PASSED] - Statement - If (verifyPopoutMsg.equals(msgServer) == true): null

2018-07-24 14:10:37 - [TEST_STEP][PASSED] - Statement - updateFailed = true: null

2018-07-24 14:10:37 - [TEST_STEP][PASSED] - Statement - updateSuccess = false: null

2018-07-24 14:10:37 - [TEST_STEP][PASSED] - Statement - If (com.kms.katalon.core.webui.keyword.WebUiBuiltInKeywords.waitForElementVisible(com.kms.katalon.core.testobject.ObjectRepository.findTestObject(Campaign_OR/Error Message/msg_edit_success), 3)): Web element with id: 'Object Repository/Campaign_OR/Error Message/msg_edit_success' located by 'By.xpath: id("errorMessage")/p[@class="error-block"]' not found

2018-07-24 14:10:40 - [MESSAGE][WARNING] - Web element with id: 'Object Repository/Campaign_OR/Error Message/msg_edit_success' located by 'By.xpath: id("errorMessage")/p[@class="error-block"]' not found

2018-07-24 14:10:40 - [TEST_STEP][PASSED] - Statement - createSuccess = false: null

2018-07-24 14:10:40 - [TEST_STEP][PASSED] - Statement - If (com.kms.katalon.core.webui.keyword.WebUiBuiltInKeywords.waitForElementVisible(com.kms.katalon.core.testobject.ObjectRepository.findTestObject(Home_OR/label_home), 3)): Web element with id: 'Object Repository/Home_OR/label_home' located by 'By.xpath: id("wrapper")/div[@class="content-page"]/div[@class="content"]/div[@class="ng-scope"]/div[@class="ng-scope"]/div[@class="page-heading"]/h1[1][count(. | //h1[(text() = ' Home' or . = ' Home')]) = count(//h1[(text() = ' Home' or . = ' Home')])]' not found

2018-07-24 14:10:43 - [MESSAGE][WARNING] - Web element with id: 'Object Repository/Home_OR/label_home' located by 'By.xpath: id("wrapper")/div[@class="content-page"]/div[@class="content"]/div[@class="ng-scope"]/div[@class="ng-scope"]/div[@class="page-heading"]/h1[1][count(. | //h1[(text() = ' Home' or . = ' Home')]) = count(//h1[(text() = ' Home' or . = ' Home')])]' not found

2018-07-24 14:10:43 - [TEST_STEP][PASSED] - Statement - If (updateSuccess == true): null

2018-07-24 14:10:43 - [TEST_STEP][PASSED] - Statement - Else If (updateFailed == true): null

2018-07-24 14:10:43 - [TEST_STEP][PASSED] - Statement - verifyError = false: null

2018-07-24 14:10:43 - [TEST_STEP][PASSED] - Statement - If (companyName.trim() == ""): null

2018-07-24 14:10:43 - [TEST_STEP][PASSED] - verifyElementVisible: Object 'Object Repository/Campaign_OR/Error Message/msg_company_name' is visible

2018-07-24 14:10:43 - [MESSAGE][PASSED] - Object 'Object Repository/Campaign_OR/Error Message/msg_company_name' is visible

2018-07-24 14:10:43 - [TEST_STEP][PASSED] - Statement - verifyEmptyCompanyName = com.kms.katalon.core.webui.keyword.WebUiBuiltInKeywords.getText(com.kms.katalon.core.testobject.ObjectRepository.findTestObject(Campaign_OR/Error Message/msg_company_name)): Text of object 'Object Repository/Campaign_OR/Error Message/msg_company_name' is: 'Please complete this field.'

2018-07-24 14:10:43 - [MESSAGE][PASSED] - Text of object 'Object Repository/Campaign_OR/Error Message/msg_company_name' is: 'Please complete this field.'

2018-07-24 14:10:43 - [TEST_STEP][PASSED] - verifyMatch: Actual text 'Please complete this field.' and expected text 'Please complete this field.' are matched  using regular expression

2018-07-24 14:10:43 - [MESSAGE][PASSED] - Actual text 'Please complete this field.' and expected text 'Please complete this field.' are matched  using regular expression

2018-07-24 14:10:43 - [TEST_STEP][PASSED] - Statement - verifyError = true: null

2018-07-24 14:10:43 - [TEST_STEP][PASSED] - Statement - If (campaignInstruc.trim() == ""): null

2018-07-24 14:10:43 - [TEST_STEP][PASSED] - Statement - If (radioEmail.toLowerCase() == "false"): null

2018-07-24 14:10:43 - [TEST_STEP][PASSED] - Statement - campaignImgName = com.kms.katalon.core.webui.keyword.WebUiBuiltInKeywords.getText(com.kms.katalon.core.testobject.ObjectRepository.findTestObject(Campaign_OR/uploadedCampaignImg)): Text of object 'Object Repository/Campaign_OR/uploadedCampaignImg' is: 'starbucks copy.jpg'

2018-07-24 14:10:43 - [MESSAGE][PASSED] - Text of object 'Object Repository/Campaign_OR/uploadedCampaignImg' is: 'starbucks copy.jpg'

2018-07-24 14:10:43 - [TEST_STEP][PASSED] - Statement - If (campaignImgName == ""): null

2018-07-24 14:10:43 - [TEST_STEP][PASSED] - Statement - If (emailSender.trim() == ""): null

2018-07-24 14:10:43 - [TEST_STEP][PASSED] - Statement - If (emailSubject.trim() == ""): null

2018-07-24 14:10:43 - [TEST_STEP][PASSED] - Statement - If (emailContent.trim() == ""): null

2018-07-24 14:10:43 - [TEST_STEP][PASSED] - Statement - companyLogoName = com.kms.katalon.core.webui.keyword.WebUiBuiltInKeywords.getText(com.kms.katalon.core.testobject.ObjectRepository.findTestObject(Campaign_OR/uploadedCompanyLogo)): Text of object 'Object Repository/Campaign_OR/uploadedCompanyLogo' is: 'starbucks logo.jpg'

2018-07-24 14:10:43 - [MESSAGE][PASSED] - Text of object 'Object Repository/Campaign_OR/uploadedCompanyLogo' is: 'starbucks logo.jpg'

2018-07-24 14:10:43 - [TEST_STEP][PASSED] - Statement - If (companyLogoName == ""): null

2018-07-24 14:10:43 - [TEST_STEP][PASSED] - Statement - If (com.kms.katalon.core.webui.keyword.WebUiBuiltInKeywords.waitForElementVisible(com.kms.katalon.core.testobject.ObjectRepository.findTestObject(Campaign_OR/Error Message/msg_cpgn_image2), 2)): Web element with id: 'Object Repository/Campaign_OR/Error Message/msg_cpgn_image2' located by 'By.xpath: id("campaignImage")/p[@class="error-block ng-binding"][count(. | //p[@class = 'error-block ng-binding' and @ng-hide = 'CC.errorImage == 200 || CC.errorImage == undefined']) = count(//p[@class = 'error-block ng-binding' and @ng-hide = 'CC.errorImage == 200 || CC.errorImage == undefined'])]' not found

2018-07-24 14:10:45 - [MESSAGE][WARNING] - Web element with id: 'Object Repository/Campaign_OR/Error Message/msg_cpgn_image2' located by 'By.xpath: id("campaignImage")/p[@class="error-block ng-binding"][count(. | //p[@class = 'error-block ng-binding' and @ng-hide = 'CC.errorImage == 200 || CC.errorImage == undefined']) = count(//p[@class = 'error-block ng-binding' and @ng-hide = 'CC.errorImage == 200 || CC.errorImage == undefined'])]' not found

2018-07-24 14:10:45 - [TEST_STEP][PASSED] - Statement - If (com.kms.katalon.core.webui.keyword.WebUiBuiltInKeywords.waitForElementVisible(com.kms.katalon.core.testobject.ObjectRepository.findTestObject(Campaign_OR/Error Message/msg_TCURL), 2)): Web element with id: 'Object Repository/Campaign_OR/Error Message/msg_TCURL' located by 'By.xpath: id("wrapper")/div[@class="content-page"]/div[@class="content"]/div[@class="ng-scope"]/div[@class="row ng-scope"]/div[@class="col-md-7"]/div[@class="widget"]/div[@class="widget-content padding"]/div[@class="form-horizontal"]/div[@class="form-group"]/div[@id="tncUrl"]/p[@class="error-block"][count(. | //p[(text() = 'Invalid format, please follow as http://wwww.example.com' or . = 'Invalid format, please follow as http://wwww.example.com')]) = count(//p[(text() = 'Invalid format, please follow as http://wwww.example.com' or . = 'Invalid format, please follow as http://wwww.example.com')])]' not found

2018-07-24 14:10:47 - [MESSAGE][WARNING] - Web element with id: 'Object Repository/Campaign_OR/Error Message/msg_TCURL' located by 'By.xpath: id("wrapper")/div[@class="content-page"]/div[@class="content"]/div[@class="ng-scope"]/div[@class="row ng-scope"]/div[@class="col-md-7"]/div[@class="widget"]/div[@class="widget-content padding"]/div[@class="form-horizontal"]/div[@class="form-group"]/div[@id="tncUrl"]/p[@class="error-block"][count(. | //p[(text() = 'Invalid format, please follow as http://wwww.example.com' or . = 'Invalid format, please follow as http://wwww.example.com')]) = count(//p[(text() = 'Invalid format, please follow as http://wwww.example.com' or . = 'Invalid format, please follow as http://wwww.example.com')])]' not found

2018-07-24 14:10:47 - [TEST_STEP][PASSED] - Statement - If (emailSender.trim() != ""): Web element with id: 'Object Repository/Campaign_OR/Error Message/msg_sender' located by 'By.xpath: id("emailSender")/p[@class="error-block"]' not found

2018-07-24 14:10:47 - [TEST_STEP][PASSED] - Statement - If (com.kms.katalon.core.webui.keyword.WebUiBuiltInKeywords.waitForElementVisible(com.kms.katalon.core.testobject.ObjectRepository.findTestObject(Campaign_OR/Error Message/msg_sender), 2)): Web element with id: 'Object Repository/Campaign_OR/Error Message/msg_sender' located by 'By.xpath: id("emailSender")/p[@class="error-block"]' not found

2018-07-24 14:10:49 - [MESSAGE][WARNING] - Web element with id: 'Object Repository/Campaign_OR/Error Message/msg_sender' located by 'By.xpath: id("emailSender")/p[@class="error-block"]' not found

2018-07-24 14:10:49 - [TEST_STEP][PASSED] - Statement - If (com.kms.katalon.core.webui.keyword.WebUiBuiltInKeywords.waitForElementVisible(com.kms.katalon.core.testobject.ObjectRepository.findTestObject(Campaign_OR/Error Message/msg_company_logo), 2)): Web element with id: 'Object Repository/Campaign_OR/Error Message/msg_company_logo' located by 'By.xpath: id("companyLogo")/p[@class="error-block ng-binding"][count(. | //p[@class = 'error-block ng-binding' and @ng-hide = 'CC.errorLogo == 200 || CC.errorLogo == undefined']) = count(//p[@class = 'error-block ng-binding' and @ng-hide = 'CC.errorLogo == 200 || CC.errorLogo == undefined'])]' not found

2018-07-24 14:10:51 - [MESSAGE][WARNING] - Web element with id: 'Object Repository/Campaign_OR/Error Message/msg_company_logo' located by 'By.xpath: id("companyLogo")/p[@class="error-block ng-binding"][count(. | //p[@class = 'error-block ng-binding' and @ng-hide = 'CC.errorLogo == 200 || CC.errorLogo == undefined']) = count(//p[@class = 'error-block ng-binding' and @ng-hide = 'CC.errorLogo == 200 || CC.errorLogo == undefined'])]' not found

2018-07-24 14:10:51 - [TEST_STEP][PASSED] - refresh: Refresh successfully

2018-07-24 14:10:52 - [MESSAGE][PASSED] - Refresh successfully

2018-07-24 14:10:52 - [TEST_STEP][PASSED] - Statement - If (verifyError == false): null]]></system-out>
         <system-err><![CDATA[]]></system-err>
      </testcase>
      <testcase name="Test Cases/Merchant Portal/Campaign/TC001 Campaign - verify all case" classname="Test Cases/Merchant Portal/Campaign/TC001 Campaign - verify all case" status="PASSED">
         <system-out><![CDATA[2018-07-24 14:10:52 - [TEST_CASE][PASSED] - Test Cases/Merchant Portal/Campaign/TC001 Campaign - verify all case: Test Cases/Merchant Portal/Campaign/TC001 Campaign - verify all case

2018-07-24 14:10:52 - [TEST_STEP][PASSED] - Statement - randomWords = CustomKeywords.randomWords.GenerateNumber.randomString(4): randomWords.GenerateNumber.randomString is PASSED

2018-07-24 14:10:52 - [MESSAGE][PASSED] - randomWords.GenerateNumber.randomString is PASSED

2018-07-24 14:10:52 - [TEST_STEP][PASSED] - Statement - If (companyName.trim() != ""): null

2018-07-24 14:10:52 - [TEST_STEP][PASSED] - Statement - companyName = companyName + randomWords: null

2018-07-24 14:10:52 - [TEST_STEP][PASSED] - Statement - If (campaignInstruc.trim() != ""): null

2018-07-24 14:10:52 - [TEST_STEP][PASSED] - Statement - If (emailSender.trim() != ""): null

2018-07-24 14:10:52 - [TEST_STEP][PASSED] - Statement - email = emailSender: null

2018-07-24 14:10:52 - [TEST_STEP][PASSED] - Statement - splitEmail = email.split("@"): null

2018-07-24 14:10:52 - [TEST_STEP][PASSED] - Statement - numb = length: null

2018-07-24 14:10:52 - [TEST_STEP][PASSED] - Statement - If (numb > 1): null

2018-07-24 14:10:52 - [TEST_STEP][PASSED] - Statement - emailSender = splitEmail[0] + randomWords + "@" + splitEmail[1]: null

2018-07-24 14:10:52 - [TEST_STEP][PASSED] - Statement - If (emailSubject.trim() != ""): null

2018-07-24 14:10:52 - [TEST_STEP][PASSED] - Statement - emailSubject = emailSubject + randomWords: null

2018-07-24 14:10:52 - [TEST_STEP][PASSED] - Statement - If (emailContent.trim() != ""): null

2018-07-24 14:10:52 - [TEST_STEP][PASSED] - Statement - emailContent = emailContent + randomWords: null

2018-07-24 14:10:52 - [TEST_STEP][PASSED] - callTestCase: Call Test Case 'Test Cases/Merchant Portal/Campaign/Campagin Modules/create campaign' successfully

2018-07-24 14:10:52 - [TEST_CASE][PASSED] - Test Cases/Merchant Portal/Campaign/Campagin Modules/create campaign: Test Cases/Merchant Portal/Campaign/Campagin Modules/create campaign

2018-07-24 14:10:52 - [TEST_STEP][PASSED] - Statement - osName = "": null

2018-07-24 14:10:52 - [TEST_STEP][PASSED] - Statement - osName = CustomKeywords.os.DetectOS.getOperatingSystem(osName): os.DetectOS.getOperatingSystem is PASSED

2018-07-24 14:10:52 - [MESSAGE][PASSED] - os.DetectOS.getOperatingSystem is PASSED

2018-07-24 14:10:52 - [TEST_STEP][PASSED] - Statement - splitString = osName.split(): null

2018-07-24 14:10:52 - [TEST_STEP][PASSED] - Statement - os = splitString[0].toString(): null

2018-07-24 14:10:52 - [TEST_STEP][PASSED] - Statement - If (loggedin == false): null

2018-07-24 14:10:52 - [TEST_STEP][PASSED] - Statement - If (accessModule == false): null

2018-07-24 14:10:52 - [TEST_STEP][PASSED] - delay: Delayed 5 second(s)

2018-07-24 14:10:57 - [MESSAGE][PASSED] - Delayed 5 second(s)

2018-07-24 14:10:57 - [TEST_STEP][PASSED] - setText: Text 'Starbucks Reserve Ltd4O5d' is set on object 'Object Repository/Campaign_OR/Fields/a.input_company_name'

2018-07-24 14:10:57 - [MESSAGE][PASSED] - Text 'Starbucks Reserve Ltd4O5d' is set on object 'Object Repository/Campaign_OR/Fields/a.input_company_name'

2018-07-24 14:10:57 - [TEST_STEP][PASSED] - setText: Text '' is set on object 'Object Repository/Campaign_OR/Fields/b.textarea_campaign_instruction'

2018-07-24 14:10:57 - [MESSAGE][PASSED] - Text '' is set on object 'Object Repository/Campaign_OR/Fields/b.textarea_campaign_instruction'

2018-07-24 14:10:57 - [TEST_STEP][PASSED] - Statement - verifyEmail = false: null

2018-07-24 14:10:57 - [TEST_STEP][PASSED] - Statement - If (radioEmail.toLowerCase() == "true"): null

2018-07-24 14:10:57 - [TEST_STEP][PASSED] - Statement - verifyEmail = true: null

2018-07-24 14:10:57 - [TEST_STEP][PASSED] - Statement - If (verifyEmail == true): Object 'Object Repository/Campaign_OR/input_email' is visible

2018-07-24 14:10:57 - [TEST_STEP][PASSED] - Statement - If (com.kms.katalon.core.webui.keyword.WebUiBuiltInKeywords.verifyElementNotChecked(com.kms.katalon.core.testobject.ObjectRepository.findTestObject(Campaign_OR/Fields/c.checkbox_email), 1, OPTIONAL)): Object 'Object Repository/Campaign_OR/input_email' is visible

2018-07-24 14:10:57 - [MESSAGE][PASSED] - Object 'Object Repository/Campaign_OR/Fields/c.checkbox_email' is not checked

2018-07-24 14:10:57 - [TEST_STEP][PASSED] - delay: Delayed 1 second(s)

2018-07-24 14:10:58 - [MESSAGE][PASSED] - Delayed 1 second(s)

2018-07-24 14:10:58 - [TEST_STEP][PASSED] - click: Object: 'Object Repository/Campaign_OR/Fields/c.checkbox_email' is clicked on

2018-07-24 14:10:59 - [MESSAGE][PASSED] - Object: 'Object Repository/Campaign_OR/Fields/c.checkbox_email' is clicked on

2018-07-24 14:10:59 - [TEST_STEP][PASSED] - verifyElementVisible: Object 'Object Repository/Campaign_OR/input_email' is visible

2018-07-24 14:10:59 - [MESSAGE][PASSED] - Object 'Object Repository/Campaign_OR/input_email' is visible

2018-07-24 14:10:59 - [TEST_STEP][PASSED] - Statement - verifyMobileno = false: null

2018-07-24 14:10:59 - [TEST_STEP][PASSED] - Statement - If (radioMobileno.toLowerCase() == "true"): null

2018-07-24 14:10:59 - [TEST_STEP][PASSED] - Statement - If (verifyMobileno == true): null

2018-07-24 14:10:59 - [TEST_STEP][PASSED] - Statement - Else If (verifyMobileno == false): Object 'Object Repository/Campaign_OR/input_mobileno' is NOT visible

2018-07-24 14:10:59 - [TEST_STEP][PASSED] - Statement - If (com.kms.katalon.core.webui.keyword.WebUiBuiltInKeywords.verifyElementChecked(com.kms.katalon.core.testobject.ObjectRepository.findTestObject(Campaign_OR/Fields/d.checkbox_mobile_number), 1, OPTIONAL)): Object 'Object Repository/Campaign_OR/Fields/d.checkbox_mobile_number' is not checked

2018-07-24 14:10:59 - [MESSAGE][WARNING] - Object 'Object Repository/Campaign_OR/Fields/d.checkbox_mobile_number' is not checked
[[ATTACHMENT|C:\\Users\\kl.chan\\Katalon Studio\\boldreward\\Reports\\TS_Create_Campaign\\TS001 Create Campaign with negative testing\\20180724_140922\\1532412659100.png]]

2018-07-24 14:10:59 - [TEST_STEP][PASSED] - Statement - Else: Object 'Object Repository/Campaign_OR/input_mobileno' is NOT visible

2018-07-24 14:10:59 - [TEST_STEP][PASSED] - verifyElementNotVisible: Object 'Object Repository/Campaign_OR/input_mobileno' is NOT visible

2018-07-24 14:10:59 - [MESSAGE][PASSED] - Object 'Object Repository/Campaign_OR/input_mobileno' is NOT visible

2018-07-24 14:10:59 - [TEST_STEP][PASSED] - Statement - verifyName = false: null

2018-07-24 14:10:59 - [TEST_STEP][PASSED] - Statement - If (radioName.toLowerCase() == "true"): null

2018-07-24 14:10:59 - [TEST_STEP][PASSED] - Statement - If (verifyName == true): null

2018-07-24 14:10:59 - [TEST_STEP][PASSED] - Statement - Else If (verifyName == false): Object 'Object Repository/Campaign_OR/input_name' is NOT visible

2018-07-24 14:10:59 - [TEST_STEP][PASSED] - Statement - If (com.kms.katalon.core.webui.keyword.WebUiBuiltInKeywords.verifyElementChecked(com.kms.katalon.core.testobject.ObjectRepository.findTestObject(Campaign_OR/Fields/e.checkbox_name), 1, OPTIONAL)): Object 'Object Repository/Campaign_OR/Fields/e.checkbox_name' is not checked

2018-07-24 14:10:59 - [MESSAGE][WARNING] - Object 'Object Repository/Campaign_OR/Fields/e.checkbox_name' is not checked
[[ATTACHMENT|C:\\Users\\kl.chan\\Katalon Studio\\boldreward\\Reports\\TS_Create_Campaign\\TS001 Create Campaign with negative testing\\20180724_140922\\1532412659387.png]]

2018-07-24 14:10:59 - [TEST_STEP][PASSED] - Statement - Else: Object 'Object Repository/Campaign_OR/input_name' is NOT visible

2018-07-24 14:10:59 - [TEST_STEP][PASSED] - verifyElementNotVisible: Object 'Object Repository/Campaign_OR/input_name' is NOT visible

2018-07-24 14:10:59 - [MESSAGE][PASSED] - Object 'Object Repository/Campaign_OR/input_name' is NOT visible

2018-07-24 14:10:59 - [TEST_STEP][PASSED] - Statement - verifyGender = false: null

2018-07-24 14:10:59 - [TEST_STEP][PASSED] - Statement - If (radioGender.toLowerCase() == "true"): null

2018-07-24 14:10:59 - [TEST_STEP][PASSED] - Statement - If (verifyGender == true): null

2018-07-24 14:10:59 - [TEST_STEP][PASSED] - Statement - Else If (verifyGender == false): Object 'Object Repository/Campaign_OR/label_Female' is NOT visible

2018-07-24 14:10:59 - [TEST_STEP][PASSED] - Statement - If (com.kms.katalon.core.webui.keyword.WebUiBuiltInKeywords.verifyElementChecked(com.kms.katalon.core.testobject.ObjectRepository.findTestObject(Campaign_OR/Fields/f.checkbox_gender), 1, OPTIONAL)): Object 'Object Repository/Campaign_OR/Fields/f.checkbox_gender' is not checked

2018-07-24 14:10:59 - [MESSAGE][WARNING] - Object 'Object Repository/Campaign_OR/Fields/f.checkbox_gender' is not checked
[[ATTACHMENT|C:\\Users\\kl.chan\\Katalon Studio\\boldreward\\Reports\\TS_Create_Campaign\\TS001 Create Campaign with negative testing\\20180724_140922\\1532412659672.png]]

2018-07-24 14:10:59 - [TEST_STEP][PASSED] - Statement - Else: Object 'Object Repository/Campaign_OR/label_Female' is NOT visible

2018-07-24 14:10:59 - [TEST_STEP][PASSED] - verifyElementNotVisible: Object 'Object Repository/Campaign_OR/label_Male' is NOT visible

2018-07-24 14:10:59 - [MESSAGE][PASSED] - Object 'Object Repository/Campaign_OR/label_Male' is NOT visible

2018-07-24 14:10:59 - [TEST_STEP][PASSED] - verifyElementNotVisible: Object 'Object Repository/Campaign_OR/label_Female' is NOT visible

2018-07-24 14:10:59 - [MESSAGE][PASSED] - Object 'Object Repository/Campaign_OR/label_Female' is NOT visible

2018-07-24 14:10:59 - [TEST_STEP][PASSED] - Statement - verifyDOB = false: null

2018-07-24 14:10:59 - [TEST_STEP][PASSED] - Statement - If (radioDOB.toLowerCase() == "true"): null

2018-07-24 14:10:59 - [TEST_STEP][PASSED] - Statement - If (verifyDOB == true): null

2018-07-24 14:10:59 - [TEST_STEP][PASSED] - Statement - Else If (verifyDOB == false): Object 'Object Repository/Campaign_OR/input_datepicker' is NOT visible

2018-07-24 14:10:59 - [TEST_STEP][PASSED] - Statement - If (com.kms.katalon.core.webui.keyword.WebUiBuiltInKeywords.verifyElementChecked(com.kms.katalon.core.testobject.ObjectRepository.findTestObject(Campaign_OR/Fields/g.checkbox_dob), 1, OPTIONAL)): Object 'Object Repository/Campaign_OR/Fields/g.checkbox_dob' is not checked

[...]

2018-07-24 14:21:57 - [MESSAGE][WARNING] - Web element with id: 'Object Repository/Campaign_OR/Error Message/msg_edit_success' located by 'By.xpath: id("errorMessage")/p[@class="error-block"]' not found

2018-07-24 14:21:57 - [TEST_STEP][PASSED] - Statement - createSuccess = false: null

2018-07-24 14:21:57 - [TEST_STEP][PASSED] - Statement - If (com.kms.katalon.core.webui.keyword.WebUiBuiltInKeywords.waitForElementVisible(com.kms.katalon.core.testobject.ObjectRepository.findTestObject(Home_OR/label_home), 3)): null

2018-07-24 14:21:57 - [MESSAGE][PASSED] - Object 'Object Repository/Home_OR/label_home' is visible

2018-07-24 14:21:57 - [TEST_STEP][PASSED] - Statement - createSuccess = true: null

2018-07-24 14:21:57 - [TEST_STEP][PASSED] - Statement - If (updateSuccess == true): null

2018-07-24 14:21:57 - [TEST_STEP][PASSED] - Statement - Else If (updateFailed == true): null

2018-07-24 14:21:57 - [TEST_STEP][PASSED] - Statement - Else If (createSuccess == true): Call Test Case 'Test Cases/Merchant Portal/Campaign/Campagin Modules/verify campaign' successfully

2018-07-24 14:21:57 - [TEST_STEP][PASSED] - delay: Delayed 2 second(s)

2018-07-24 14:21:59 - [MESSAGE][PASSED] - Delayed 2 second(s)

2018-07-24 14:21:59 - [TEST_STEP][PASSED] - callTestCase: Call Test Case 'Test Cases/Merchant Portal/Campaign/Campagin Modules/verify campaign' successfully

2018-07-24 14:21:59 - [TEST_CASE][PASSED] - Test Cases/Merchant Portal/Campaign/Campagin Modules/verify campaign: Test Cases/Merchant Portal/Campaign/Campagin Modules/verify campaign

2018-07-24 14:21:59 - [TEST_STEP][PASSED] - verifyElementNotVisible: Object 'Object Repository/Home_OR/msg_campaign_banner' is NOT visible

2018-07-24 14:21:59 - [MESSAGE][PASSED] - Object 'Object Repository/Home_OR/msg_campaign_banner' is NOT visible

2018-07-24 14:21:59 - [TEST_STEP][PASSED] - waitForElementVisible: Object 'Object Repository/Home_OR/preview_img' is visible

2018-07-24 14:21:59 - [MESSAGE][PASSED] - Object 'Object Repository/Home_OR/preview_img' is visible

2018-07-24 14:21:59 - [TEST_STEP][PASSED] - verifyElementVisible: Object 'Object Repository/Home_OR/preview_img' is visible

2018-07-24 14:21:59 - [MESSAGE][PASSED] - Object 'Object Repository/Home_OR/preview_img' is visible

2018-07-24 14:21:59 - [TEST_STEP][PASSED] - verifyElementVisible: Object 'Object Repository/Home_OR/preview_company_name' is visible

2018-07-24 14:21:59 - [MESSAGE][PASSED] - Object 'Object Repository/Home_OR/preview_company_name' is visible

2018-07-24 14:21:59 - [TEST_STEP][PASSED] - Statement - verifyPreviewCompanyName = com.kms.katalon.core.webui.keyword.WebUiBuiltInKeywords.getText(com.kms.katalon.core.testobject.ObjectRepository.findTestObject(Home_OR/preview_company_name)): Text of object 'Object Repository/Home_OR/preview_company_name' is: 'Starbucks Reserve LtdqkJc'

2018-07-24 14:21:59 - [MESSAGE][PASSED] - Text of object 'Object Repository/Home_OR/preview_company_name' is: 'Starbucks Reserve LtdqkJc'

2018-07-24 14:21:59 - [TEST_STEP][PASSED] - verifyMatch: Actual text 'Starbucks Reserve LtdqkJc' and expected text 'Starbucks Reserve LtdqkJc' are matched  using regular expression

2018-07-24 14:21:59 - [MESSAGE][PASSED] - Actual text 'Starbucks Reserve LtdqkJc' and expected text 'Starbucks Reserve LtdqkJc' are matched  using regular expression

2018-07-24 14:21:59 - [TEST_STEP][PASSED] - verifyElementVisible: Object 'Object Repository/Home_OR/preview_campaign_instruction' is visible

2018-07-24 14:21:59 - [MESSAGE][PASSED] - Object 'Object Repository/Home_OR/preview_campaign_instruction' is visible

2018-07-24 14:21:59 - [TEST_STEP][PASSED] - Statement - verifyPreviewCampaignInstruc = com.kms.katalon.core.webui.keyword.WebUiBuiltInKeywords.getText(com.kms.katalon.core.testobject.ObjectRepository.findTestObject(Home_OR/preview_campaign_instruction)): Text of object 'Object Repository/Home_OR/preview_campaign_instruction' is: 'Please subscribe with us and redeem a free coffee. Come join us now!qkJc'

2018-07-24 14:21:59 - [MESSAGE][PASSED] - Text of object 'Object Repository/Home_OR/preview_campaign_instruction' is: 'Please subscribe with us and redeem a free coffee. Come join us now!qkJc'

2018-07-24 14:21:59 - [TEST_STEP][PASSED] - verifyMatch: Actual text 'Please subscribe with us and redeem a free coffee. Come join us now!qkJc' and expected text 'Please subscribe with us and redeem a free coffee. Come join us now!qkJc' are matched 

2018-07-24 14:21:59 - [MESSAGE][PASSED] - Actual text 'Please subscribe with us and redeem a free coffee. Come join us now!qkJc' and expected text 'Please subscribe with us and redeem a free coffee. Come join us now!qkJc' are matched 

2018-07-24 14:21:59 - [TEST_STEP][PASSED] - Statement - verifyEmail = false: null

2018-07-24 14:21:59 - [TEST_STEP][PASSED] - Statement - If (radioEmail.toLowerCase() == "true"): null

2018-07-24 14:21:59 - [TEST_STEP][PASSED] - Statement - verifyEmail = true: null

2018-07-24 14:21:59 - [TEST_STEP][PASSED] - Statement - If (verifyEmail == true): Object 'Object Repository/Home_OR/preview_email' is visible

2018-07-24 14:21:59 - [TEST_STEP][PASSED] - verifyElementVisible: Object 'Object Repository/Home_OR/preview_label_email' is visible

2018-07-24 14:21:59 - [MESSAGE][PASSED] - Object 'Object Repository/Home_OR/preview_label_email' is visible

2018-07-24 14:21:59 - [TEST_STEP][PASSED] - verifyElementVisible: Object 'Object Repository/Home_OR/preview_email' is visible

2018-07-24 14:22:00 - [MESSAGE][PASSED] - Object 'Object Repository/Home_OR/preview_email' is visible

2018-07-24 14:22:00 - [TEST_STEP][PASSED] - Statement - verifyMobileno = false: null

2018-07-24 14:22:00 - [TEST_STEP][PASSED] - Statement - If (radioMobileno.toLowerCase() == "true"): null

2018-07-24 14:22:00 - [TEST_STEP][PASSED] - Statement - verifyMobileno = true: null

2018-07-24 14:22:00 - [TEST_STEP][PASSED] - Statement - If (verifyMobileno == true): Object 'Object Repository/Home_OR/preview_mobileno' is visible

2018-07-24 14:22:00 - [TEST_STEP][PASSED] - verifyElementVisible: Object 'Object Repository/Home_OR/preview_countrycode' is visible

2018-07-24 14:22:00 - [MESSAGE][PASSED] - Object 'Object Repository/Home_OR/preview_countrycode' is visible

2018-07-24 14:22:00 - [TEST_STEP][PASSED] - getText: Text of object 'Object Repository/Home_OR/preview_countrycode' is: '60'

2018-07-24 14:22:00 - [MESSAGE][PASSED] - Text of object 'Object Repository/Home_OR/preview_countrycode' is: '60'

2018-07-24 14:22:00 - [TEST_STEP][PASSED] - verifyElementVisible: Object 'Object Repository/Home_OR/preview_mobileno' is visible

2018-07-24 14:22:00 - [MESSAGE][PASSED] - Object 'Object Repository/Home_OR/preview_mobileno' is visible

2018-07-24 14:22:00 - [TEST_STEP][PASSED] - Statement - verifyName = false: null

2018-07-24 14:22:00 - [TEST_STEP][PASSED] - Statement - If (radioName.toLowerCase() == "true"): null

2018-07-24 14:22:00 - [TEST_STEP][PASSED] - Statement - verifyName = true: null

2018-07-24 14:22:00 - [TEST_STEP][PASSED] - Statement - If (verifyName == true): Object 'Object Repository/Home_OR/preview_name' is visible

2018-07-24 14:22:00 - [TEST_STEP][PASSED] - verifyElementVisible: Object 'Object Repository/Home_OR/preview_label_name' is visible

2018-07-24 14:22:00 - [MESSAGE][PASSED] - Object 'Object Repository/Home_OR/preview_label_name' is visible

2018-07-24 14:22:00 - [TEST_STEP][PASSED] - getText: Text of object 'Object Repository/Home_OR/preview_label_name' is: 'Name'

2018-07-24 14:22:00 - [MESSAGE][PASSED] - Text of object 'Object Repository/Home_OR/preview_label_name' is: 'Name'

2018-07-24 14:22:00 - [TEST_STEP][PASSED] - verifyElementVisible: Object 'Object Repository/Home_OR/preview_name' is visible

2018-07-24 14:22:00 - [MESSAGE][PASSED] - Object 'Object Repository/Home_OR/preview_name' is visible

2018-07-24 14:22:00 - [TEST_STEP][PASSED] - Statement - verifyGender = false: null

2018-07-24 14:22:00 - [TEST_STEP][PASSED] - Statement - If (radioGender.toLowerCase() == "true"): null

2018-07-24 14:22:00 - [TEST_STEP][PASSED] - Statement - verifyGender = true: null

2018-07-24 14:22:00 - [TEST_STEP][PASSED] - Statement - If (verifyGender == true): Text of object 'Object Repository/Home_OR/preview_gender_female' is: 'Female'

2018-07-24 14:22:00 - [TEST_STEP][PASSED] - verifyElementVisible: Object 'Object Repository/Home_OR/preview_gender_male' is visible

2018-07-24 14:22:00 - [MESSAGE][PASSED] - Object 'Object Repository/Home_OR/preview_gender_male' is visible

2018-07-24 14:22:00 - [TEST_STEP][PASSED] - getText: Text of object 'Object Repository/Home_OR/preview_gender_male' is: 'Male'

2018-07-24 14:22:00 - [MESSAGE][PASSED] - Text of object 'Object Repository/Home_OR/preview_gender_male' is: 'Male'

2018-07-24 14:22:00 - [TEST_STEP][PASSED] - verifyElementVisible: Object 'Object Repository/Home_OR/preview_gender_female' is visible

2018-07-24 14:22:00 - [MESSAGE][PASSED] - Object 'Object Repository/Home_OR/preview_gender_female' is visible

2018-07-24 14:22:00 - [TEST_STEP][PASSED] - getText: Text of object 'Object Repository/Home_OR/preview_gender_female' is: 'Female'

2018-07-24 14:22:00 - [MESSAGE][PASSED] - Text of object 'Object Repository/Home_OR/preview_gender_female' is: 'Female'

2018-07-24 14:22:00 - [TEST_STEP][PASSED] - Statement - verifyDOB = false: null

2018-07-24 14:22:00 - [TEST_STEP][PASSED] - Statement - If (radioDOB.toLowerCase() == "true"): null

2018-07-24 14:22:00 - [TEST_STEP][PASSED] - Statement - verifyDOB = true: null

2018-07-24 14:22:00 - [TEST_STEP][PASSED] - Statement - If (verifyDOB == true): Object 'Object Repository/Home_OR/preview_dob' is visible

2018-07-24 14:22:00 - [TEST_STEP][PASSED] - verifyElementVisible: Object 'Object Repository/Home_OR/preview_label_dob' is visible

2018-07-24 14:22:00 - [MESSAGE][PASSED] - Object 'Object Repository/Home_OR/preview_label_dob' is visible

2018-07-24 14:22:00 - [TEST_STEP][PASSED] - getText: Text of object 'Object Repository/Home_OR/preview_label_dob' is: 'DOB'

2018-07-24 14:22:00 - [MESSAGE][PASSED] - Text of object 'Object Repository/Home_OR/preview_label_dob' is: 'DOB'

2018-07-24 14:22:00 - [TEST_STEP][PASSED] - verifyElementVisible: Object 'Object Repository/Home_OR/preview_dob' is visible

2018-07-24 14:22:00 - [MESSAGE][PASSED] - Object 'Object Repository/Home_OR/preview_dob' is visible

2018-07-24 14:22:00 - [TEST_STEP][PASSED] - Statement - currentWindow = com.kms.katalon.core.webui.keyword.WebUiBuiltInKeywords.getWindowIndex(): Current window's index is: 0

2018-07-24 14:22:00 - [MESSAGE][PASSED] - Current window's index is: 0

2018-07-24 14:22:00 - [TEST_STEP][PASSED] - Statement - nextTabIndex = currentWindow + 1: null

2018-07-24 14:22:00 - [TEST_STEP][PASSED] - Statement - If (viewport_width <= 1007): Viewport is set to new size with width = 700 and height = 600

2018-07-24 14:22:00 - [TEST_STEP][PASSED] - Statement - viewport_height = com.kms.katalon.core.webui.keyword.WebUiBuiltInKeywords.getViewportHeight(): Viewport height is 600

2018-07-24 14:22:00 - [MESSAGE][PASSED] - Viewport height is 600

2018-07-24 14:22:00 - [TEST_STEP][PASSED] - setViewPortSize: Viewport is set to new size with width = 700 and height = 600

2018-07-24 14:22:00 - [MESSAGE][PASSED] - Viewport is set to new size with width = 700 and height = 600

2018-07-24 14:22:00 - [TEST_STEP][PASSED] - click: Object: 'Object Repository/Home_OR/button_URL' is clicked on

2018-07-24 14:22:00 - [MESSAGE][PASSED] - Object: 'Object Repository/Home_OR/button_URL' is clicked on

2018-07-24 14:22:00 - [TEST_STEP][PASSED] - waitForElementVisible: Object 'Object Repository/Home_OR/campaign_url' is visible

2018-07-24 14:22:01 - [MESSAGE][PASSED] - Object 'Object Repository/Home_OR/campaign_url' is visible

2018-07-24 14:22:01 - [TEST_STEP][PASSED] - waitForElementVisible: Object 'Object Repository/Home_OR/button_Preview URL' is visible

2018-07-24 14:22:01 - [MESSAGE][PASSED] - Object 'Object Repository/Home_OR/button_Preview URL' is visible

2018-07-24 14:22:01 - [TEST_STEP][PASSED] - click: Object: 'Object Repository/Home_OR/button_Preview URL' is clicked on

2018-07-24 14:22:01 - [MESSAGE][PASSED] - Object: 'Object Repository/Home_OR/button_Preview URL' is clicked on

2018-07-24 14:22:01 - [TEST_STEP][PASSED] - switchToWindowIndex: Switched to window with index: '1'

2018-07-24 14:22:01 - [MESSAGE][PASSED] - Switched to window with index: '1'

2018-07-24 14:22:01 - [TEST_STEP][PASSED] - waitForElementVisible: Object 'Object Repository/Campaign_Subscribe/campaign_img' is visible

2018-07-24 14:22:02 - [MESSAGE][PASSED] - Object 'Object Repository/Campaign_Subscribe/campaign_img' is visible

2018-07-24 14:22:02 - [TEST_STEP][PASSED] - verifyElementVisible: Object 'Object Repository/Campaign_Subscribe/campaign_img' is visible

2018-07-24 14:22:02 - [MESSAGE][PASSED] - Object 'Object Repository/Campaign_Subscribe/campaign_img' is visible

2018-07-24 14:22:02 - [TEST_STEP][PASSED] - verifyElementVisible: Object 'Object Repository/Campaign_Subscribe/company_name' is visible

2018-07-24 14:22:02 - [MESSAGE][PASSED] - Object 'Object Repository/Campaign_Subscribe/company_name' is visible

2018-07-24 14:22:02 - [TEST_STEP][PASSED] - Statement - verifyCompanyName = com.kms.katalon.core.webui.keyword.WebUiBuiltInKeywords.getText(com.kms.katalon.core.testobject.ObjectRepository.findTestObject(Campaign_Subscribe/company_name)): Text of object 'Object Repository/Campaign_Subscribe/company_name' is: 'Starbucks Reserve LtdqkJc'

2018-07-24 14:22:02 - [MESSAGE][PASSED] - Text of object 'Object Repository/Campaign_Subscribe/company_name' is: 'Starbucks Reserve LtdqkJc'

2018-07-24 14:22:02 - [TEST_STEP][PASSED] - verifyMatch: Actual text 'Starbucks Reserve LtdqkJc' and expected text 'Starbucks Reserve LtdqkJc' are matched  using regular expression

2018-07-24 14:22:02 - [MESSAGE][PASSED] - Actual text 'Starbucks Reserve LtdqkJc' and expected text 'Starbucks Reserve LtdqkJc' are matched  using regular expression

2018-07-24 14:22:02 - [TEST_STEP][PASSED] - verifyElementVisible: Object 'Object Repository/Campaign_Subscribe/campaign_instruction' is visible

2018-07-24 14:22:02 - [MESSAGE][PASSED] - Object 'Object Repository/Campaign_Subscribe/campaign_instruction' is visible

2018-07-24 14:22:02 - [TEST_STEP][PASSED] - Statement - verifyCampaignInstruction = com.kms.katalon.core.webui.keyword.WebUiBuiltInKeywords.getText(com.kms.katalon.core.testobject.ObjectRepository.findTestObject(Campaign_Subscribe/campaign_instruction)): Text of object 'Object Repository/Campaign_Subscribe/campaign_instruction' is: 'Please subscribe with us and redeem a free coffee. Come join us now!qkJc'

2018-07-24 14:22:02 - [MESSAGE][PASSED] - Text of object 'Object Repository/Campaign_Subscribe/campaign_instruction' is: 'Please subscribe with us and redeem a free coffee. Come join us now!qkJc'

2018-07-24 14:22:02 - [TEST_STEP][PASSED] - verifyMatch: Actual text 'Please subscribe with us and redeem a free coffee. Come join us now!qkJc' and expected text 'Please subscribe with us and redeem a free coffee. Come join us now!qkJc' are matched  using regular expression

2018-07-24 14:22:02 - [MESSAGE][PASSED] - Actual text 'Please subscribe with us and redeem a free coffee. Come join us now!qkJc' and expected text 'Please subscribe with us and redeem a free coffee. Come join us now!qkJc' are matched  using regular expression

2018-07-24 14:22:02 - [TEST_STEP][PASSED] - Statement - If (verifyEmail == true): Object 'Object Repository/Campaign_Subscribe/input_email' is visible

2018-07-24 14:22:02 - [TEST_STEP][PASSED] - verifyElementVisible: Object 'Object Repository/Campaign_Subscribe/input_email' is visible

2018-07-24 14:22:03 - [MESSAGE][PASSED] - Object 'Object Repository/Campaign_Subscribe/input_email' is visible

2018-07-24 14:22:03 - [TEST_STEP][PASSED] - Statement - If (verifyMobileno == true): Object 'Object Repository/Campaign_Subscribe/input_mobileno' is visible

2018-07-24 14:22:03 - [TEST_STEP][PASSED] - verifyElementVisible: Object 'Object Repository/Campaign_Subscribe/country_code' is visible

2018-07-24 14:22:03 - [MESSAGE][PASSED] - Object 'Object Repository/Campaign_Subscribe/country_code' is visible

2018-07-24 14:22:03 - [TEST_STEP][PASSED] - verifyElementVisible: Object 'Object Repository/Campaign_Subscribe/input_mobileno' is visible

2018-07-24 14:22:03 - [MESSAGE][PASSED] - Object 'Object Repository/Campaign_Subscribe/input_mobileno' is visible

2018-07-24 14:22:03 - [TEST_STEP][PASSED] - Statement - If (verifyName == true): Object 'Object Repository/Campaign_Subscribe/input_name' is visible

2018-07-24 14:22:03 - [TEST_STEP][PASSED] - verifyElementVisible: Object 'Object Repository/Campaign_Subscribe/input_name' is visible

2018-07-24 14:22:03 - [MESSAGE][PASSED] - Object 'Object Repository/Campaign_Subscribe/input_name' is visible

2018-07-24 14:22:03 - [TEST_STEP][PASSED] - Statement - If (verifyGender == true): Object 'Object Repository/Campaign_Subscribe/radio_female' is visible

2018-07-24 14:22:03 - [TEST_STEP][PASSED] - verifyElementVisible: Object 'Object Repository/Campaign_Subscribe/radio_male' is visible

2018-07-24 14:22:03 - [MESSAGE][PASSED] - Object 'Object Repository/Campaign_Subscribe/radio_male' is visible

2018-07-24 14:22:03 - [TEST_STEP][PASSED] - verifyElementVisible: Object 'Object Repository/Campaign_Subscribe/radio_female' is visible

2018-07-24 14:22:03 - [MESSAGE][PASSED] - Object 'Object Repository/Campaign_Subscribe/radio_female' is visible

2018-07-24 14:22:03 - [TEST_STEP][PASSED] - Statement - If (verifyDOB == true): Object 'Object Repository/Campaign_Subscribe/input_dob' is visible

2018-07-24 14:22:03 - [TEST_STEP][PASSED] - verifyElementVisible: Object 'Object Repository/Campaign_Subscribe/input_dob' is visible

2018-07-24 14:22:03 - [MESSAGE][PASSED] - Object 'Object Repository/Campaign_Subscribe/input_dob' is visible

2018-07-24 14:22:03 - [TEST_STEP][PASSED] - closeWindowIndex: Window with index 1 is closed

2018-07-24 14:22:03 - [MESSAGE][PASSED] - Window with index 1 is closed

2018-07-24 14:22:03 - [TEST_STEP][PASSED] - switchToWindowIndex: Switched to window with index: '0'

2018-07-24 14:22:03 - [MESSAGE][PASSED] - Switched to window with index: '0'

2018-07-24 14:22:03 - [TEST_STEP][PASSED] - scrollToElement: Scroll to object 'Object Repository/Home_OR/button_Close' successfully

2018-07-24 14:22:03 - [MESSAGE][PASSED] - Scroll to object 'Object Repository/Home_OR/button_Close' successfully

2018-07-24 14:22:03 - [TEST_STEP][PASSED] - click: Object: 'Object Repository/Home_OR/button_Close' is clicked on

2018-07-24 14:22:03 - [MESSAGE][PASSED] - Object: 'Object Repository/Home_OR/button_Close' is clicked on

2018-07-24 14:22:03 - [TEST_STEP][PASSED] - Statement - accessModule = false: null

2018-07-24 14:22:03 - [MESSAGE][PASSED] - Call Test Case 'Test Cases/Merchant Portal/Campaign/Campagin Modules/verify campaign' successfully]]></system-out>
         <system-err><![CDATA[]]></system-err>
      </testcase>
      <system-out><![CDATA[2018-07-24 14:09:24 - [TEST_SUITE][PASSED] - TS001 Create Campaign with negative testing: Test Cases/Merchant Portal/Campaign/TC001 Campaign - verify all case]]></system-out>
      <system-err><![CDATA[]]></system-err>
   </testsuite>
</testsuites>
