<?xml version="1.0" encoding="UTF-8"?>
<testsuites name="TS002 Edit Campaign with negative testing" time="844" tests="29" failures="0" errors="0">
   <testsuite name="TS002 Edit Campaign with negative testing" tests="29" failures="0" errors="0" time="844" timestamp="2018-07-24 14:57:50" hostname="kl.chan - KaiLoon0917.mk.macrokiosk.com" id="Test Suites/TS_Create_Campaign/TS002 Edit Campaign with negative testing">
      <properties>
[...]
</properties>
      <testcase name="Test Cases/Merchant Portal/Login_Logout/Login Modules/login" classname="Test Cases/Merchant Portal/Login_Logout/Login Modules/login" status="PASSED">
         <system-out><![CDATA[2018-07-24 14:57:50 - [TEST_CASE][PASSED] - Test Cases/Merchant Portal/Login_Logout/Login Modules/login: Test Cases/Merchant Portal/Login_Logout/Login Modules/login

2018-07-24 14:57:50 - [TEST_STEP][PASSED] - Statement - If (openBrowser == false): null

2018-07-24 14:57:50 - [TEST_STEP][PASSED] - callTestCase: Call Test Case 'Test Cases/Merchant Portal/Login_Logout/Login Modules/access_merchant_login_URL' successfully

2018-07-24 14:57:51 - [TEST_CASE][PASSED] - Test Cases/Merchant Portal/Login_Logout/Login Modules/access_merchant_login_URL: Test Cases/Merchant Portal/Login_Logout/Login Modules/access_merchant_login_URL

2018-07-24 14:57:51 - [TEST_STEP][PASSED] - openBrowser: Browser is opened with url: ''

2018-07-24 14:57:54 - [MESSAGE][PASSED] - Browser is opened with url: ''

2018-07-24 14:57:54 - [TEST_STEP][PASSED] - maximizeWindow: Current window maximized

2018-07-24 14:57:55 - [MESSAGE][PASSED] - Current window maximized

2018-07-24 14:57:55 - [TEST_STEP][PASSED] - Statement - viewport_width = com.kms.katalon.core.webui.keyword.WebUiBuiltInKeywords.getViewportWidth(): Viewport width is 1366

2018-07-24 14:57:55 - [MESSAGE][PASSED] - Viewport width is 1366

2018-07-24 14:57:55 - [TEST_STEP][PASSED] - navigateToUrl: Navigate to 'http://sit.boldreward.com/merchant-login.html' successfully

2018-07-24 14:57:59 - [MESSAGE][PASSED] - Navigate to 'http://sit.boldreward.com/merchant-login.html' successfully

2018-07-24 14:57:59 - [TEST_STEP][PASSED] - Statement - openBrowser = true: null

2018-07-24 14:57:59 - [MESSAGE][PASSED] - Call Test Case 'Test Cases/Merchant Portal/Login_Logout/Login Modules/access_merchant_login_URL' successfully

2018-07-24 14:57:59 - [TEST_STEP][PASSED] - Statement - openBrowser = true: null

2018-07-24 14:57:59 - [TEST_STEP][PASSED] - setText: Text 'altest23' is set on object 'Object Repository/Login_OR/a.username_input'

2018-07-24 14:57:59 - [MESSAGE][PASSED] - Text 'altest23' is set on object 'Object Repository/Login_OR/a.username_input'

2018-07-24 14:57:59 - [TEST_STEP][PASSED] - setText: Text 'abcd1234' is set on object 'Object Repository/Login_OR/b.password_input'

2018-07-24 14:57:59 - [MESSAGE][PASSED] - Text 'abcd1234' is set on object 'Object Repository/Login_OR/b.password_input'

2018-07-24 14:57:59 - [TEST_STEP][PASSED] - click: Object: 'Object Repository/Login_OR/c.button_LOGIN' is clicked on

2018-07-24 14:57:59 - [MESSAGE][PASSED] - Object: 'Object Repository/Login_OR/c.button_LOGIN' is clicked on

2018-07-24 14:57:59 - [TEST_STEP][PASSED] - Statement - loggedin = true: null]]></system-out>
         <system-err><![CDATA[]]></system-err>
      </testcase>
      <testcase name="Test Cases/Merchant Portal/Campaign/TC001 Campaign - verify all case" classname="Test Cases/Merchant Portal/Campaign/TC001 Campaign - verify all case" status="PASSED">
         <system-out><![CDATA[2018-07-24 14:57:59 - [TEST_CASE][PASSED] - Test Cases/Merchant Portal/Campaign/TC001 Campaign - verify all case: Test Cases/Merchant Portal/Campaign/TC001 Campaign - verify all case

2018-07-24 14:58:00 - [TEST_STEP][PASSED] - Statement - randomWords = CustomKeywords.randomWords.GenerateNumber.randomString(4): randomWords.GenerateNumber.randomString is PASSED

2018-07-24 14:58:00 - [MESSAGE][PASSED] - randomWords.GenerateNumber.randomString is PASSED

2018-07-24 14:58:00 - [TEST_STEP][PASSED] - Statement - If (companyName.trim() != ""): null

2018-07-24 14:58:00 - [TEST_STEP][PASSED] - Statement - If (campaignInstruc.trim() != ""): null

2018-07-24 14:58:00 - [TEST_STEP][PASSED] - Statement - campaignInstruc = campaignInstruc + randomWords: null

2018-07-24 14:58:00 - [TEST_STEP][PASSED] - Statement - If (emailSender.trim() != ""): null

2018-07-24 14:58:00 - [TEST_STEP][PASSED] - Statement - email = emailSender: null

2018-07-24 14:58:00 - [TEST_STEP][PASSED] - Statement - splitEmail = email.split("@"): null

2018-07-24 14:58:00 - [TEST_STEP][PASSED] - Statement - numb = length: null

2018-07-24 14:58:00 - [TEST_STEP][PASSED] - Statement - If (numb > 1): null

2018-07-24 14:58:00 - [TEST_STEP][PASSED] - Statement - emailSender = splitEmail[0] + randomWords + "@" + splitEmail[1]: null

2018-07-24 14:58:00 - [TEST_STEP][PASSED] - Statement - If (emailSubject.trim() != ""): null

2018-07-24 14:58:00 - [TEST_STEP][PASSED] - Statement - emailSubject = emailSubject + randomWords: null

2018-07-24 14:58:00 - [TEST_STEP][PASSED] - Statement - If (emailContent.trim() != ""): null

2018-07-24 14:58:00 - [TEST_STEP][PASSED] - Statement - emailContent = emailContent + randomWords: null

2018-07-24 14:58:00 - [TEST_STEP][PASSED] - callTestCase: Call Test Case 'Test Cases/Merchant Portal/Campaign/Campagin Modules/create campaign' successfully

2018-07-24 14:58:00 - [TEST_CASE][PASSED] - Test Cases/Merchant Portal/Campaign/Campagin Modules/create campaign: Test Cases/Merchant Portal/Campaign/Campagin Modules/create campaign

2018-07-24 14:58:01 - [TEST_STEP][PASSED] - Statement - osName = "": null

2018-07-24 14:58:01 - [TEST_STEP][PASSED] - Statement - osName = CustomKeywords.os.DetectOS.getOperatingSystem(osName): os.DetectOS.getOperatingSystem is PASSED

2018-07-24 14:58:01 - [MESSAGE][PASSED] - os.DetectOS.getOperatingSystem is PASSED

2018-07-24 14:58:01 - [TEST_STEP][PASSED] - Statement - splitString = osName.split(): null

2018-07-24 14:58:01 - [TEST_STEP][PASSED] - Statement - os = splitString[0].toString(): null

2018-07-24 14:58:01 - [TEST_STEP][PASSED] - Statement - If (loggedin == false): null

2018-07-24 14:58:01 - [TEST_STEP][PASSED] - Statement - If (accessModule == false): Call Test Case 'Test Cases/Merchant Portal/Module Access/Campaign' successfully

2018-07-24 14:58:01 - [TEST_STEP][PASSED] - callTestCase: Call Test Case 'Test Cases/Merchant Portal/Module Access/Campaign' successfully

2018-07-24 14:58:01 - [TEST_CASE][PASSED] - Test Cases/Merchant Portal/Module Access/Campaign: Test Cases/Merchant Portal/Module Access/Campaign

2018-07-24 14:58:01 - [TEST_STEP][PASSED] - Statement - If (viewport_width <= 1007): null

2018-07-24 14:58:01 - [TEST_STEP][PASSED] - click: Object: 'Object Repository/Campaign_OR/campaign_link_sidebar' is clicked on

2018-07-24 14:58:06 - [MESSAGE][PASSED] - Object: 'Object Repository/Campaign_OR/campaign_link_sidebar' is clicked on

2018-07-24 14:58:06 - [TEST_STEP][PASSED] - Statement - If (viewport_width <= 1007): null

2018-07-24 14:58:06 - [TEST_STEP][PASSED] - Statement - accessModule = true: null

2018-07-24 14:58:06 - [MESSAGE][PASSED] - Call Test Case 'Test Cases/Merchant Portal/Module Access/Campaign' successfully

2018-07-24 14:58:06 - [TEST_STEP][PASSED] - delay: Delayed 5 second(s)

2018-07-24 14:58:11 - [MESSAGE][PASSED] - Delayed 5 second(s)

2018-07-24 14:58:11 - [TEST_STEP][PASSED] - setText: Text '' is set on object 'Object Repository/Campaign_OR/Fields/a.input_company_name'

2018-07-24 14:58:12 - [MESSAGE][PASSED] - Text '' is set on object 'Object Repository/Campaign_OR/Fields/a.input_company_name'

2018-07-24 14:58:12 - [TEST_STEP][PASSED] - setText: Text 'Please subscribe with us and redeem a free coffee. Come join us now!f1qX' is set on object 'Object Repository/Campaign_OR/Fields/b.textarea_campaign_instruction'

2018-07-24 14:58:12 - [MESSAGE][PASSED] - Text 'Please subscribe with us and redeem a free coffee. Come join us now!f1qX' is set on object 'Object Repository/Campaign_OR/Fields/b.textarea_campaign_instruction'

2018-07-24 14:58:12 - [TEST_STEP][PASSED] - Statement - verifyEmail = false: null

2018-07-24 14:58:12 - [TEST_STEP][PASSED] - Statement - If (radioEmail.toLowerCase() == "true"): null

2018-07-24 14:58:12 - [TEST_STEP][PASSED] - Statement - verifyEmail = true: null

2018-07-24 14:58:12 - [TEST_STEP][PASSED] - Statement - If (verifyEmail == true): Object 'Object Repository/Campaign_OR/input_email' is visible

2018-07-24 14:58:12 - [TEST_STEP][PASSED] - Statement - If (com.kms.katalon.core.webui.keyword.WebUiBuiltInKeywords.verifyElementNotChecked(com.kms.katalon.core.testobject.ObjectRepository.findTestObject(Campaign_OR/Fields/c.checkbox_email), 1, OPTIONAL)): Object 'Object Repository/Campaign_OR/Fields/c.checkbox_email' is checked

2018-07-24 14:58:13 - [MESSAGE][WARNING] - Object 'Object Repository/Campaign_OR/Fields/c.checkbox_email' is checked
[[ATTACHMENT|C:\\Users\\kl.chan\\Katalon Studio\\boldreward\\Reports\\TS_Create_Campaign\\TS002 Edit Campaign with negative testing\\20180724_145748\\1532415492732.png]]

2018-07-24 14:58:13 - [TEST_STEP][PASSED] - Statement - Else: Object 'Object Repository/Campaign_OR/input_email' is visible

2018-07-24 14:58:13 - [TEST_STEP][PASSED] - verifyElementVisible: Object 'Object Repository/Campaign_OR/input_email' is visible

2018-07-24 14:58:13 - [MESSAGE][PASSED] - Object 'Object Repository/Campaign_OR/input_email' is visible

2018-07-24 14:58:13 - [TEST_STEP][PASSED] - Statement - verifyMobileno = false: null

2018-07-24 14:58:13 - [TEST_STEP][PASSED] - Statement - If (radioMobileno.toLowerCase() == "true"): null

2018-07-24 14:58:13 - [TEST_STEP][PASSED] - Statement - If (verifyMobileno == true): null

2018-07-24 14:58:13 - [TEST_STEP][PASSED] - Statement - Else If (verifyMobileno == false): Object 'Object Repository/Campaign_OR/input_mobileno' is NOT visible

2018-07-24 14:58:13 - [TEST_STEP][PASSED] - Statement - If (com.kms.katalon.core.webui.keyword.WebUiBuiltInKeywords.verifyElementChecked(com.kms.katalon.core.testobject.ObjectRepository.findTestObject(Campaign_OR/Fields/d.checkbox_mobile_number), 1, OPTIONAL)): Object 'Object Repository/Campaign_OR/input_mobileno' is NOT visible

2018-07-24 14:58:13 - [MESSAGE][PASSED] - Object 'Object Repository/Campaign_OR/Fields/d.checkbox_mobile_number' is checked

2018-07-24 14:58:13 - [TEST_STEP][PASSED] - delay: Delayed 1 second(s)

2018-07-24 14:58:14 - [MESSAGE][PASSED] - Delayed 1 second(s)

2018-07-24 14:58:14 - [TEST_STEP][PASSED] - click: Object: 'Object Repository/Campaign_OR/Fields/d.checkbox_mobile_number' is clicked on

2018-07-24 14:58:14 - [MESSAGE][PASSED] - Object: 'Object Repository/Campaign_OR/Fields/d.checkbox_mobile_number' is clicked on

2018-07-24 14:58:14 - [TEST_STEP][PASSED] - verifyElementNotVisible: Object 'Object Repository/Campaign_OR/input_mobileno' is NOT visible

2018-07-24 14:58:14 - [MESSAGE][PASSED] - Object 'Object Repository/Campaign_OR/input_mobileno' is NOT visible

2018-07-24 14:58:14 - [TEST_STEP][PASSED] - Statement - verifyName = false: null

2018-07-24 14:58:14 - [TEST_STEP][PASSED] - Statement - If (radioName.toLowerCase() == "true"): null

2018-07-24 14:58:14 - [TEST_STEP][PASSED] - Statement - If (verifyName == true): null

2018-07-24 14:58:14 - [TEST_STEP][PASSED] - Statement - Else If (verifyName == false): Object 'Object Repository/Campaign_OR/input_name' is NOT visible

2018-07-24 14:58:14 - [TEST_STEP][PASSED] - Statement - If (com.kms.katalon.core.webui.keyword.WebUiBuiltInKeywords.verifyElementChecked(com.kms.katalon.core.testobject.ObjectRepository.findTestObject(Campaign_OR/Fields/e.checkbox_name), 1, OPTIONAL)): Object 'Object Repository/Campaign_OR/input_name' is NOT visible

2018-07-24 14:58:14 - [MESSAGE][PASSED] - Object 'Object Repository/Campaign_OR/Fields/e.checkbox_name' is checked

2018-07-24 14:58:14 - [TEST_STEP][PASSED] - delay: Delayed 1 second(s)

2018-07-24 14:58:15 - [MESSAGE][PASSED] - Delayed 1 second(s)

2018-07-24 14:58:15 - [TEST_STEP][PASSED] - click: Object: 'Object Repository/Campaign_OR/Fields/e.checkbox_name' is clicked on

2018-07-24 14:58:15 - [MESSAGE][PASSED] - Object: 'Object Repository/Campaign_OR/Fields/e.checkbox_name' is clicked on

2018-07-24 14:58:15 - [TEST_STEP][PASSED] - verifyElementNotVisible: Object 'Object Repository/Campaign_OR/input_name' is NOT visible

2018-07-24 14:58:15 - [MESSAGE][PASSED] - Object 'Object Repository/Campaign_OR/input_name' is NOT visible

2018-07-24 14:58:15 - [TEST_STEP][PASSED] - Statement - verifyGender = false: null

2018-07-24 14:58:15 - [TEST_STEP][PASSED] - Statement - If (radioGender.toLowerCase() == "true"): null

2018-07-24 14:58:15 - [TEST_STEP][PASSED] - Statement - If (verifyGender == true): null

2018-07-24 14:58:15 - [TEST_STEP][PASSED] - Statement - Else If (verifyGender == false): Object 'Object Repository/Campaign_OR/label_Female' is NOT visible

2018-07-24 14:58:15 - [TEST_STEP][PASSED] - Statement - If (com.kms.katalon.core.webui.keyword.WebUiBuiltInKeywords.verifyElementChecked(com.kms.katalon.core.testobject.ObjectRepository.findTestObject(Campaign_OR/Fields/f.checkbox_gender), 1, OPTIONAL)): Object 'Object Repository/Campaign_OR/label_Female' is NOT visible

2018-07-24 14:58:15 - [MESSAGE][PASSED] - Object 'Object Repository/Campaign_OR/Fields/f.checkbox_gender' is checked

2018-07-24 14:58:15 - [TEST_STEP][PASSED] - delay: Delayed 1 second(s)

2018-07-24 14:58:16 - [MESSAGE][PASSED] - Delayed 1 second(s)

2018-07-24 14:58:16 - [TEST_STEP][PASSED] - click: Object: 'Object Repository/Campaign_OR/Fields/f.checkbox_gender' is clicked on

2018-07-24 14:58:16 - [MESSAGE][PASSED] - Object: 'Object Repository/Campaign_OR/Fields/f.checkbox_gender' is clicked on

2018-07-24 14:58:16 - [TEST_STEP][PASSED] - verifyElementNotVisible: Object 'Object Repository/Campaign_OR/label_Male' is NOT visible

2018-07-24 14:58:16 - [MESSAGE][PASSED] - Object 'Object Repository/Campaign_OR/label_Male' is NOT visible

2018-07-24 14:58:16 - [TEST_STEP][PASSED] - verifyElementNotVisible: Object 'Object Repository/Campaign_OR/label_Female' is NOT visible

2018-07-24 14:58:16 - [MESSAGE][PASSED] - Object 'Object Repository/Campaign_OR/label_Female' is NOT visible

2018-07-24 14:58:16 - [TEST_STEP][PASSED] - Statement - verifyDOB = false: null

2018-07-24 14:58:16 - [TEST_STEP][PASSED] - Statement - If (radioDOB.toLowerCase() == "true"): null

2018-07-24 14:58:16 - [TEST_STEP][PASSED] - Statement - If (verifyDOB == true): null

2018-07-24 14:58:16 - [TEST_STEP][PASSED] - Statement - Else If (verifyDOB == false): Object 'Object Repository/Campaign_OR/input_datepicker' is NOT visible

2018-07-24 14:58:16 - [TEST_STEP][PASSED] - Statement - If (com.kms.katalon.core.webui.keyword.WebUiBuiltInKeywords.verifyElementChecked(com.kms.katalon.core.testobject.ObjectRepository.findTestObject(Campaign_OR/Fields/g.checkbox_dob), 1, OPTIONAL)): Object 'Object Repository/Campaign_OR/input_datepicker' is NOT visible

2018-07-24 14:58:16 - [MESSAGE][PASSED] - Object 'Object Repository/Campaign_OR/Fields/g.checkbox_dob' is checked

2018-07-24 14:58:16 - [TEST_STEP][PASSED] - delay: Delayed 1 second(s)

2018-07-24 14:58:17 - [MESSAGE][PASSED] - Delayed 1 second(s)

2018-07-24 14:58:17 - [TEST_STEP][PASSED] - click: Object: 'Object Repository/Campaign_OR/Fields/g.checkbox_dob' is clicked on

2018-07-24 14:58:17 - [MESSAGE][PASSED] - Object: 'Object Repository/Campaign_OR/Fields/g.checkbox_dob' is clicked on

2018-07-24 14:58:17 - [TEST_STEP][PASSED] - verifyElementNotVisible: Object 'Object Repository/Campaign_OR/input_datepicker' is NOT visible

2018-07-24 14:58:17 - [MESSAGE][PASSED] - Object 'Object Repository/Campaign_OR/input_datepicker' is NOT visible

2018-07-24 14:58:17 - [TEST_STEP][PASSED] - Statement - filepath = "": null

2018-07-24 14:58:17 - [TEST_STEP][PASSED] - Statement - If (os == "Windows"): null

2018-07-24 14:58:17 - [TEST_STEP][PASSED] - Statement - filepath = campaignImagePath: null

2018-07-24 14:58:17 - [TEST_STEP][PASSED] - Statement - verifyImgName = "": null

2018-07-24 14:58:17 - [TEST_STEP][PASSED] - Statement - uploadedImg = false: null

2018-07-24 14:58:17 - [TEST_STEP][PASSED] - Statement - If (filepath.trim() != "" && campaignImage.trim() != ""): null

2018-07-24 14:58:17 - [TEST_STEP][PASSED] - sendKeys: Keys 'C:\Users\kl.chan\Katalon Studio\boldreward\Images\Campaign Image\starbucks copy.jpg' sent to object: 'Object Repository/Campaign_OR/Fields/h.button_campaign_image_1'

2018-07-24 14:58:17 - [MESSAGE][PASSED] - Keys 'C:\Users\kl.chan\Katalon Studio\boldreward\Images\Campaign Image\starbucks copy.jpg' sent to object: 'Object Repository/Campaign_OR/Fields/h.button_campaign_image_1'

2018-07-24 14:58:17 - [TEST_STEP][PASSED] - delay: Delayed 1 second(s)

2018-07-24 14:58:18 - [MESSAGE][PASSED] - Delayed 1 second(s)

2018-07-24 14:58:18 - [TEST_STEP][PASSED] - Statement - If (com.kms.katalon.core.webui.keyword.WebUiBuiltInKeywords.waitForElementVisible(com.kms.katalon.core.testobject.ObjectRepository.findTestObject(Campaign_OR/uploadedCampaignImg), 30)): null

2018-07-24 14:58:18 - [MESSAGE][PASSED] - Object 'Object Repository/Campaign_OR/uploadedCampaignImg' is visible

2018-07-24 14:58:18 - [TEST_STEP][PASSED] - Statement - verifyImgName = com.kms.katalon.core.webui.keyword.WebUiBuiltInKeywords.getText(com.kms.katalon.core.testobject.ObjectRepository.findTestObject(Campaign_OR/uploadedCampaignImg)): Text of object 'Object Repository/Campaign_OR/uploadedCampaignImg' is: 'starbucks copy.jpg'

2018-07-24 14:58:19 - [MESSAGE][PASSED] - Text of object 'Object Repository/Campaign_OR/uploadedCampaignImg' is: 'starbucks copy.jpg'

2018-07-24 14:58:19 - [TEST_STEP][PASSED] - Statement - If (verifyImgName.equals(campaignImage) == true): null

2018-07-24 14:58:19 - [TEST_STEP][PASSED] - Statement - uploadedImg = true: null

2018-07-24 14:58:19 - [TEST_STEP][PASSED] - setText: Text 'http://www.starbucks.com.my/' is set on object 'Object Repository/Campaign_OR/Fields/i.k.input_tnc'

2018-07-24 14:58:19 - [MESSAGE][PASSED] - Text 'http://www.starbucks.com.my/' is set on object 'Object Repository/Campaign_OR/Fields/i.k.input_tnc'

2018-07-24 14:58:19 - [TEST_STEP][PASSED] - setText: Text 'kl.chanf1qX@macrokiosk.com' is set on object 'Object Repository/Campaign_OR/Fields/j.input_sender'

2018-07-24 14:58:19 - [MESSAGE][PASSED] - Text 'kl.chanf1qX@macrokiosk.com' is set on object 'Object Repository/Campaign_OR/Fields/j.input_sender'

2018-07-24 14:58:19 - [TEST_STEP][PASSED] - setText: Text 'Starbucks Reserve @ SITf1qX' is set on object 'Object Repository/Campaign_OR/Fields/k.input_subject'

2018-07-24 14:58:19 - [MESSAGE][PASSED] - Text 'Starbucks Reserve @ SITf1qX' is set on object 'Object Repository/Campaign_OR/Fields/k.input_subject'

2018-07-24 14:58:19 - [TEST_STEP][PASSED] - setText: Text 'Hello User, Welcome to our Starbucks Reserve @ SIT. Come subscribe with us and redeem more rewards.f1qX' is set on object 'Object Repository/Campaign_OR/Fields/l.textarea_content'

2018-07-24 14:58:20 - [MESSAGE][PASSED] - Text 'Hello User, Welcome to our Starbucks Reserve @ SIT. Come subscribe with us and redeem more rewards.f1qX' is set on object 'Object Repository/Campaign_OR/Fields/l.textarea_content'

2018-07-24 14:58:20 - [TEST_STEP][PASSED] - Statement - filepath = "": null

2018-07-24 14:58:20 - [TEST_STEP][PASSED] - Statement - If (os == "Windows"): null

2018-07-24 14:58:20 - [TEST_STEP][PASSED] - Statement - filepath = companyLogoPath: null

2018-07-24 14:58:20 - [TEST_STEP][PASSED] - Statement - verifyImgName = "": null

2018-07-24 14:58:20 - [TEST_STEP][PASSED] - Statement - uploadedImg = false: null

2018-07-24 14:58:20 - [TEST_STEP][PASSED] - Statement - reuploadCount = 0: null

2018-07-24 14:58:20 - [TEST_STEP][PASSED] - Statement - If (filepath.trim() != "" && companyLogo.trim() != ""): null

2018-07-24 14:58:20 - [TEST_STEP][PASSED] - sendKeys: Keys 'C:\Users\kl.chan\Katalon Studio\boldreward\Images\Company Logo\starbucks logo.jpg' sent to object: 'Object Repository/Campaign_OR/Fields/m.button_company_logo_1'

2018-07-24 14:58:20 - [MESSAGE][PASSED] - Keys 'C:\Users\kl.chan\Katalon Studio\boldreward\Images\Company Logo\starbucks logo.jpg' sent to object: 'Object Repository/Campaign_OR/Fields/m.button_company_logo_1'

2018-07-24 14:58:20 - [TEST_STEP][PASSED] - delay: Delayed 1 second(s)

2018-07-24 14:58:21 - [MESSAGE][PASSED] - Delayed 1 second(s)

2018-07-24 14:58:21 - [TEST_STEP][PASSED] - Statement - If (com.kms.katalon.core.webui.keyword.WebUiBuiltInKeywords.waitForElementVisible(com.kms.katalon.core.testobject.ObjectRepository.findTestObject(Campaign_OR/uploadedCompanyLogo), 30)): null

2018-07-24 14:58:21 - [MESSAGE][PASSED] - Object 'Object Repository/Campaign_OR/uploadedCompanyLogo' is visible

2018-07-24 14:58:21 - [TEST_STEP][PASSED] - Statement - verifyImgName = com.kms.katalon.core.webui.keyword.WebUiBuiltInKeywords.getText(com.kms.katalon.core.testobject.ObjectRepository.findTestObject(Campaign_OR/uploadedCompanyLogo)): Text of object 'Object Repository/Campaign_OR/uploadedCompanyLogo' is: 'starbucks logo.jpg'

2018-07-24 14:58:21 - [MESSAGE][PASSED] - Text of object 'Object Repository/Campaign_OR/uploadedCompanyLogo' is: 'starbucks logo.jpg'

2018-07-24 14:58:21 - [TEST_STEP][PASSED] - Statement - If (verifyImgName.equals(companyLogo) == true): null

2018-07-24 14:58:21 - [TEST_STEP][PASSED] - Statement - uploadedImg = true: null

2018-07-24 14:58:21 - [TEST_STEP][PASSED] - Statement - If (rewardCode == true): null

2018-07-24 14:58:21 - [TEST_STEP][PASSED] - Statement - Else If (rewardCode == false): Object: 'Object Repository/Campaign_OR/Fields/n.label_No' is clicked on

2018-07-24 14:58:21 - [TEST_STEP][PASSED] - click: Object: 'Object Repository/Campaign_OR/Fields/n.label_No' is clicked on

2018-07-24 14:58:21 - [MESSAGE][PASSED] - Object: 'Object Repository/Campaign_OR/Fields/n.label_No' is clicked on

2018-07-24 14:58:21 - [TEST_STEP][PASSED] - verifyElementChecked: Object 'Object Repository/Campaign_OR/Fields/radio_No' is checked

2018-07-24 14:58:21 - [MESSAGE][PASSED] - Object 'Object Repository/Campaign_OR/Fields/radio_No' is checked

2018-07-24 14:58:21 - [TEST_STEP][PASSED] - verifyElementChecked: Object 'Object Repository/Campaign_OR/Fields/radio_Yes' is not checked

2018-07-24 14:58:22 - [MESSAGE][WARNING] - Object 'Object Repository/Campaign_OR/Fields/radio_Yes' is not checked
[[ATTACHMENT|C:\\Users\\kl.chan\\Katalon Studio\\boldreward\\Reports\\TS_Create_Campaign\\TS002 Edit Campaign with negative testing\\20180724_145748\\1532415501858.png]]

2018-07-24 14:58:22 - [TEST_STEP][PASSED] - click: Object: 'Object Repository/Campaign_OR/button_Save' is clicked on

2018-07-24 14:58:22 - [MESSAGE][PASSED] - Object: 'Object Repository/Campaign_OR/button_Save' is clicked on

2018-07-24 14:58:22 - [TEST_STEP][PASSED] - delay: Delayed 2 second(s)

2018-07-24 14:58:24 - [MESSAGE][PASSED] - Delayed 2 second(s)

2018-07-24 14:58:24 - [MESSAGE][PASSED] - Call Test Case 'Test Cases/Merchant Portal/Campaign/Campagin Modules/create campaign' successfully

2018-07-24 14:58:24 - [TEST_STEP][PASSED] - Statement - updateFailed = false: null

2018-07-24 14:58:24 - [TEST_STEP][PASSED] - Statement - If (com.kms.katalon.core.webui.keyword.WebUiBuiltInKeywords.waitForElementVisible(com.kms.katalon.core.testobject.ObjectRepository.findTestObject(a.Not_Assigned_OR/alert_msg_top), 3)): null

2018-07-24 14:58:24 - [MESSAGE][PASSED] - Object 'Object Repository/a.Not_Assigned_OR/alert_msg_top' is visible

2018-07-24 14:58:24 - [TEST_STEP][PASSED] - Statement - verifyPopoutMsg = com.kms.katalon.core.webui.keyword.WebUiBuiltInKeywords.getText(com.kms.katalon.core.testobject.ObjectRepository.findTestObject(a.Not_Assigned_OR/alert_msg_top)): Text of object 'Object Repository/a.Not_Assigned_OR/alert_msg_top' is: 'Oops! Invalid inputs, please try again.'

2018-07-24 14:58:24 - [MESSAGE][PASSED] - Text of object 'Object Repository/a.Not_Assigned_OR/alert_msg_top' is: 'Oops! Invalid inputs, please try again.'

2018-07-24 14:58:24 - [TEST_STEP][PASSED] - Statement - If (verifyPopoutMsg.equals(msgServer) == true): null

2018-07-24 14:58:24 - [TEST_STEP][PASSED] - Statement - updateFailed = true: null

2018-07-24 14:58:24 - [TEST_STEP][PASSED] - Statement - updateSuccess = false: null

2018-07-24 14:58:24 - [TEST_STEP][PASSED] - Statement - If (com.kms.katalon.core.webui.keyword.WebUiBuiltInKeywords.waitForElementVisible(com.kms.katalon.core.testobject.ObjectRepository.findTestObject(Campaign_OR/Error Message/msg_edit_success), 3)): Web element with id: 'Object Repository/Campaign_OR/Error Message/msg_edit_success' located by 'By.xpath: id("errorMessage")/p[@class="error-block"]' not found

2018-07-24 14:58:27 - [MESSAGE][WARNING] - Web element with id: 'Object Repository/Campaign_OR/Error Message/msg_edit_success' located by 'By.xpath: id("errorMessage")/p[@class="error-block"]' not found

2018-07-24 14:58:27 - [TEST_STEP][PASSED] - Statement - createSuccess = false: null

2018-07-24 14:58:27 - [TEST_STEP][PASSED] - Statement - If (com.kms.katalon.core.webui.keyword.WebUiBuiltInKeywords.waitForElementVisible(com.kms.katalon.core.testobject.ObjectRepository.findTestObject(Home_OR/label_home), 3)): Web element with id: 'Object Repository/Home_OR/label_home' located by 'By.xpath: id("wrapper")/div[@class="content-page"]/div[@class="content"]/div[@class="ng-scope"]/div[@class="ng-scope"]/div[@class="page-heading"]/h1[1][count(. | //h1[(text() = ' Home' or . = ' Home')]) = count(//h1[(text() = ' Home' or . = ' Home')])]' not found

2018-07-24 14:58:30 - [MESSAGE][WARNING] - Web element with id: 'Object Repository/Home_OR/label_home' located by 'By.xpath: id("wrapper")/div[@class="content-page"]/div[@class="content"]/div[@class="ng-scope"]/div[@class="ng-scope"]/div[@class="page-heading"]/h1[1][count(. | //h1[(text() = ' Home' or . = ' Home')]) = count(//h1[(text() = ' Home' or . = ' Home')])]' not found

2018-07-24 14:58:30 - [TEST_STEP][PASSED] - Statement - If (updateSuccess == true): null

2018-07-24 14:58:30 - [TEST_STEP][PASSED] - Statement - Else If (updateFailed == true): null

2018-07-24 14:58:30 - [TEST_STEP][PASSED] - Statement - verifyError = false: null

2018-07-24 14:58:30 - [TEST_STEP][PASSED] - Statement - If (companyName.trim() == ""): null

2018-07-24 14:58:30 - [TEST_STEP][PASSED] - verifyElementVisible: Object 'Object Repository/Campaign_OR/Error Message/msg_company_name' is visible

2018-07-24 14:58:30 - [MESSAGE][PASSED] - Object 'Object Repository/Campaign_OR/Error Message/msg_company_name' is visible

2018-07-24 14:58:30 - [TEST_STEP][PASSED] - Statement - verifyEmptyCompanyName = com.kms.katalon.core.webui.keyword.WebUiBuiltInKeywords.getText(com.kms.katalon.core.testobject.ObjectRepository.findTestObject(Campaign_OR/Error Message/msg_company_name)): Text of object 'Object Repository/Campaign_OR/Error Message/msg_company_name' is: 'Please complete this field.'

2018-07-24 14:58:30 - [MESSAGE][PASSED] - Text of object 'Object Repository/Campaign_OR/Error Message/msg_company_name' is: 'Please complete this field.'

2018-07-24 14:58:30 - [TEST_STEP][PASSED] - verifyMatch: Actual text 'Please complete this field.' and expected text 'Please complete this field.' are matched  using regular expression

2018-07-24 14:58:30 - [MESSAGE][PASSED] - Actual text 'Please complete this field.' and expected text 'Please complete this field.' are matched  using regular expression

2018-07-24 14:58:30 - [TEST_STEP][PASSED] - Statement - verifyError = true: null

2018-07-24 14:58:30 - [TEST_STEP][PASSED] - Statement - If (campaignInstruc.trim() == ""): null

2018-07-24 14:58:30 - [TEST_STEP][PASSED] - Statement - If (radioEmail.toLowerCase() == "false"): null

2018-07-24 14:58:30 - [TEST_STEP][PASSED] - Statement - campaignImgName = com.kms.katalon.core.webui.keyword.WebUiBuiltInKeywords.getText(com.kms.katalon.core.testobject.ObjectRepository.findTestObject(Campaign_OR/uploadedCampaignImg)): Text of object 'Object Repository/Campaign_OR/uploadedCampaignImg' is: 'starbucks copy.jpg'

2018-07-24 14:58:30 - [MESSAGE][PASSED] - Text of object 'Object Repository/Campaign_OR/uploadedCampaignImg' is: 'starbucks copy.jpg'

2018-07-24 14:58:30 - [TEST_STEP][PASSED] - Statement - If (campaignImgName == ""): null

2018-07-24 14:58:30 - [TEST_STEP][PASSED] - Statement - If (emailSender.trim() == ""): null

2018-07-24 14:58:30 - [TEST_STEP][PASSED] - Statement - If (emailSubject.trim() == ""): null

2018-07-24 14:58:30 - [TEST_STEP][PASSED] - Statement - If (emailContent.trim() == ""): null

2018-07-24 14:58:30 - [TEST_STEP][PASSED] - Statement - companyLogoName = com.kms.katalon.core.webui.keyword.WebUiBuiltInKeywords.getText(com.kms.katalon.core.testobject.ObjectRepository.findTestObject(Campaign_OR/uploadedCompanyLogo)): Text of object 'Object Repository/Campaign_OR/uploadedCompanyLogo' is: 'starbucks logo.jpg'

2018-07-24 14:58:30 - [MESSAGE][PASSED] - Text of object 'Object Repository/Campaign_OR/uploadedCompanyLogo' is: 'starbucks logo.jpg'

2018-07-24 14:58:30 - [TEST_STEP][PASSED] - Statement - If (companyLogoName == ""): null

2018-07-24 14:58:30 - [TEST_STEP][PASSED] - Statement - If (com.kms.katalon.core.webui.keyword.WebUiBuiltInKeywords.waitForElementVisible(com.kms.katalon.core.testobject.ObjectRepository.findTestObject(Campaign_OR/Error Message/msg_cpgn_image2), 2)): Web element with id: 'Object Repository/Campaign_OR/Error Message/msg_cpgn_image2' located by 'By.xpath: id("campaignImage")/p[@class="error-block ng-binding"][count(. | //p[@class = 'error-block ng-binding' and @ng-hide = 'CC.errorImage == 200 || CC.errorImage == undefined']) = count(//p[@class = 'error-block ng-binding' and @ng-hide = 'CC.errorImage == 200 || CC.errorImage == undefined'])]' not found

2018-07-24 14:58:32 - [MESSAGE][WARNING] - Web element with id: 'Object Repository/Campaign_OR/Error Message/msg_cpgn_image2' located by 'By.xpath: id("campaignImage")/p[@class="error-block ng-binding"][count(. | //p[@class = 'error-block ng-binding' and @ng-hide = 'CC.errorImage == 200 || CC.errorImage == undefined']) = count(//p[@class = 'error-block ng-binding' and @ng-hide = 'CC.errorImage == 200 || CC.errorImage == undefined'])]' not found

2018-07-24 14:58:32 - [TEST_STEP][PASSED] - Statement - If (com.kms.katalon.core.webui.keyword.WebUiBuiltInKeywords.waitForElementVisible(com.kms.katalon.core.testobject.ObjectRepository.findTestObject(Campaign_OR/Error Message/msg_TCURL), 2)): Web element with id: 'Object Repository/Campaign_OR/Error Message/msg_TCURL' located by 'By.xpath: id("wrapper")/div[@class="content-page"]/div[@class="content"]/div[@class="ng-scope"]/div[@class="row ng-scope"]/div[@class="col-md-7"]/div[@class="widget"]/div[@class="widget-content padding"]/div[@class="form-horizontal"]/div[@class="form-group"]/div[@id="tncUrl"]/p[@class="error-block"][count(. | //p[(text() = 'Invalid format, please follow as http://wwww.example.com' or . = 'Invalid format, please follow as http://wwww.example.com')]) = count(//p[(text() = 'Invalid format, please follow as http://wwww.example.com' or . = 'Invalid format, please follow as http://wwww.example.com')])]' not found

2018-07-24 14:58:34 - [MESSAGE][WARNING] - Web element with id: 'Object Repository/Campaign_OR/Error Message/msg_TCURL' located by 'By.xpath: id("wrapper")/div[@class="content-page"]/div[@class="content"]/div[@class="ng-scope"]/div[@class="row ng-scope"]/div[@class="col-md-7"]/div[@class="widget"]/div[@class="widget-content padding"]/div[@class="form-horizontal"]/div[@class="form-group"]/div[@id="tncUrl"]/p[@class="error-block"][count(. | //p[(text() = 'Invalid format, please follow as http://wwww.example.com' or . = 'Invalid format, please follow as http://wwww.example.com')]) = count(//p[(text() = 'Invalid format, please follow as http://wwww.example.com' or . = 'Invalid format, please follow as http://wwww.example.com')])]' not found

2018-07-24 14:58:34 - [TEST_STEP][PASSED] - Statement - If (emailSender.trim() != ""): Web element with id: 'Object Repository/Campaign_OR/Error Message/msg_sender' located by 'By.xpath: id("emailSender")/p[@class="error-block"]' not found

2018-07-24 14:58:34 - [TEST_STEP][PASSED] - Statement - If (com.kms.katalon.core.webui.keyword.WebUiBuiltInKeywords.waitForElementVisible(com.kms.katalon.core.testobject.ObjectRepository.findTestObject(Campaign_OR/Error Message/msg_sender), 2)): Web element with id: 'Object Repository/Campaign_OR/Error Message/msg_sender' located by 'By.xpath: id("emailSender")/p[@class="error-block"]' not found

2018-07-24 14:58:36 - [MESSAGE][WARNING] - Web element with id: 'Object Repository/Campaign_OR/Error Message/msg_sender' located by 'By.xpath: id("emailSender")/p[@class="error-block"]' not found

2018-07-24 14:58:36 - [TEST_STEP][PASSED] - Statement - If (com.kms.katalon.core.webui.keyword.WebUiBuiltInKeywords.waitForElementVisible(com.kms.katalon.core.testobject.ObjectRepository.findTestObject(Campaign_OR/Error Message/msg_company_logo), 2)): Web element with id: 'Object Repository/Campaign_OR/Error Message/msg_company_logo' located by 'By.xpath: id("companyLogo")/p[@class="error-block ng-binding"][count(. | //p[@class = 'error-block ng-binding' and @ng-hide = 'CC.errorLogo == 200 || CC.errorLogo == undefined']) = count(//p[@class = 'error-block ng-binding' and @ng-hide = 'CC.errorLogo == 200 || CC.errorLogo == undefined'])]' not found

2018-07-24 14:58:38 - [MESSAGE][WARNING] - Web element with id: 'Object Repository/Campaign_OR/Error Message/msg_company_logo' located by 'By.xpath: id("companyLogo")/p[@class="error-block ng-binding"][count(. | //p[@class = 'error-block ng-binding' and @ng-hide = 'CC.errorLogo == 200 || CC.errorLogo == undefined']) = count(//p[@class = 'error-block ng-binding' and @ng-hide = 'CC.errorLogo == 200 || CC.errorLogo == undefined'])]' not found

2018-07-24 14:58:38 - [TEST_STEP][PASSED] - refresh: Refresh successfully

2018-07-24 14:58:39 - [MESSAGE][PASSED] - Refresh successfully

2018-07-24 14:58:39 - [TEST_STEP][PASSED] - Statement - If (verifyError == false): null]]></system-out>
         <system-err><![CDATA[]]></system-err>
      </testcase>
      <testcase name="Test Cases/Merchant Portal/Campaign/TC001 Campaign - verify all case" classname="Test Cases/Merchant Portal/Campaign/TC001 Campaign - verify all case" status="PASSED">
         <system-out><![CDATA[2018-07-24 14:58:39 - [TEST_CASE][PASSED] - Test Cases/Merchant Portal/Campaign/TC001 Campaign - verify all case: Test Cases/Merchant Portal/Campaign/TC001 Campaign - verify all case

2018-07-24 14:58:39 - [TEST_STEP][PASSED] - Statement - randomWords = CustomKeywords.randomWords.GenerateNumber.randomString(4): randomWords.GenerateNumber.randomString is PASSED

2018-07-24 14:58:39 - [MESSAGE][PASSED] - randomWords.GenerateNumber.randomString is PASSED

2018-07-24 14:58:39 - [TEST_STEP][PASSED] - Statement - If (companyName.trim() != ""): null

2018-07-24 14:58:39 - [TEST_STEP][PASSED] - Statement - If (campaignInstruc.trim() != ""): null

2018-07-24 14:58:39 - [TEST_STEP][PASSED] - Statement - campaignInstruc = campaignInstruc + randomWords: null

2018-07-24 14:58:39 - [TEST_STEP][PASSED] - Statement - If (emailSender.trim() != ""): null

2018-07-24 14:58:39 - [TEST_STEP][PASSED] - Statement - email = emailSender: null

2018-07-24 14:58:39 - [TEST_STEP][PASSED] - Statement - splitEmail = email.split("@"): null

2018-07-24 14:58:39 - [TEST_STEP][PASSED] - Statement - numb = length: null

2018-07-24 14:58:39 - [TEST_STEP][PASSED] - Statement - If (numb > 1): null

2018-07-24 14:58:39 - [TEST_STEP][PASSED] - Statement - emailSender = splitEmail[0] + randomWords + "@" + splitEmail[1]: null

2018-07-24 14:58:39 - [TEST_STEP][PASSED] - Statement - If (emailSubject.trim() != ""): null

2018-07-24 14:58:39 - [TEST_STEP][PASSED] - Statement - emailSubject = emailSubject + randomWords: null

2018-07-24 14:58:39 - [TEST_STEP][PASSED] - Statement - If (emailContent.trim() != ""): null

2018-07-24 14:58:39 - [TEST_STEP][PASSED] - Statement - emailContent = emailContent + randomWords: null

2018-07-24 14:58:39 - [TEST_STEP][PASSED] - callTestCase: Call Test Case 'Test Cases/Merchant Portal/Campaign/Campagin Modules/create campaign' successfully

2018-07-24 14:58:39 - [TEST_CASE][PASSED] - Test Cases/Merchant Portal/Campaign/Campagin Modules/create campaign: Test Cases/Merchant Portal/Campaign/Campagin Modules/create campaign

2018-07-24 14:58:39 - [TEST_STEP][PASSED] - Statement - osName = "": null

2018-07-24 14:58:39 - [TEST_STEP][PASSED] - Statement - osName = CustomKeywords.os.DetectOS.getOperatingSystem(osName): os.DetectOS.getOperatingSystem is PASSED

2018-07-24 14:58:39 - [MESSAGE][PASSED] - os.DetectOS.getOperatingSystem is PASSED

2018-07-24 14:58:39 - [TEST_STEP][PASSED] - Statement - splitString = osName.split(): null

2018-07-24 14:58:39 - [TEST_STEP][PASSED] - Statement - os = splitString[0].toString(): null

2018-07-24 14:58:39 - [TEST_STEP][PASSED] - Statement - If (loggedin == false): null

2018-07-24 14:58:39 - [TEST_STEP][PASSED] - Statement - If (accessModule == false): null

2018-07-24 14:58:39 - [TEST_STEP][PASSED] - delay: Delayed 5 second(s)

2018-07-24 14:58:44 - [MESSAGE][PASSED] - Delayed 5 second(s)

2018-07-24 14:58:44 - [TEST_STEP][PASSED] - setText: Text ' ' is set on object 'Object Repository/Campaign_OR/Fields/a.input_company_name'

2018-07-24 14:58:45 - [MESSAGE][PASSED] - Text ' ' is set on object 'Object Repository/Campaign_OR/Fields/a.input_company_name'

2018-07-24 14:58:45 - [TEST_STEP][PASSED] - setText: Text 'Please subscribe with us and redeem a free coffee. Come join us now!rvFi' is set on object 'Object Repository/Campaign_OR/Fields/b.textarea_campaign_instruction'

2018-07-24 14:58:45 - [MESSAGE][PASSED] - Text 'Please subscribe with us and redeem a free coffee. Come join us now!rvFi' is set on object 'Object Repository/Campaign_OR/Fields/b.textarea_campaign_instruction'

2018-07-24 14:58:45 - [TEST_STEP][PASSED] - Statement - verifyEmail = false: null

2018-07-24 14:58:45 - [TEST_STEP][PASSED] - Statement - If (radioEmail.toLowerCase() == "true"): null

2018-07-24 14:58:45 - [TEST_STEP][PASSED] - Statement - verifyEmail = true: null

2018-07-24 14:58:45 - [TEST_STEP][PASSED] - Statement - If (verifyEmail == true): Object 'Object Repository/Campaign_OR/input_email' is visible

2018-07-24 14:58:45 - [TEST_STEP][PASSED] - Statement - If (com.kms.katalon.core.webui.keyword.WebUiBuiltInKeywords.verifyElementNotChecked(com.kms.katalon.core.testobject.ObjectRepository.findTestObject(Campaign_OR/Fields/c.checkbox_email), 1, OPTIONAL)): Object 'Object Repository/Campaign_OR/Fields/c.checkbox_email' is checked

2018-07-24 14:58:45 - [MESSAGE][WARNING] - Object 'Object Repository/Campaign_OR/Fields/c.checkbox_email' is checked
[[ATTACHMENT|C:\\Users\\kl.chan\\Katalon Studio\\boldreward\\Reports\\TS_Create_Campaign\\TS002 Edit Campaign with negative testing\\20180724_145748\\1532415525532.png]]

2018-07-24 14:58:45 - [TEST_STEP][PASSED] - Statement - Else: Object 'Object Repository/Campaign_OR/input_email' is visible

2018-07-24 14:58:45 - [TEST_STEP][PASSED] - verifyElementVisible: Object 'Object Repository/Campaign_OR/input_email' is visible

2018-07-24 14:58:45 - [MESSAGE][PASSED] - Object 'Object Repository/Campaign_OR/input_email' is visible

2018-07-24 14:58:45 - [TEST_STEP][PASSED] - Statement - verifyMobileno = false: null

2018-07-24 14:58:45 - [TEST_STEP][PASSED] - Statement - If (radioMobileno.toLowerCase() == "true"): null

2018-07-24 14:58:45 - [TEST_STEP][PASSED] - Statement - If (verifyMobileno == true): null

2018-07-24 14:58:45 - [TEST_STEP][PASSED] - Statement - Else If (verifyMobileno == false): Object 'Object Repository/Campaign_OR/input_mobileno' is NOT visible

2018-07-24 14:58:45 - [TEST_STEP][PASSED] - Statement - If (com.kms.katalon.core.webui.keyword.WebUiBuiltInKeywords.verifyElementChecked(com.kms.katalon.core.testobject.ObjectRepository.findTestObject(Campaign_OR/Fields/d.checkbox_mobile_number), 1, OPTIONAL)): Object 'Object Repository/Campaign_OR/input_mobileno' is NOT visible

2018-07-24 14:58:45 - [MESSAGE][PASSED] - Object 'Object Repository/Campaign_OR/Fields/d.checkbox_mobile_number' is checked

2018-07-24 14:58:45 - [TEST_STEP][PASSED] - delay: Delayed 1 second(s)

2018-07-24 14:58:46 - [MESSAGE][PASSED] - Delayed 1 second(s)

2018-07-24 14:58:46 - [TEST_STEP][PASSED] - click: Object: 'Object Repository/Campaign_OR/Fields/d.checkbox_mobile_number' is clicked on

2018-07-24 14:58:46 - [MESSAGE][PASSED] - Object: 'Object Repository/Campaign_OR/Fields/d.checkbox_mobile_number' is clicked on

2018-07-24 14:58:46 - [TEST_STEP][PASSED] - verifyElementNotVisible: Object 'Object Repository/Campaign_OR/input_mobileno' is NOT visible

2018-07-24 14:58:47 - [MESSAGE][PASSED] - Object 'Object Repository/Campaign_OR/input_mobileno' is NOT visible

2018-07-24 14:58:47 - [TEST_STEP][PASSED] - Statement - verifyName = false: null

2018-07-24 14:58:47 - [TEST_STEP][PASSED] - Statement - If (radioName.toLowerCase() == "true"): null

2018-07-24 14:58:47 - [TEST_STEP][PASSED] - Statement - If (verifyName == true): null

2018-07-24 14:58:47 - [TEST_STEP][PASSED] - Statement - Else If (verifyName == false): Object 'Object Repository/Campaign_OR/input_name' is NOT visible

2018-07-24 14:58:47 - [TEST_STEP][PASSED] - Statement - If (com.kms.katalon.core.webui.keyword.WebUiBuiltInKeywords.verifyElementChecked(com.kms.katalon.core.testobject.ObjectRepository.findTestObject(Campaign_OR/Fields/e.checkbox_name), 1, OPTIONAL)): Object 'Object Repository/Campaign_OR/input_name' is NOT visible

2018-07-24 14:58:47 - [MESSAGE][PASSED] - Object 'Object Repository/Campaign_OR/Fields/e.checkbox_name' is checked

2018-07-24 14:58:47 - [TEST_STEP][PASSED] - delay: Delayed 1 second(s)

2018-07-24 14:58:48 - [MESSAGE][PASSED] - Delayed 1 second(s)

2018-07-24 14:58:48 - [TEST_STEP][PASSED] - click: Object: 'Object Repository/Campaign_OR/Fields/e.checkbox_name' is clicked on

2018-07-24 14:58:48 - [MESSAGE][PASSED] - Object: 'Object Repository/Campaign_OR/Fields/e.checkbox_name' is clicked on

2018-07-24 14:58:48 - [TEST_STEP][PASSED] - verifyElementNotVisible: Object 'Object Repository/Campaign_OR/input_name' is NOT visible

2018-07-24 14:58:48 - [MESSAGE][PASSED] - Object 'Object Repository/Campaign_OR/input_name' is NOT visible

2018-07-24 14:58:48 - [TEST_STEP][PASSED] - Statement - verifyGender = false: null

2018-07-24 14:58:48 - [TEST_STEP][PASSED] - Statement - If (radioGender.toLowerCase() == "true"): null

2018-07-24 14:58:48 - [TEST_STEP][PASSED] - Statement - If (verifyGender == true): null

2018-07-24 14:58:48 - [TEST_STEP][PASSED] - Statement - Else If (verifyGender == false): Object 'Object Repository/Campaign_OR/label_Female' is NOT visible

2018-07-24 14:58:48 - [TEST_STEP][PASSED] - Statement - If (com.kms.katalon.core.webui.keyword.WebUiBuiltInKeywords.verifyElementChecked(com.kms.katalon.core.testobject.ObjectRepository.findTestObject(Campaign_OR/Fields/f.checkbox_gender), 1, OPTIONAL)): Object 'Object Repository/Campaign_OR/label_Female' is NOT visible

2018-07-24 14:58:48 - [MESSAGE][PASSED] - Object 'Object Repository/Campaign_OR/Fields/f.checkbox_gender' is checked

2018-07-24 14:58:48 - [TEST_STEP][PASSED] - delay: Delayed 1 second(s)

2018-07-24 14:58:49 - [MESSAGE][PASSED] - Delayed 1 second(s)

2018-07-24 14:58:49 - [TEST_STEP][PASSED] - click: Object: 'Object Repository/Campaign_OR/Fields/f.checkbox_gender' is clicked on

2018-07-24 14:58:49 - [MESSAGE][PASSED] - Object: 'Object Repository/Campaign_OR/Fields/f.checkbox_gender' is clicked on

2018-07-24 14:58:49 - [TEST_STEP][PASSED] - verifyElementNotVisible: Object 'Object Repository/Campaign_OR/label_Male' is NOT visible

2018-07-24 14:58:49 - [MESSAGE][PASSED] - Object 'Object Repository/Campaign_OR/label_Male' is NOT visible

2018-07-24 14:58:49 - [TEST_STEP][PASSED] - verifyElementNotVisible: Object 'Object Repository/Campaign_OR/label_Female' is NOT visible

2018-07-24 14:58:49 - [MESSAGE][PASSED] - Object 'Object Repository/Campaign_OR/label_Female' is NOT visible

2018-07-24 14:58:49 - [TEST_STEP][PASSED] - Statement - verifyDOB = false: null

2018-07-24 14:58:49 - [TEST_STEP][PASSED] - Statement - If (radioDOB.toLowerCase() == "true"): null

2018-07-24 14:58:49 - [TEST_STEP][PASSED] - Statement - If (verifyDOB == true): null

2018-07-24 14:58:49 - [TEST_STEP][PASSED] - Statement - Else If (verifyDOB == false): Object 'Object Repository/Campaign_OR/input_datepicker' is NOT visible

2018-07-24 14:58:49 - [TEST_STEP][PASSED] - Statement - If (com.kms.katalon.core.webui.keyword.WebUiBuiltInKeywords.verifyElementChecked(com.kms.katalon.core.testobject.ObjectRepository.findTestObject(Campaign_OR/Fields/g.checkbox_dob), 1, OPTIONAL)): Object 'Object Repository/Campaign_OR/input_datepicker' is NOT visible

2018-07-24 14:58:49 - [MESSAGE][PASSED] - Object 'Object Repository/Campaign_OR/Fields/g.checkbox_dob' is checked

2018-07-24 14:58:49 - [TEST_STEP][PASSED] - delay: Delayed 1 second(s)

2018-07-24 14:58:50 - [MESSAGE][PASSED] - Delayed 1 second(s)

2018-07-24 14:58:50 - [TEST_STEP][PASSED] - click: Object: 'Object Repository/Campaign_OR/Fields/g.checkbox_dob' is clicked on

2018-07-24 14:58:50 - [MESSAGE][PASSED] - Object: 'Object Repository/Campaign_OR/Fields/g.checkbox_dob' is clicked on

2018-07-24 14:58:50 - [TEST_STEP][PASSED] - verifyElementNotVisible: Object 'Object Repository/Campaign_OR/input_datepicker' is NOT visible

2018-07-24 14:58:50 - [MESSAGE][PASSED] - Object 'Object Repository/Campaign_OR/input_datepicker' is NOT visible

2018-07-24 14:58:50 - [TEST_STEP][PASSED] - Statement - filepath = "": null

2018-07-24 14:58:50 - [TEST_STEP][PASSED] - Statement - If (os == "Windows"): null

2018-07-24 14:58:50 - [TEST_STEP][PASSED] - Statement - filepath = campaignImagePath: null

2018-07-24 14:58:50 - [TEST_STEP][PASSED] - Statement - verifyImgName = "": null

2018-07-24 14:58:50 - [TEST_STEP][PASSED] - Statement - uploadedImg = false: null

2018-07-24 14:58:50 - [TEST_STEP][PASSED] - Statement - If (filepath.trim() != "" && campaignImage.trim() != ""): null

2018-07-24 14:58:50 - [TEST_STEP][PASSED] - sendKeys: Keys 'C:\Users\kl.chan\Katalon Studio\boldreward\Images\Campaign Image\starbucks copy.jpg' sent to object: 'Object Repository/Campaign_OR/Fields/h.button_campaign_image_1'

2018-07-24 14:58:50 - [MESSAGE][PASSED] - Keys 'C:\Users\kl.chan\Katalon Studio\boldreward\Images\Campaign Image\starbucks copy.jpg' sent to object: 'Object Repository/Campaign_OR/Fields/h.button_campaign_image_1'

2018-07-24 14:58:50 - [TEST_STEP][PASSED] - delay: Delayed 1 second(s)

2018-07-24 14:58:51 - [MESSAGE][PASSED] - Delayed 1 second(s)

2018-07-24 14:58:51 - [TEST_STEP][PASSED] - Statement - If (com.kms.katalon.core.webui.keyword.WebUiBuiltInKeywords.waitForElementVisible(com.kms.katalon.core.testobject.ObjectRepository.findTestObject(Campaign_OR/uploadedCampaignImg), 30)): null

2018-07-24 14:58:51 - [MESSAGE][PASSED] - Object 'Object Repository/Campaign_OR/uploadedCampaignImg' is visible

2018-07-24 14:58:51 - [TEST_STEP][PASSED] - Statement - verifyImgName = com.kms.katalon.core.webui.keyword.WebUiBuiltInKeywords.getText(com.kms.katalon.core.testobject.ObjectRepository.findTestObject(Campaign_OR/uploadedCampaignImg)): Text of object 'Object Repository/Campaign_OR/uploadedCampaignImg' is: 'starbucks copy.jpg'

2018-07-24 14:58:51 - [MESSAGE][PASSED] - Text of object 'Object Repository/Campaign_OR/uploadedCampaignImg' is: 'starbucks copy.jpg'

2018-07-24 14:58:51 - [TEST_STEP][PASSED] - Statement - If (verifyImgName.equals(campaignImage) == true): null

2018-07-24 14:58:51 - [TEST_STEP][PASSED] - Statement - uploadedImg = true: null

2018-07-24 14:58:51 - [TEST_STEP][PASSED] - setText: Text 'http://www.starbucks.com.my/' is set on object 'Object Repository/Campaign_OR/Fields/i.k.input_tnc'

2018-07-24 14:58:51 - [MESSAGE][PASSED] - Text 'http://www.starbucks.com.my/' is set on object 'Object Repository/Campaign_OR/Fields/i.k.input_tnc'

2018-07-24 14:58:51 - [TEST_STEP][PASSED] - setText: Text 'kl.chanrvFi@macrokiosk.com' is set on object 'Object Repository/Campaign_OR/Fields/j.input_sender'

2018-07-24 14:58:52 - [MESSAGE][PASSED] - Text 'kl.chanrvFi@macrokiosk.com' is set on object 'Object Repository/Campaign_OR/Fields/j.input_sender'

2018-07-24 14:58:52 - [TEST_STEP][PASSED] - setText: Text 'Starbucks Reserve @ SITrvFi' is set on object 'Object Repository/Campaign_OR/Fields/k.input_subject'

2018-07-24 14:58:52 - [MESSAGE][PASSED] - Text 'Starbucks Reserve @ SITrvFi' is set on object 'Object Repository/Campaign_OR/Fields/k.input_subject'

2018-07-24 14:58:52 - [TEST_STEP][PASSED] - setText: Text 'Hello User, Welcome to our Starbucks Reserve @ SIT. Come subscribe with us and redeem more rewards.rvFi' is set on object 'Object Repository/Campaign_OR/Fields/l.textarea_content'

2018-07-24 14:58:52 - [MESSAGE][PASSED] - Text 'Hello User, Welcome to our Starbucks Reserve @ SIT. Come subscribe with us and redeem more rewards.rvFi' is set on object 'Object Repository/Campaign_OR/Fields/l.textarea_content'

2018-07-24 14:58:52 - [TEST_STEP][PASSED] - Statement - filepath = "": null

2018-07-24 14:58:52 - [TEST_STEP][PASSED] - Statement - If (os == "Windows"): null

2018-07-24 14:58:52 - [TEST_STEP][PASSED] - Statement - filepath = companyLogoPath: null

2018-07-24 14:58:52 - [TEST_STEP][PASSED] - Statement - verifyImgName = "": null

2018-07-24 14:58:52 - [TEST_STEP][PASSED] - Statement - uploadedImg = false: null

2018-07-24 14:58:52 - [TEST_STEP][PASSED] - Statement - reuploadCount = 0: null

2018-07-24 14:58:52 - [TEST_STEP][PASSED] - Statement - If (filepath.trim() != "" && companyLogo.trim() != ""): null

2018-07-24 14:58:52 - [TEST_STEP][PASSED] - sendKeys: Keys 'C:\Users\kl.chan\Katalon Studio\boldreward\Images\Company Logo\starbucks logo.jpg' sent to object: 'Object Repository/Campaign_OR/Fields/m.button_company_logo_1'

2018-07-24 14:58:52 - [MESSAGE][PASSED] - Keys 'C:\Users\kl.chan\Katalon Studio\boldreward\Images\Company Logo\starbucks logo.jpg' sent to object: 'Object Repository/Campaign_OR/Fields/m.button_company_logo_1'

2018-07-24 14:58:52 - [TEST_STEP][PASSED] - delay: Delayed 1 second(s)

2018-07-24 14:58:53 - [MESSAGE][PASSED] - Delayed 1 second(s)

2018-07-24 14:58:53 - [TEST_STEP][PASSED] - Statement - If (com.kms.katalon.core.webui.keyword.WebUiBuiltInKeywords.waitForElementVisible(com.kms.katalon.core.testobject.ObjectRepository.findTestObject(Campaign_OR/uploadedCompanyLogo), 30)): null

2018-07-24 14:58:53 - [MESSAGE][PASSED] - Object 'Object Repository/Campaign_OR/uploadedCompanyLogo' is visible

2018-07-24 14:58:53 - [TEST_STEP][PASSED] - Statement - verifyImgName = com.kms.katalon.core.webui.keyword.WebUiBuiltInKeywords.getText(com.kms.katalon.core.testobject.ObjectRepository.findTestObject(Campaign_OR/uploadedCompanyLogo)): Text of object 'Object Repository/Campaign_OR/uploadedCompanyLogo' is: 'starbucks logo.jpg'

2018-07-24 14:58:53 - [MESSAGE][PASSED] - Text of object 'Object Repository/Campaign_OR/uploadedCompanyLogo' is: 'starbucks logo.jpg'

2018-07-24 14:58:53 - [TEST_STEP][PASSED] - Statement - If (verifyImgName.equals(companyLogo) == true): null

2018-07-24 14:58:53 - [TEST_STEP][PASSED] - Statement - uploadedImg = true: null

2018-07-24 14:58:53 - [TEST_STEP][PASSED] - Statement - If (rewardCode == true): null

2018-07-24 14:58:53 - [TEST_STEP][PASSED] - Statement - Else If (rewardCode == false): Object: 'Object Repository/Campaign_OR/Fields/n.label_No' is clicked on

2018-07-24 14:58:53 - [TEST_STEP][PASSED] - click: Object: 'Object Repository/Campaign_OR/Fields/n.label_No' is clicked on

2018-07-24 14:58:54 - [MESSAGE][PASSED] - Object: 'Object Repository/Campaign_OR/Fields/n.label_No' is clicked on

2018-07-24 14:58:54 - [TEST_STEP][PASSED] - verifyElementChecked: Object 'Object Repository/Campaign_OR/Fields/radio_No' is checked

2018-07-24 14:58:54 - [MESSAGE][PASSED] - Object 'Object Repository/Campaign_OR/Fields/radio_No' is checked

2018-07-24 14:58:54 - [TEST_STEP][PASSED] - verifyElementChecked: Object 'Object Repository/Campaign_OR/Fields/radio_Yes' is not checked

2018-07-24 14:58:54 - [MESSAGE][WARNING] - Object 'Object Repository/Campaign_OR/Fields/radio_Yes' is not checked
[[ATTACHMENT|C:\\Users\\kl.chan\\Katalon Studio\\boldreward\\Reports\\TS_Create_Campaign\\TS002 Edit Campaign with negative testing\\20180724_145748\\1532415534074.png]]

2018-07-24 14:58:54 - [TEST_STEP][PASSED] - click: Object: 'Object Repository/Campaign_OR/button_Save' is clicked on

2018-07-24 14:58:54 - [MESSAGE][PASSED] - Object: 'Object Repository/Campaign_OR/button_Save' is clicked on

2018-07-24 14:58:54 - [TEST_STEP][PASSED] - delay: Delayed 2 second(s)

2018-07-24 14:58:56 - [MESSAGE][PASSED] - Delayed 2 second(s)

2018-07-24 14:58:56 - [MESSAGE][PASSED] - Call Test Case 'Test Cases/Merchant Portal/Campaign/Campagin Modules/create campaign' successfully

2018-07-24 14:58:56 - [TEST_STEP][PASSED] - Statement - updateFailed = false: null

2018-07-24 14:58:56 - [TEST_STEP][PASSED] - Statement - If (com.kms.katalon.core.webui.keyword.WebUiBuiltInKeywords.waitForElementVisible(com.kms.katalon.core.testobject.ObjectRepository.findTestObject(a.Not_Assigned_OR/alert_msg_top), 3)): null

2018-07-24 14:58:56 - [MESSAGE][PASSED] - Object 'Object Repository/a.Not_Assigned_OR/alert_msg_top' is visible

2018-07-24 14:58:56 - [TEST_STEP][PASSED] - Statement - verifyPopoutMsg = com.kms.katalon.core.webui.keyword.WebUiBuiltInKeywords.getText(com.kms.katalon.core.testobject.ObjectRepository.findTestObject(a.Not_Assigned_OR/alert_msg_top)): Text of object 'Object Repository/a.Not_Assigned_OR/alert_msg_top' is: 'Oops! Invalid inputs, please try again.'

2018-07-24 14:58:56 - [MESSAGE][PASSED] - Text of object 'Object Repository/a.Not_Assigned_OR/alert_msg_top' is: 'Oops! Invalid inputs, please try again.'

2018-07-24 14:58:56 - [TEST_STEP][PASSED] - Statement - If (verifyPopoutMsg.equals(msgServer) == true): null

2018-07-24 14:58:56 - [TEST_STEP][PASSED] - Statement - updateFailed = true: null

2018-07-24 14:58:56 - [TEST_STEP][PASSED] - Statement - updateSuccess = false: null

2018-07-24 14:58:56 - [TEST_STEP][PASSED] - Statement - If (com.kms.katalon.core.webui.keyword.WebUiBuiltInKeywords.waitForElementVisible(com.kms.katalon.core.testobject.ObjectRepository.findTestObject(Campaign_OR/Error Message/msg_edit_success), 3)): Web element with id: 'Object Repository/Campaign_OR/Error Message/msg_edit_success' located by 'By.xpath: id("errorMessage")/p[@class="error-block"]' not found

2018-07-24 14:58:59 - [MESSAGE][WARNING] - Web element with id: 'Object Repository/Campaign_OR/Error Message/msg_edit_success' located by 'By.xpath: id("errorMessage")/p[@class="error-block"]' not found

2018-07-24 14:58:59 - [TEST_STEP][PASSED] - Statement - createSuccess = false: null

2018-07-24 14:58:59 - [TEST_STEP][PASSED] - Statement - If (com.kms.katalon.core.webui.keyword.WebUiBuiltInKeywords.waitForElementVisible(com.kms.katalon.core.testobject.ObjectRepository.findTestObject(Home_OR/label_home), 3)): Web element with id: 'Object Repository/Home_OR/label_home' located by 'By.xpath: id("wrapper")/div[@class="content-page"]/div[@class="content"]/div[@class="ng-scope"]/div[@class="ng-scope"]/div[@class="page-heading"]/h1[1][count(. | //h1[(text() = ' Home' or . = ' Home')]) = count(//h1[(text() = ' Home' or . = ' Home')])]' not found

2018-07-24 14:59:02 - [MESSAGE][WARNING] - Web element with id: 'Object Repository/Home_OR/label_home' located by 'By.xpath: id("wrapper")/div[@class="content-page"]/div[@class="content"]/div[@class="ng-scope"]/div[@class="ng-scope"]/div[@class="page-heading"]/h1[1][count(. | //h1[(text() = ' Home' or . = ' Home')]) = count(//h1[(text() = ' Home' or . = ' Home')])]' not found

2018-07-24 14:59:02 - [TEST_STEP][PASSED] - Statement - If (updateSuccess == true): null

2018-07-24 14:59:02 - [TEST_STEP][PASSED] - Statement - Else If (updateFailed == true): null

2018-07-24 14:59:02 - [TEST_STEP][PASSED] - Statement - verifyError = false: null

2018-07-24 14:59:02 - [TEST_STEP][PASSED] - Statement - If (companyName.trim() == ""): null

2018-07-24 14:59:02 - [TEST_STEP][PASSED] - verifyElementVisible: Object 'Object Repository/Campaign_OR/Error Message/msg_company_name' is visible

2018-07-24 14:59:02 - [MESSAGE][PASSED] - Object 'Object Repository/Campaign_OR/Error Message/msg_company_name' is visible

2018-07-24 14:59:02 - [TEST_STEP][PASSED] - Statement - verifyEmptyCompanyName = com.kms.katalon.core.webui.keyword.WebUiBuiltInKeywords.getText(com.kms.katalon.core.testobject.ObjectRepository.findTestObject(Campaign_OR/Error Message/msg_company_name)): Text of object 'Object Repository/Campaign_OR/Error Message/msg_company_name' is: 'Please complete this field.'

2018-07-24 14:59:02 - [MESSAGE][PASSED] - Text of object 'Object Repository/Campaign_OR/Error Message/msg_company_name' is: 'Please complete this field.'

2018-07-24 14:59:02 - [TEST_STEP][PASSED] - verifyMatch: Actual text 'Please complete this field.' and expected text 'Please complete this field.' are matched  using regular expression

2018-07-24 14:59:02 - [MESSAGE][PASSED] - Actual text 'Please complete this field.' and expected text 'Please complete this field.' are matched  using regular expression

2018-07-24 14:59:02 - [TEST_STEP][PASSED] - Statement - verifyError = true: null

2018-07-24 14:59:02 - [TEST_STEP][PASSED] - Statement - If (campaignInstruc.trim() == ""): null

2018-07-24 14:59:02 - [TEST_STEP][PASSED] - Statement - If (radioEmail.toLowerCase() == "false"): null

2018-07-24 14:59:02 - [TEST_STEP][PASSED] - Statement - campaignImgName = com.kms.katalon.core.webui.keyword.WebUiBuiltInKeywords.getText(com.kms.katalon.core.testobject.ObjectRepository.findTestObject(Campaign_OR/uploadedCampaignImg)): Text of object 'Object Repository/Campaign_OR/uploadedCampaignImg' is: 'starbucks copy.jpg'

2018-07-24 14:59:02 - [MESSAGE][PASSED] - Text of object 'Object Repository/Campaign_OR/uploadedCampaignImg' is: 'starbucks copy.jpg'

2018-07-24 14:59:02 - [TEST_STEP][PASSED] - Statement - If (campaignImgName == ""): null

2018-07-24 14:59:02 - [TEST_STEP][PASSED] - Statement - If (emailSender.trim() == ""): null

2018-07-24 14:59:02 - [TEST_STEP][PASSED] - Statement - If (emailSubject.trim() == ""): null

2018-07-24 14:59:02 - [TEST_STEP][PASSED] - Statement - If (emailContent.trim() == ""): null

2018-07-24 14:59:02 - [TEST_STEP][PASSED] - Statement - companyLogoName = com.kms.katalon.core.webui.keyword.WebUiBuiltInKeywords.getText(com.kms.katalon.core.testobject.ObjectRepository.findTestObject(Campaign_OR/uploadedCompanyLogo)): Text of object 'Object Repository/Campaign_OR/uploadedCompanyLogo' is: 'starbucks logo.jpg'

2018-07-24 14:59:02 - [MESSAGE][PASSED] - Text of object 'Object Repository/Campaign_OR/uploadedCompanyLogo' is: 'starbucks logo.jpg'

2018-07-24 14:59:02 - [TEST_STEP][PASSED] - Statement - If (companyLogoName == ""): null

2018-07-24 14:59:02 - [TEST_STEP][PASSED] - Statement - If (com.kms.katalon.core.webui.keyword.WebUiBuiltInKeywords.waitForElementVisible(com.kms.katalon.core.testobject.ObjectRepository.findTestObject(Campaign_OR/Error Message/msg_cpgn_image2), 2)): Web element with id: 'Object Repository/Campaign_OR/Error Message/msg_cpgn_image2' located by 'By.xpath: id("campaignImage")/p[@class="error-block ng-binding"][count(. | //p[@class = 'error-block ng-binding' and @ng-hide = 'CC.errorImage == 200 || CC.errorImage == undefined']) = count(//p[@class = 'error-block ng-binding' and @ng-hide = 'CC.errorImage == 200 || CC.errorImage == undefined'])]' not found

2018-07-24 14:59:04 - [MESSAGE][WARNING] - Web element with id: 'Object Repository/Campaign_OR/Error Message/msg_cpgn_image2' located by 'By.xpath: id("campaignImage")/p[@class="error-block ng-binding"][count(. | //p[@class = 'error-block ng-binding' and @ng-hide = 'CC.errorImage == 200 || CC.errorImage == undefined']) = count(//p[@class = 'error-block ng-binding' and @ng-hide = 'CC.errorImage == 200 || CC.errorImage == undefined'])]' not found

2018-07-24 14:59:04 - [TEST_STEP][PASSED] - Statement - If (com.kms.katalon.core.webui.keyword.WebUiBuiltInKeywords.waitForElementVisible(com.kms.katalon.core.testobject.ObjectRepository.findTestObject(Campaign_OR/Error Message/msg_TCURL), 2)): Web element with id: 'Object Repository/Campaign_OR/Error Message/msg_TCURL' located by 'By.xpath: id("wrapper")/div[@class="content-page"]/div[@class="content"]/div[@class="ng-scope"]/div[@class="row ng-scope"]/div[@class="col-md-7"]/div[@class="widget"]/div[@class="widget-content padding"]/div[@class="form-horizontal"]/div[@class="form-group"]/div[@id="tncUrl"]/p[@class="error-block"][count(. | //p[(text() = 'Invalid format, please follow as http://wwww.example.com' or . = 'Invalid format, please follow as http://wwww.example.com')]) = count(//p[(text() = 'Invalid format, please follow as http://wwww.example.com' or . = 'Invalid format, please follow as http://wwww.example.com')])]' not found

2018-07-24 14:59:06 - [MESSAGE][WARNING] - Web element with id: 'Object Repository/Campaign_OR/Error Message/msg_TCURL' located by 'By.xpath: id("wrapper")/div[@class="content-page"]/div[@class="content"]/div[@class="ng-scope"]/div[@class="row ng-scope"]/div[@class="col-md-7"]/div[@class="widget"]/div[@class="widget-content padding"]/div[@class="form-horizontal"]/div[@class="form-group"]/div[@id="tncUrl"]/p[@class="error-block"][count(. | //p[(text() = 'Invalid format, please follow as http://wwww.example.com' or . = 'Invalid format, please follow as http://wwww.example.com')]) = count(//p[(text() = 'Invalid format, please follow as http://wwww.example.com' or . = 'Invalid format, please follow as http://wwww.example.com')])]' not found

2018-07-24 14:59:06 - [TEST_STEP][PASSED] - Statement - If (emailSender.trim() != ""): Web element with id: 'Object Repository/Campaign_OR/Error Message/msg_sender' located by 'By.xpath: id("emailSender")/p[@class="error-block"]' not found

2018-07-24 14:59:06 - [TEST_STEP][PASSED] - Statement - If (com.kms.katalon.core.webui.keyword.WebUiBuiltInKeywords.waitForElementVisible(com.kms.katalon.core.testobject.ObjectRepository.findTestObject(Campaign_OR/Error Message/msg_sender), 2)): Web element with id: 'Object Repository/Campaign_OR/Error Message/msg_sender' located by 'By.xpath: id("emailSender")/p[@class="error-block"]' not found

2018-07-24 14:59:08 - [MESSAGE][WARNING] - Web element with id: 'Object Repository/Campaign_OR/Error Message/msg_sender' located by 'By.xpath: id("emailSender")/p[@class="error-block"]' not found

2018-07-24 14:59:08 - [TEST_STEP][PASSED] - Statement - If (com.kms.katalon.core.webui.keyword.WebUiBuiltInKeywords.waitForElementVisible(com.kms.katalon.core.testobject.ObjectRepository.findTestObject(Campaign_OR/Error Message/msg_company_logo), 2)): Web element with id: 'Object Repository/Campaign_OR/Error Message/msg_company_logo' located by 'By.xpath: id("companyLogo")/p[@class="error-block ng-binding"][count(. | //p[@class = 'error-block ng-binding' and @ng-hide = 'CC.errorLogo == 200 || CC.errorLogo == undefined']) = count(//p[@class = 'error-block ng-binding' and @ng-hide = 'CC.errorLogo == 200 || CC.errorLogo == undefined'])]' not found

2018-07-24 14:59:10 - [MESSAGE][WARNING] - Web element with id: 'Object Repository/Campaign_OR/Error Message/msg_company_logo' located by 'By.xpath: id("companyLogo")/p[@class="error-block ng-binding"][count(. | //p[@class = 'error-block ng-binding' and @ng-hide = 'CC.errorLogo == 200 || CC.errorLogo == undefined']) = count(//p[@class = 'error-block ng-binding' and @ng-hide = 'CC.errorLogo == 200 || CC.errorLogo == undefined'])]' not found

2018-07-24 14:59:10 - [TEST_STEP][PASSED] - refresh: Refresh successfully

2018-07-24 14:59:11 - [MESSAGE][PASSED] - Refresh successfully

2018-07-24 14:59:11 - [TEST_STEP][PASSED] - Statement - If (verifyError == false): null]]></system-out>
         <system-err><![CDATA[]]></system-err>
      </testcase>
      <testcase name="Test Cases/Merchant Portal/Campaign/TC001 Campaign - verify all case" classname="Test Cases/Merchant Portal/Campaign/TC001 Campaign - verify all case" status="PASSED">
         <system-out><![CDATA[2018-07-24 14:59:11 - [TEST_CASE][PASSED] - Test Cases/Merchant Portal/Campaign/TC001 Campaign - verify all case: Test Cases/Merchant Portal/Campaign/TC001 Campaign - verify all case

2018-07-24 14:59:11 - [TEST_STEP][PASSED] - Statement - randomWords = CustomKeywords.randomWords.GenerateNumber.randomString(4): randomWords.GenerateNumber.randomString is PASSED

2018-07-24 14:59:11 - [MESSAGE][PASSED] - randomWords.GenerateNumber.randomString is PASSED

2018-07-24 14:59:11 - [TEST_STEP][PASSED] - Statement - If (companyName.trim() != ""): null

2018-07-24 14:59:11 - [TEST_STEP][PASSED] - Statement - companyName = companyName + randomWords: null

2018-07-24 14:59:11 - [TEST_STEP][PASSED] - Statement - If (campaignInstruc.trim() != ""): null

2018-07-24 14:59:11 - [TEST_STEP][PASSED] - Statement - If (emailSender.trim() != ""): null

2018-07-24 14:59:11 - [TEST_STEP][PASSED] - Statement - email = emailSender: null

2018-07-24 14:59:11 - [TEST_STEP][PASSED] - Statement - splitEmail = email.split("@"): null

2018-07-24 14:59:11 - [TEST_STEP][PASSED] - Statement - numb = length: null

2018-07-24 14:59:11 - [TEST_STEP][PASSED] - Statement - If (numb > 1): null

2018-07-24 14:59:11 - [TEST_STEP][PASSED] - Statement - emailSender = splitEmail[0] + randomWords + "@" + splitEmail[1]: null

2018-07-24 14:59:11 - [TEST_STEP][PASSED] - Statement - If (emailSubject.trim() != ""): null

2018-07-24 14:59:11 - [TEST_STEP][PASSED] - Statement - emailSubject = emailSubject + randomWords: null

2018-07-24 14:59:11 - [TEST_STEP][PASSED] - Statement - If (emailContent.trim() != ""): null

2018-07-24 14:59:11 - [TEST_STEP][PASSED] - Statement - emailContent = emailContent + randomWords: null

2018-07-24 14:59:11 - [TEST_STEP][PASSED] - callTestCase: Call Test Case 'Test Cases/Merchant Portal/Campaign/Campagin Modules/create campaign' successfully

2018-07-24 14:59:11 - [TEST_CASE][PASSED] - Test Cases/Merchant Portal/Campaign/Campagin Modules/create campaign: Test Cases/Merchant Portal/Campaign/Campagin Modules/create campaign

2018-07-24 14:59:11 - [TEST_STEP][PASSED] - Statement - osName = "": null

2018-07-24 14:59:11 - [TEST_STEP][PASSED] - Statement - osName = CustomKeywords.os.DetectOS.getOperatingSystem(osName): os.DetectOS.getOperatingSystem is PASSED

2018-07-24 14:59:11 - [MESSAGE][PASSED] - os.DetectOS.getOperatingSystem is PASSED

2018-07-24 14:59:11 - [TEST_STEP][PASSED] - Statement - splitString = osName.split(): null

2018-07-24 14:59:11 - [TEST_STEP][PASSED] - Statement - os = splitString[0].toString(): null

2018-07-24 14:59:11 - [TEST_STEP][PASSED] - Statement - If (loggedin == false): null

2018-07-24 14:59:11 - [TEST_STEP][PASSED] - Statement - If (accessModule == false): null

2018-07-24 14:59:11 - [TEST_STEP][PASSED] - delay: Delayed 5 second(s)

2018-07-24 14:59:16 - [MESSAGE][PASSED] - Delayed 5 second(s)

2018-07-24 14:59:16 - [TEST_STEP][PASSED] - setText: Text 'Starbucks Reserve Ltd5VYW' is set on object 'Object Repository/Campaign_OR/Fields/a.input_company_name'

2018-07-24 14:59:17 - [MESSAGE][PASSED] - Text 'Starbucks Reserve Ltd5VYW' is set on object 'Object Repository/Campaign_OR/Fields/a.input_company_name'

2018-07-24 14:59:17 - [TEST_STEP][PASSED] - setText: Text '' is set on object 'Object Repository/Campaign_OR/Fields/b.textarea_campaign_instruction'

2018-07-24 14:59:17 - [MESSAGE][PASSED] - Text '' is set on object 'Object Repository/Campaign_OR/Fields/b.textarea_campaign_instruction'

2018-07-24 14:59:17 - [TEST_STEP][PASSED] - Statement - verifyEmail = false: null

2018-07-24 14:59:17 - [TEST_STEP][PASSED] - Statement - If (radioEmail.toLowerCase() == "true"): null

2018-07-24 14:59:17 - [TEST_STEP][PASSED] - Statement - verifyEmail = true: null

2018-07-24 14:59:17 - [TEST_STEP][PASSED] - Statement - If (verifyEmail == true): Object 'Object Repository/Campaign_OR/input_email' is visible

2018-07-24 14:59:17 - [TEST_STEP][PASSED] - Statement - If (com.kms.katalon.core.webui.keyword.WebUiBuiltInKeywords.verifyElementNotChecked(com.kms.katalon.core.testobject.ObjectRepository.findTestObject(Campaign_OR/Fields/c.checkbox_email), 1, OPTIONAL)): Object 'Object Repository/Campaign_OR/Fields/c.checkbox_email' is checked

2018-07-24 14:59:17 - [MESSAGE][WARNING] - Object 'Object Repository/Campaign_OR/Fields/c.checkbox_email' is checked
[[ATTACHMENT|C:\\Users\\kl.chan\\Katalon Studio\\boldreward\\Reports\\TS_Create_Campaign\\TS002 Edit Campaign with negative testing\\20180724_145748\\1532415557411.png]]

2018-07-24 14:59:17 - [TEST_STEP][PASSED] - Statement - Else: Object 'Object Repository/Campaign_OR/input_email' is visible

2018-07-24 14:59:17 - [TEST_STEP][PASSED] - verifyElementVisible: Object 'Object Repository/Campaign_OR/input_email' is visible

2018-07-24 14:59:17 - [MESSAGE][PASSED] - Object 'Object Repository/Campaign_OR/input_email' is visible

2018-07-24 14:59:17 - [TEST_STEP][PASSED] - Statement - verifyMobileno = false: null

2018-07-24 14:59:17 - [TEST_STEP][PASSED] - Statement - If (radioMobileno.toLowerCase() == "true"): null

2018-07-24 14:59:17 - [TEST_STEP][PASSED] - Statement - If (verifyMobileno == true): null

2018-07-24 14:59:17 - [TEST_STEP][PASSED] - Statement - Else If (verifyMobileno == false): Object 'Object Repository/Campaign_OR/input_mobileno' is NOT visible

2018-07-24 14:59:17 - [TEST_STEP][PASSED] - Statement - If (com.kms.katalon.core.webui.keyword.WebUiBuiltInKeywords.verifyElementChecked(com.kms.katalon.core.testobject.ObjectRepository.findTestObject(Campaign_OR/Fields/d.checkbox_mobile_number), 1, OPTIONAL)): Object 'Object Repository/Campaign_OR/input_mobileno' is NOT visible

2018-07-24 14:59:17 - [MESSAGE][PASSED] - Object 'Object Repository/Campaign_OR/Fields/d.checkbox_mobile_number' is checked

2018-07-24 14:59:17 - [TEST_STEP][PASSED] - delay: Delayed 1 second(s)

2018-07-24 14:59:18 - [MESSAGE][PASSED] - Delayed 1 second(s)

2018-07-24 14:59:18 - [TEST_STEP][PASSED] - click: Object: 'Object Repository/Campaign_OR/Fields/d.checkbox_mobile_number' is clicked on

2018-07-24 14:59:18 - [MESSAGE][PASSED] - Object: 'Object Repository/Campaign_OR/Fields/d.checkbox_mobile_number' is clicked on

2018-07-24 14:59:18 - [TEST_STEP][PASSED] - verifyElementNotVisible: Object 'Object Repository/Campaign_OR/input_mobileno' is NOT visible

2018-07-24 14:59:18 - [MESSAGE][PASSED] - Object 'Object Repository/Campaign_OR/input_mobileno' is NOT visible

2018-07-24 14:59:18 - [TEST_STEP][PASSED] - Statement - verifyName = false: null

2018-07-24 14:59:18 - [TEST_STEP][PASSED] - Statement - If (radioName.toLowerCase() == "true"): null

2018-07-24 14:59:18 - [TEST_STEP][PASSED] - Statement - If (verifyName == true): null

2018-07-24 14:59:18 - [TEST_STEP][PASSED] - Statement - Else If (verifyName == false): Object 'Object Repository/Campaign_OR/input_name' is NOT visible

2018-07-24 14:59:18 - [TEST_STEP][PASSED] - Statement - If (com.kms.katalon.core.webui.keyword.WebUiBuiltInKeywords.verifyElementChecked(com.kms.katalon.core.testobject.ObjectRepository.findTestObject(Campaign_OR/Fields/e.checkbox_name), 1, OPTIONAL)): Object 'Object Repository/Campaign_OR/input_name' is NOT visible

2018-07-24 14:59:18 - [MESSAGE][PASSED] - Object 'Object Repository/Campaign_OR/Fields/e.checkbox_name' is checked

2018-07-24 14:59:18 - [TEST_STEP][PASSED] - delay: Delayed 1 second(s)

2018-07-24 14:59:19 - [MESSAGE][PASSED] - Delayed 1 second(s)

2018-07-24 14:59:19 - [TEST_STEP][PASSED] - click: Object: 'Object Repository/Campaign_OR/Fields/e.checkbox_name' is clicked on

2018-07-24 14:59:20 - [MESSAGE][PASSED] - Object: 'Object Repository/Campaign_OR/Fields/e.checkbox_name' is clicked on

2018-07-24 14:59:20 - [TEST_STEP][PASSED] - verifyElementNotVisible: Object 'Object Repository/Campaign_OR/input_name' is NOT visible

2018-07-24 14:59:20 - [MESSAGE][PASSED] - Object 'Object Repository/Campaign_OR/input_name' is NOT visible

2018-07-24 14:59:20 - [TEST_STEP][PASSED] - Statement - verifyGender = false: null

2018-07-24 14:59:20 - [TEST_STEP][PASSED] - Statement - If (radioGender.toLowerCase() == "true"): null

2018-07-24 14:59:20 - [TEST_STEP][PASSED] - Statement - If (verifyGender == true): null

2018-07-24 14:59:20 - [TEST_STEP][PASSED] - Statement - Else If (verifyGender == false): Object 'Object Repository/Campaign_OR/label_Female' is NOT visible

2018-07-24 14:59:20 - [TEST_STEP][PASSED] - Statement - If (com.kms.katalon.core.webui.keyword.WebUiBuiltInKeywords.verifyElementChecked(com.kms.katalon.core.testobject.ObjectRepository.findTestObject(Campaign_OR/Fields/f.checkbox_gender), 1, OPTIONAL)): Object 'Object Repository/Campaign_OR/label_Female' is NOT visible

2018-07-24 14:59:20 - [MESSAGE][PASSED] - Object 'Object Repository/Campaign_OR/Fields/f.checkbox_gender' is checked

2018-07-24 14:59:20 - [TEST_STEP][PASSED] - delay: Delayed 1 second(s)

2018-07-24 14:59:21 - [MESSAGE][PASSED] - Delayed 1 second(s)

2018-07-24 14:59:21 - [TEST_STEP][PASSED] - click: Object: 'Object Repository/Campaign_OR/Fields/f.checkbox_gender' is clicked on

2018-07-24 14:59:21 - [MESSAGE][PASSED] - Object: 'Object Repository/Campaign_OR/Fields/f.checkbox_gender' is clicked on

2018-07-24 14:59:21 - [TEST_STEP][PASSED] - verifyElementNotVisible: Object 'Object Repository/Campaign_OR/label_Male' is NOT visible

2018-07-24 14:59:21 - [MESSAGE][PASSED] - Object 'Object Repository/Campaign_OR/label_Male' is NOT visible

2018-07-24 14:59:21 - [TEST_STEP][PASSED] - verifyElementNotVisible: Object 'Object Repository/Campaign_OR/label_Female' is NOT visible

2018-07-24 14:59:21 - [MESSAGE][PASSED] - Object 'Object Repository/Campaign_OR/label_Female' is NOT visible

2018-07-24 14:59:21 - [TEST_STEP][PASSED] - Statement - verifyDOB = false: null

2018-07-24 14:59:21 - [TEST_STEP][PASSED] - Statement - If (radioDOB.toLowerCase() == "true"): null

2018-07-24 14:59:21 - [TEST_STEP][PASSED] - Statement - If (verifyDOB == true): null

2018-07-24 14:59:21 - [TEST_STEP][PASSED] - Statement - Else If (verifyDOB == false): Object 'Object Repository/Campaign_OR/input_datepicker' is NOT visible

2018-07-24 14:59:21 - [TEST_STEP][PASSED] - Statement - If (com.kms.katalon.core.webui.keyword.WebUiBuiltInKeywords.verifyElementChecked(com.kms.katalon.core.testobject.ObjectRepository.findTestObject(Campaign_OR/Fields/g.checkbox_dob), 1, OPTIONAL)): Object 'Object Repository/Campaign_OR/input_datepicker' is NOT visible

2018-07-24 14:59:21 - [MESSAGE][PASSED] - Object 'Object Repository/Campaign_OR/Fields/g.checkbox_dob' is checked

2018-07-24 14:59:21 - [TEST_STEP][PASSED] - delay: Delayed 1 second(s)

2018-07-24 14:59:22 - [MESSAGE][PASSED] - Delayed 1 second(s)

2018-07-24 14:59:22 - [TEST_STEP][PASSED] - click: Object: 'Object Repository/Campaign_OR/Fields/g.checkbox_dob' is clicked on

2018-07-24 14:59:22 - [MESSAGE][PASSED] - Object: 'Object Repository/Campaign_OR/Fields/g.checkbox_dob' is clicked on

2018-07-24 14:59:22 - [TEST_STEP][PASSED] - verifyElementNotVisible: Object 'Object Repository/Campaign_OR/input_datepicker' is NOT visible

2018-07-24 14:59:22 - [MESSAGE][PASSED] - Object 'Object Repository/Campaign_OR/input_datepicker' is NOT visible

2018-07-24 14:59:22 - [TEST_STEP][PASSED] - Statement - filepath = "": null

2018-07-24 14:59:22 - [TEST_STEP][PASSED] - Statement - If (os == "Windows"): null

2018-07-24 14:59:22 - [TEST_STEP][PASSED] - Statement - filepath = campaignImagePath: null

2018-07-24 14:59:22 - [TEST_STEP][PASSED] - Statement - verifyImgName = "": null

2018-07-24 14:59:22 - [TEST_STEP][PASSED] - Statement - uploadedImg = false: null

2018-07-24 14:59:22 - [TEST_STEP][PASSED] - Statement - If (filepath.trim() != "" && campaignImage.trim() != ""): null

2018-07-24 14:59:22 - [TEST_STEP][PASSED] - sendKeys: Keys 'C:\Users\kl.chan\Katalon Studio\boldreward\Images\Campaign Image\starbucks copy.jpg' sent to object: 'Object Repository/Campaign_OR/Fields/h.button_campaign_image_1'

2018-07-24 14:59:22 - [MESSAGE][PASSED] - Keys 'C:\Users\kl.chan\Katalon Studio\boldreward\Images\Campaign Image\starbucks copy.jpg' sent to object: 'Object Repository/Campaign_OR/Fields/h.button_campaign_image_1'

2018-07-24 14:59:22 - [TEST_STEP][PASSED] - delay: Delayed 1 second(s)

2018-07-24 14:59:23 - [MESSAGE][PASSED] - Delayed 1 second(s)

2018-07-24 14:59:23 - [TEST_STEP][PASSED] - Statement - If (com.kms.katalon.core.webui.keyword.WebUiBuiltInKeywords.waitForElementVisible(com.kms.katalon.core.testobject.ObjectRepository.findTestObject(Campaign_OR/uploadedCampaignImg), 30)): null

2018-07-24 14:59:23 - [MESSAGE][PASSED] - Object 'Object Repository/Campaign_OR/uploadedCampaignImg' is visible

2018-07-24 14:59:23 - [TEST_STEP][PASSED] - Statement - verifyImgName = com.kms.katalon.core.webui.keyword.WebUiBuiltInKeywords.getText(com.kms.katalon.core.testobject.ObjectRepository.findTestObject(Campaign_OR/uploadedCampaignImg)): Text of object 'Object Repository/Campaign_OR/uploadedCampaignImg' is: 'starbucks copy.jpg'

2018-07-24 14:59:23 - [MESSAGE][PASSED] - Text of object 'Object Repository/Campaign_OR/uploadedCampaignImg' is: 'starbucks copy.jpg'

2018-07-24 14:59:23 - [TEST_STEP][PASSED] - Statement - If (verifyImgName.equals(campaignImage) == true): null

2018-07-24 14:59:23 - [TEST_STEP][PASSED] - Statement - uploadedImg = true: null

2018-07-24 14:59:23 - [TEST_STEP][PASSED] - setText: Text 'http://www.starbucks.com.my/' is set on object 'Object Repository/Campaign_OR/Fields/i.k.input_tnc'

2018-07-24 14:59:23 - [MESSAGE][PASSED] - Text 'http://www.starbucks.com.my/' is set on object 'Object Repository/Campaign_OR/Fields/i.k.input_tnc'

2018-07-24 14:59:23 - [TEST_STEP][PASSED] - setText: Text 'kl.chan5VYW@macrokiosk.com' is set on object 'Object Repository/Campaign_OR/Fields/j.input_sender'

2018-07-24 14:59:24 - [MESSAGE][PASSED] - Text 'kl.chan5VYW@macrokiosk.com' is set on object 'Object Repository/Campaign_OR/Fields/j.input_sender'

2018-07-24 14:59:24 - [TEST_STEP][PASSED] - setText: Text 'Starbucks Reserve @ SIT5VYW' is set on object 'Object Repository/Campaign_OR/Fields/k.input_subject'

2018-07-24 14:59:24 - [MESSAGE][PASSED] - Text 'Starbucks Reserve @ SIT5VYW' is set on object 'Object Repository/Campaign_OR/Fields/k.input_subject'

2018-07-24 14:59:24 - [TEST_STEP][PASSED] - setText: Text 'Hello User, Welcome to our Starbucks Reserve @ SIT. Come subscribe with us and redeem more rewards.5VYW' is set on object 'Object Repository/Campaign_OR/Fields/l.textarea_content'

[...]

2018-07-24 15:11:48 - [MESSAGE][PASSED] - Object 'Object Repository/Home_OR/msg_campaign_banner' is NOT visible

2018-07-24 15:11:48 - [TEST_STEP][PASSED] - waitForElementVisible: Object 'Object Repository/Home_OR/preview_img' is visible

2018-07-24 15:11:49 - [MESSAGE][PASSED] - Object 'Object Repository/Home_OR/preview_img' is visible

2018-07-24 15:11:49 - [TEST_STEP][PASSED] - verifyElementVisible: Object 'Object Repository/Home_OR/preview_img' is visible

2018-07-24 15:11:49 - [MESSAGE][PASSED] - Object 'Object Repository/Home_OR/preview_img' is visible

2018-07-24 15:11:49 - [TEST_STEP][PASSED] - verifyElementVisible: Object 'Object Repository/Home_OR/preview_company_name' is visible

2018-07-24 15:11:49 - [MESSAGE][PASSED] - Object 'Object Repository/Home_OR/preview_company_name' is visible

2018-07-24 15:11:49 - [TEST_STEP][PASSED] - Statement - verifyPreviewCompanyName = com.kms.katalon.core.webui.keyword.WebUiBuiltInKeywords.getText(com.kms.katalon.core.testobject.ObjectRepository.findTestObject(Home_OR/preview_company_name)): Text of object 'Object Repository/Home_OR/preview_company_name' is: 'Starbucks Reserve Ltduksx'

2018-07-24 15:11:49 - [MESSAGE][PASSED] - Text of object 'Object Repository/Home_OR/preview_company_name' is: 'Starbucks Reserve Ltduksx'

2018-07-24 15:11:49 - [TEST_STEP][PASSED] - verifyMatch: Actual text 'Starbucks Reserve Ltduksx' and expected text 'Starbucks Reserve Ltduksx' are matched  using regular expression

2018-07-24 15:11:49 - [MESSAGE][PASSED] - Actual text 'Starbucks Reserve Ltduksx' and expected text 'Starbucks Reserve Ltduksx' are matched  using regular expression

2018-07-24 15:11:49 - [TEST_STEP][PASSED] - verifyElementVisible: Object 'Object Repository/Home_OR/preview_campaign_instruction' is visible

2018-07-24 15:11:50 - [MESSAGE][PASSED] - Object 'Object Repository/Home_OR/preview_campaign_instruction' is visible

2018-07-24 15:11:50 - [TEST_STEP][PASSED] - Statement - verifyPreviewCampaignInstruc = com.kms.katalon.core.webui.keyword.WebUiBuiltInKeywords.getText(com.kms.katalon.core.testobject.ObjectRepository.findTestObject(Home_OR/preview_campaign_instruction)): Text of object 'Object Repository/Home_OR/preview_campaign_instruction' is: 'Please subscribe with us and redeem a free coffee. Come join us now!uksx'

2018-07-24 15:11:50 - [MESSAGE][PASSED] - Text of object 'Object Repository/Home_OR/preview_campaign_instruction' is: 'Please subscribe with us and redeem a free coffee. Come join us now!uksx'

2018-07-24 15:11:50 - [TEST_STEP][PASSED] - verifyMatch: Actual text 'Please subscribe with us and redeem a free coffee. Come join us now!uksx' and expected text 'Please subscribe with us and redeem a free coffee. Come join us now!uksx' are matched 

2018-07-24 15:11:50 - [MESSAGE][PASSED] - Actual text 'Please subscribe with us and redeem a free coffee. Come join us now!uksx' and expected text 'Please subscribe with us and redeem a free coffee. Come join us now!uksx' are matched 

2018-07-24 15:11:50 - [TEST_STEP][PASSED] - Statement - verifyEmail = false: null

2018-07-24 15:11:50 - [TEST_STEP][PASSED] - Statement - If (radioEmail.toLowerCase() == "true"): null

2018-07-24 15:11:50 - [TEST_STEP][PASSED] - Statement - verifyEmail = true: null

2018-07-24 15:11:50 - [TEST_STEP][PASSED] - Statement - If (verifyEmail == true): Object 'Object Repository/Home_OR/preview_email' is visible

2018-07-24 15:11:50 - [TEST_STEP][PASSED] - verifyElementVisible: Object 'Object Repository/Home_OR/preview_label_email' is visible

2018-07-24 15:11:50 - [MESSAGE][PASSED] - Object 'Object Repository/Home_OR/preview_label_email' is visible

2018-07-24 15:11:50 - [TEST_STEP][PASSED] - verifyElementVisible: Object 'Object Repository/Home_OR/preview_email' is visible

2018-07-24 15:11:50 - [MESSAGE][PASSED] - Object 'Object Repository/Home_OR/preview_email' is visible

2018-07-24 15:11:50 - [TEST_STEP][PASSED] - Statement - verifyMobileno = false: null

2018-07-24 15:11:50 - [TEST_STEP][PASSED] - Statement - If (radioMobileno.toLowerCase() == "true"): null

2018-07-24 15:11:50 - [TEST_STEP][PASSED] - Statement - verifyMobileno = true: null

2018-07-24 15:11:50 - [TEST_STEP][PASSED] - Statement - If (verifyMobileno == true): Object 'Object Repository/Home_OR/preview_mobileno' is visible

2018-07-24 15:11:50 - [TEST_STEP][PASSED] - verifyElementVisible: Object 'Object Repository/Home_OR/preview_countrycode' is visible

2018-07-24 15:11:50 - [MESSAGE][PASSED] - Object 'Object Repository/Home_OR/preview_countrycode' is visible

2018-07-24 15:11:50 - [TEST_STEP][PASSED] - getText: Text of object 'Object Repository/Home_OR/preview_countrycode' is: '60'

2018-07-24 15:11:50 - [MESSAGE][PASSED] - Text of object 'Object Repository/Home_OR/preview_countrycode' is: '60'

2018-07-24 15:11:50 - [TEST_STEP][PASSED] - verifyElementVisible: Object 'Object Repository/Home_OR/preview_mobileno' is visible

2018-07-24 15:11:50 - [MESSAGE][PASSED] - Object 'Object Repository/Home_OR/preview_mobileno' is visible

2018-07-24 15:11:50 - [TEST_STEP][PASSED] - Statement - verifyName = false: null

2018-07-24 15:11:50 - [TEST_STEP][PASSED] - Statement - If (radioName.toLowerCase() == "true"): null

2018-07-24 15:11:50 - [TEST_STEP][PASSED] - Statement - verifyName = true: null

2018-07-24 15:11:50 - [TEST_STEP][PASSED] - Statement - If (verifyName == true): Object 'Object Repository/Home_OR/preview_name' is visible

2018-07-24 15:11:50 - [TEST_STEP][PASSED] - verifyElementVisible: Object 'Object Repository/Home_OR/preview_label_name' is visible

2018-07-24 15:11:50 - [MESSAGE][PASSED] - Object 'Object Repository/Home_OR/preview_label_name' is visible

2018-07-24 15:11:50 - [TEST_STEP][PASSED] - getText: Text of object 'Object Repository/Home_OR/preview_label_name' is: 'Name'

2018-07-24 15:11:50 - [MESSAGE][PASSED] - Text of object 'Object Repository/Home_OR/preview_label_name' is: 'Name'

2018-07-24 15:11:50 - [TEST_STEP][PASSED] - verifyElementVisible: Object 'Object Repository/Home_OR/preview_name' is visible

2018-07-24 15:11:50 - [MESSAGE][PASSED] - Object 'Object Repository/Home_OR/preview_name' is visible

2018-07-24 15:11:50 - [TEST_STEP][PASSED] - Statement - verifyGender = false: null

2018-07-24 15:11:50 - [TEST_STEP][PASSED] - Statement - If (radioGender.toLowerCase() == "true"): null

2018-07-24 15:11:50 - [TEST_STEP][PASSED] - Statement - verifyGender = true: null

2018-07-24 15:11:50 - [TEST_STEP][PASSED] - Statement - If (verifyGender == true): Text of object 'Object Repository/Home_OR/preview_gender_female' is: 'Female'

2018-07-24 15:11:50 - [TEST_STEP][PASSED] - verifyElementVisible: Object 'Object Repository/Home_OR/preview_gender_male' is visible

2018-07-24 15:11:50 - [MESSAGE][PASSED] - Object 'Object Repository/Home_OR/preview_gender_male' is visible

2018-07-24 15:11:50 - [TEST_STEP][PASSED] - getText: Text of object 'Object Repository/Home_OR/preview_gender_male' is: 'Male'

2018-07-24 15:11:50 - [MESSAGE][PASSED] - Text of object 'Object Repository/Home_OR/preview_gender_male' is: 'Male'

2018-07-24 15:11:50 - [TEST_STEP][PASSED] - verifyElementVisible: Object 'Object Repository/Home_OR/preview_gender_female' is visible

2018-07-24 15:11:50 - [MESSAGE][PASSED] - Object 'Object Repository/Home_OR/preview_gender_female' is visible

2018-07-24 15:11:50 - [TEST_STEP][PASSED] - getText: Text of object 'Object Repository/Home_OR/preview_gender_female' is: 'Female'

2018-07-24 15:11:50 - [MESSAGE][PASSED] - Text of object 'Object Repository/Home_OR/preview_gender_female' is: 'Female'

2018-07-24 15:11:50 - [TEST_STEP][PASSED] - Statement - verifyDOB = false: null

2018-07-24 15:11:50 - [TEST_STEP][PASSED] - Statement - If (radioDOB.toLowerCase() == "true"): null

2018-07-24 15:11:50 - [TEST_STEP][PASSED] - Statement - verifyDOB = true: null

2018-07-24 15:11:50 - [TEST_STEP][PASSED] - Statement - If (verifyDOB == true): Object 'Object Repository/Home_OR/preview_dob' is visible

2018-07-24 15:11:50 - [TEST_STEP][PASSED] - verifyElementVisible: Object 'Object Repository/Home_OR/preview_label_dob' is visible

2018-07-24 15:11:50 - [MESSAGE][PASSED] - Object 'Object Repository/Home_OR/preview_label_dob' is visible

2018-07-24 15:11:50 - [TEST_STEP][PASSED] - getText: Text of object 'Object Repository/Home_OR/preview_label_dob' is: 'DOB'

2018-07-24 15:11:50 - [MESSAGE][PASSED] - Text of object 'Object Repository/Home_OR/preview_label_dob' is: 'DOB'

2018-07-24 15:11:50 - [TEST_STEP][PASSED] - verifyElementVisible: Object 'Object Repository/Home_OR/preview_dob' is visible

2018-07-24 15:11:50 - [MESSAGE][PASSED] - Object 'Object Repository/Home_OR/preview_dob' is visible

2018-07-24 15:11:50 - [TEST_STEP][PASSED] - Statement - currentWindow = com.kms.katalon.core.webui.keyword.WebUiBuiltInKeywords.getWindowIndex(): Current window's index is: 0

2018-07-24 15:11:50 - [MESSAGE][PASSED] - Current window's index is: 0

2018-07-24 15:11:50 - [TEST_STEP][PASSED] - Statement - nextTabIndex = currentWindow + 1: null

2018-07-24 15:11:50 - [TEST_STEP][PASSED] - Statement - If (viewport_width <= 1007): null

2018-07-24 15:11:50 - [TEST_STEP][PASSED] - click: Object: 'Object Repository/Home_OR/button_URL' is clicked on

2018-07-24 15:11:50 - [MESSAGE][PASSED] - Object: 'Object Repository/Home_OR/button_URL' is clicked on

2018-07-24 15:11:50 - [TEST_STEP][PASSED] - waitForElementVisible: Object 'Object Repository/Home_OR/campaign_url' is visible

2018-07-24 15:11:51 - [MESSAGE][PASSED] - Object 'Object Repository/Home_OR/campaign_url' is visible

2018-07-24 15:11:51 - [TEST_STEP][PASSED] - waitForElementVisible: Object 'Object Repository/Home_OR/button_Preview URL' is visible

2018-07-24 15:11:51 - [MESSAGE][PASSED] - Object 'Object Repository/Home_OR/button_Preview URL' is visible

2018-07-24 15:11:51 - [TEST_STEP][PASSED] - click: Object: 'Object Repository/Home_OR/button_Preview URL' is clicked on

2018-07-24 15:11:51 - [MESSAGE][PASSED] - Object: 'Object Repository/Home_OR/button_Preview URL' is clicked on

2018-07-24 15:11:51 - [TEST_STEP][PASSED] - switchToWindowIndex: Switched to window with index: '1'

2018-07-24 15:11:51 - [MESSAGE][PASSED] - Switched to window with index: '1'

2018-07-24 15:11:51 - [TEST_STEP][PASSED] - waitForElementVisible: Object 'Object Repository/Campaign_Subscribe/campaign_img' is visible

2018-07-24 15:11:52 - [MESSAGE][PASSED] - Object 'Object Repository/Campaign_Subscribe/campaign_img' is visible

2018-07-24 15:11:52 - [TEST_STEP][PASSED] - verifyElementVisible: Object 'Object Repository/Campaign_Subscribe/campaign_img' is visible

2018-07-24 15:11:52 - [MESSAGE][PASSED] - Object 'Object Repository/Campaign_Subscribe/campaign_img' is visible

2018-07-24 15:11:52 - [TEST_STEP][PASSED] - verifyElementVisible: Object 'Object Repository/Campaign_Subscribe/company_name' is visible

2018-07-24 15:11:52 - [MESSAGE][PASSED] - Object 'Object Repository/Campaign_Subscribe/company_name' is visible

2018-07-24 15:11:52 - [TEST_STEP][PASSED] - Statement - verifyCompanyName = com.kms.katalon.core.webui.keyword.WebUiBuiltInKeywords.getText(com.kms.katalon.core.testobject.ObjectRepository.findTestObject(Campaign_Subscribe/company_name)): Text of object 'Object Repository/Campaign_Subscribe/company_name' is: 'Starbucks Reserve Ltduksx'

2018-07-24 15:11:53 - [MESSAGE][PASSED] - Text of object 'Object Repository/Campaign_Subscribe/company_name' is: 'Starbucks Reserve Ltduksx'

2018-07-24 15:11:53 - [TEST_STEP][PASSED] - verifyMatch: Actual text 'Starbucks Reserve Ltduksx' and expected text 'Starbucks Reserve Ltduksx' are matched  using regular expression

2018-07-24 15:11:53 - [MESSAGE][PASSED] - Actual text 'Starbucks Reserve Ltduksx' and expected text 'Starbucks Reserve Ltduksx' are matched  using regular expression

2018-07-24 15:11:53 - [TEST_STEP][PASSED] - verifyElementVisible: Object 'Object Repository/Campaign_Subscribe/campaign_instruction' is visible

2018-07-24 15:11:53 - [MESSAGE][PASSED] - Object 'Object Repository/Campaign_Subscribe/campaign_instruction' is visible

2018-07-24 15:11:53 - [TEST_STEP][PASSED] - Statement - verifyCampaignInstruction = com.kms.katalon.core.webui.keyword.WebUiBuiltInKeywords.getText(com.kms.katalon.core.testobject.ObjectRepository.findTestObject(Campaign_Subscribe/campaign_instruction)): Text of object 'Object Repository/Campaign_Subscribe/campaign_instruction' is: 'Please subscribe with us and redeem a free coffee. Come join us now!uksx'

2018-07-24 15:11:53 - [MESSAGE][PASSED] - Text of object 'Object Repository/Campaign_Subscribe/campaign_instruction' is: 'Please subscribe with us and redeem a free coffee. Come join us now!uksx'

2018-07-24 15:11:53 - [TEST_STEP][PASSED] - verifyMatch: Actual text 'Please subscribe with us and redeem a free coffee. Come join us now!uksx' and expected text 'Please subscribe with us and redeem a free coffee. Come join us now!uksx' are matched  using regular expression

2018-07-24 15:11:53 - [MESSAGE][PASSED] - Actual text 'Please subscribe with us and redeem a free coffee. Come join us now!uksx' and expected text 'Please subscribe with us and redeem a free coffee. Come join us now!uksx' are matched  using regular expression

2018-07-24 15:11:53 - [TEST_STEP][PASSED] - Statement - If (verifyEmail == true): Object 'Object Repository/Campaign_Subscribe/input_email' is visible

2018-07-24 15:11:53 - [TEST_STEP][PASSED] - verifyElementVisible: Object 'Object Repository/Campaign_Subscribe/input_email' is visible

2018-07-24 15:11:53 - [MESSAGE][PASSED] - Object 'Object Repository/Campaign_Subscribe/input_email' is visible

2018-07-24 15:11:53 - [TEST_STEP][PASSED] - Statement - If (verifyMobileno == true): Object 'Object Repository/Campaign_Subscribe/input_mobileno' is visible

2018-07-24 15:11:53 - [TEST_STEP][PASSED] - verifyElementVisible: Object 'Object Repository/Campaign_Subscribe/country_code' is visible

2018-07-24 15:11:53 - [MESSAGE][PASSED] - Object 'Object Repository/Campaign_Subscribe/country_code' is visible

2018-07-24 15:11:53 - [TEST_STEP][PASSED] - verifyElementVisible: Object 'Object Repository/Campaign_Subscribe/input_mobileno' is visible

2018-07-24 15:11:53 - [MESSAGE][PASSED] - Object 'Object Repository/Campaign_Subscribe/input_mobileno' is visible

2018-07-24 15:11:53 - [TEST_STEP][PASSED] - Statement - If (verifyName == true): Object 'Object Repository/Campaign_Subscribe/input_name' is visible

2018-07-24 15:11:53 - [TEST_STEP][PASSED] - verifyElementVisible: Object 'Object Repository/Campaign_Subscribe/input_name' is visible

2018-07-24 15:11:53 - [MESSAGE][PASSED] - Object 'Object Repository/Campaign_Subscribe/input_name' is visible

2018-07-24 15:11:53 - [TEST_STEP][PASSED] - Statement - If (verifyGender == true): Object 'Object Repository/Campaign_Subscribe/radio_female' is visible

2018-07-24 15:11:53 - [TEST_STEP][PASSED] - verifyElementVisible: Object 'Object Repository/Campaign_Subscribe/radio_male' is visible

2018-07-24 15:11:53 - [MESSAGE][PASSED] - Object 'Object Repository/Campaign_Subscribe/radio_male' is visible

2018-07-24 15:11:53 - [TEST_STEP][PASSED] - verifyElementVisible: Object 'Object Repository/Campaign_Subscribe/radio_female' is visible

2018-07-24 15:11:53 - [MESSAGE][PASSED] - Object 'Object Repository/Campaign_Subscribe/radio_female' is visible

2018-07-24 15:11:53 - [TEST_STEP][PASSED] - Statement - If (verifyDOB == true): Object 'Object Repository/Campaign_Subscribe/input_dob' is visible

2018-07-24 15:11:53 - [TEST_STEP][PASSED] - verifyElementVisible: Object 'Object Repository/Campaign_Subscribe/input_dob' is visible

2018-07-24 15:11:53 - [MESSAGE][PASSED] - Object 'Object Repository/Campaign_Subscribe/input_dob' is visible

2018-07-24 15:11:53 - [TEST_STEP][PASSED] - closeWindowIndex: Window with index 1 is closed

2018-07-24 15:11:53 - [MESSAGE][PASSED] - Window with index 1 is closed

2018-07-24 15:11:53 - [TEST_STEP][PASSED] - switchToWindowIndex: Switched to window with index: '0'

2018-07-24 15:11:53 - [MESSAGE][PASSED] - Switched to window with index: '0'

2018-07-24 15:11:53 - [TEST_STEP][PASSED] - scrollToElement: Scroll to object 'Object Repository/Home_OR/button_Close' successfully

2018-07-24 15:11:53 - [MESSAGE][PASSED] - Scroll to object 'Object Repository/Home_OR/button_Close' successfully

2018-07-24 15:11:53 - [TEST_STEP][PASSED] - click: Object: 'Object Repository/Home_OR/button_Close' is clicked on

2018-07-24 15:11:53 - [MESSAGE][PASSED] - Object: 'Object Repository/Home_OR/button_Close' is clicked on

2018-07-24 15:11:53 - [TEST_STEP][PASSED] - Statement - accessModule = false: null

2018-07-24 15:11:53 - [MESSAGE][PASSED] - Call Test Case 'Test Cases/Merchant Portal/Campaign/Campagin Modules/verify campaign' successfully]]></system-out>
         <system-err><![CDATA[]]></system-err>
      </testcase>
      <testcase name="Test Cases/Merchant Portal/Login_Logout/Login Modules/logout" classname="Test Cases/Merchant Portal/Login_Logout/Login Modules/logout" status="PASSED">
         <system-out><![CDATA[2018-07-24 15:11:53 - [TEST_CASE][PASSED] - Test Cases/Merchant Portal/Login_Logout/Login Modules/logout: Test Cases/Merchant Portal/Login_Logout/Login Modules/logout

2018-07-24 15:11:53 - [TEST_STEP][PASSED] - Statement - If (loggedin == false): null

2018-07-24 15:11:53 - [TEST_STEP][PASSED] - Statement - If (checkPointer == false): Object 'Object Repository/Login_OR/topbar_username' is visible

2018-07-24 15:11:53 - [TEST_STEP][PASSED] - waitForElementPresent: Object 'Object Repository/Login_OR/topbar_username' is present

2018-07-24 15:11:53 - [MESSAGE][PASSED] - Object 'Object Repository/Login_OR/topbar_username' is present

2018-07-24 15:11:53 - [TEST_STEP][PASSED] - waitForElementVisible: Object 'Object Repository/Login_OR/topbar_username' is visible

2018-07-24 15:11:53 - [MESSAGE][PASSED] - Object 'Object Repository/Login_OR/topbar_username' is visible

2018-07-24 15:11:53 - [TEST_STEP][PASSED] - Statement - If (loggedout == false): null

2018-07-24 15:11:53 - [TEST_STEP][PASSED] - waitForElementNotVisible: Object 'Object Repository/a.Not_Assigned_OR/alert_msg_top' is NOT visible

2018-07-24 15:11:53 - [MESSAGE][PASSED] - Object 'Object Repository/a.Not_Assigned_OR/alert_msg_top' is NOT visible

2018-07-24 15:11:53 - [TEST_STEP][PASSED] - click: Object: 'Object Repository/Logout_OR/a.username_link' is clicked on

2018-07-24 15:11:54 - [MESSAGE][PASSED] - Object: 'Object Repository/Logout_OR/a.username_link' is clicked on

2018-07-24 15:11:54 - [TEST_STEP][PASSED] - click: Object: 'Object Repository/Logout_OR/b.logout_selection' is clicked on

2018-07-24 15:11:54 - [MESSAGE][PASSED] - Object: 'Object Repository/Logout_OR/b.logout_selection' is clicked on

2018-07-24 15:11:54 - [TEST_STEP][PASSED] - waitForElementVisible: Object 'Object Repository/Logout_OR/c.yes_button' is visible

2018-07-24 15:11:54 - [MESSAGE][PASSED] - Object 'Object Repository/Logout_OR/c.yes_button' is visible

2018-07-24 15:11:54 - [TEST_STEP][PASSED] - click: Object: 'Object Repository/Logout_OR/c.yes_button' is clicked on

2018-07-24 15:11:54 - [MESSAGE][PASSED] - Object: 'Object Repository/Logout_OR/c.yes_button' is clicked on

2018-07-24 15:11:54 - [TEST_STEP][PASSED] - Statement - loggedout = true: null]]></system-out>
         <system-err><![CDATA[]]></system-err>
      </testcase>
      <system-out><![CDATA[2018-07-24 14:57:50 - [TEST_SUITE][PASSED] - TS002 Edit Campaign with negative testing: Test Cases/Merchant Portal/Login_Logout/Login Modules/logout]]></system-out>
      <system-err><![CDATA[]]></system-err>
   </testsuite>
</testsuites>
